#
# There is insufficient memory for the Java Runtime Environment to continue.
# Native memory allocation (malloc) failed to allocate 715536 bytes for Chunk::new
# Possible reasons:
#   The system is out of physical RAM or swap space
#   The process is running with CompressedOops enabled, and the Java Heap may be blocking the growth of the native heap
# Possible solutions:
#   Reduce memory load on the system
#   Increase physical memory or swap space
#   Check if swap backing store is full
#   Decrease Java heap size (-Xmx/-Xms)
#   Decrease number of Java threads
#   Decrease Java thread stack sizes (-Xss)
#   Set larger code cache with -XX:ReservedCodeCacheSize=
#   JVM is running with Zero Based Compressed Oops mode in which the Java heap is
#     placed in the first 32GB address space. The Java Heap base address is the
#     maximum limit for the native heap growth. Please use -XX:HeapBaseMinAddress
#     to set the Java Heap base and to place the Java Heap above 32GB virtual address.
# This output file may be truncated or incomplete.
#
#  Out of Memory Error (./src/hotspot/share/memory/arena.cpp:197), pid=10752, tid=10368
#
# JRE version: OpenJDK Runtime Environment (11.0.12+7) (build 11.0.12+7-b1504.28-7817840)
# Java VM: OpenJDK 64-Bit Server VM (11.0.12+7-b1504.28-7817840, mixed mode, tiered, compressed oops, g1 gc, windows-amd64)
# No core dump will be written. Minidumps are not enabled by default on client versions of Windows
#

---------------  S U M M A R Y ------------

Command Line: org.jetbrains.kotlin.cli.jvm.K2JVMCompiler @C:\Users\gmaxim\AndroidStudioProjects\MyApplication3\app\build\20220619_15863133484732866071.compiler.options

Host: Intel(R) Core(TM) i7-8850H CPU @ 2.60GHz, 12 cores, 15G,  Windows 10 , 64 bit Build 19041 (10.0.19041.1741)
Time: Sun Jun 19 17:13:19 2022 GTB Daylight Time elapsed time: 3.913370 seconds (0d 0h 0m 3s)

---------------  T H R E A D  ---------------

Current thread (0x0000019bdacb0800):  JavaThread "C2 CompilerThread0" daemon [_thread_in_native, id=10368, stack(0x0000003a1f800000,0x0000003a1f900000)]


Current CompileTask:
C2:   3913 4345       4       org.jetbrains.kotlin.load.java.structure.impl.classFiles.BinaryClassSignatureParser::parseTypeString (128 bytes)

Stack: [0x0000003a1f800000,0x0000003a1f900000]
Native frames: (J=compiled Java code, j=interpreted, Vv=VM code, C=native code)
V  [jvm.dll+0x5fbcea]
V  [jvm.dll+0x731905]
V  [jvm.dll+0x732f1d]
V  [jvm.dll+0x7335d3]
V  [jvm.dll+0x247bf8]
V  [jvm.dll+0xc018c]
V  [jvm.dll+0xc06cc]
V  [jvm.dll+0x35b31d]
V  [jvm.dll+0x328803]
V  [jvm.dll+0x327cfa]
V  [jvm.dll+0x200602]
V  [jvm.dll+0x1ff794]
V  [jvm.dll+0x18868c]
V  [jvm.dll+0x20e0d7]
V  [jvm.dll+0x20c901]
V  [jvm.dll+0x6f9b7f]
V  [jvm.dll+0x6f26a5]
V  [jvm.dll+0x5fabf6]
C  [ucrtbase.dll+0x21bb2]
C  [KERNEL32.DLL+0x17034]
C  [ntdll.dll+0x52651]


---------------  P R O C E S S  ---------------

Threads class SMR info:
_java_thread_list=0x0000019bdfb8e420, length=12, elements={
0x0000019bbaf80000, 0x0000019bda3ec000, 0x0000019bda3ed800, 0x0000019bda3fe000,
0x0000019bdacab000, 0x0000019bdacac000, 0x0000019bdacb0800, 0x0000019bdacb1800,
0x0000019bdacf7800, 0x0000019bdaeb9800, 0x0000019bdaeb2000, 0x0000019bdcd59800
}

Java Threads: ( => current thread )
  0x0000019bbaf80000 JavaThread "main" [_thread_in_Java, id=4660, stack(0x0000003a1ec00000,0x0000003a1ed00000)]
  0x0000019bda3ec000 JavaThread "Reference Handler" daemon [_thread_blocked, id=28264, stack(0x0000003a1f300000,0x0000003a1f400000)]
  0x0000019bda3ed800 JavaThread "Finalizer" daemon [_thread_blocked, id=24880, stack(0x0000003a1f400000,0x0000003a1f500000)]
  0x0000019bda3fe000 JavaThread "Signal Dispatcher" daemon [_thread_blocked, id=28492, stack(0x0000003a1f500000,0x0000003a1f600000)]
  0x0000019bdacab000 JavaThread "Attach Listener" daemon [_thread_blocked, id=19608, stack(0x0000003a1f600000,0x0000003a1f700000)]
  0x0000019bdacac000 JavaThread "Service Thread" daemon [_thread_blocked, id=6000, stack(0x0000003a1f700000,0x0000003a1f800000)]
=>0x0000019bdacb0800 JavaThread "C2 CompilerThread0" daemon [_thread_in_native, id=10368, stack(0x0000003a1f800000,0x0000003a1f900000)]
  0x0000019bdacb1800 JavaThread "C1 CompilerThread0" daemon [_thread_blocked, id=22520, stack(0x0000003a1f900000,0x0000003a1fa00000)]
  0x0000019bdacf7800 JavaThread "Sweeper thread" daemon [_thread_blocked, id=22052, stack(0x0000003a1fa00000,0x0000003a1fb00000)]
  0x0000019bdaeb9800 JavaThread "Common-Cleaner" daemon [_thread_blocked, id=20124, stack(0x0000003a1fc00000,0x0000003a1fd00000)]
  0x0000019bdaeb2000 JavaThread "C2 CompilerThread1" daemon [_thread_in_native, id=10736, stack(0x0000003a1fd00000,0x0000003a1fe00000)]
  0x0000019bdcd59800 JavaThread "C2 CompilerThread2" daemon [_thread_in_native, id=27748, stack(0x0000003a1fe00000,0x0000003a1ff00000)]

Other Threads:
  0x0000019bda3d7800 VMThread "VM Thread" [stack: 0x0000003a1f200000,0x0000003a1f300000] [id=12712]
  0x0000019bdae9f000 WatcherThread [stack: 0x0000003a1fb00000,0x0000003a1fc00000] [id=12184]
  0x0000019bbaf97800 GCTaskThread "GC Thread#0" [stack: 0x0000003a1ed00000,0x0000003a1ee00000] [id=14860]
  0x0000019bdb613800 GCTaskThread "GC Thread#1" [stack: 0x0000003a1ff00000,0x0000003a20000000] [id=17228]
  0x0000019bdb63a000 GCTaskThread "GC Thread#2" [stack: 0x0000003a20000000,0x0000003a20100000] [id=22340]
  0x0000019bdb63a800 GCTaskThread "GC Thread#3" [stack: 0x0000003a20100000,0x0000003a20200000] [id=28212]
  0x0000019bdb63b000 GCTaskThread "GC Thread#4" [stack: 0x0000003a20200000,0x0000003a20300000] [id=26676]
  0x0000019bdb633000 GCTaskThread "GC Thread#5" [stack: 0x0000003a20300000,0x0000003a20400000] [id=28720]
  0x0000019bddec7800 GCTaskThread "GC Thread#6" [stack: 0x0000003a20800000,0x0000003a20900000] [id=18080]
  0x0000019bbaff3800 ConcurrentGCThread "G1 Main Marker" [stack: 0x0000003a1ee00000,0x0000003a1ef00000] [id=29548]
  0x0000019bbaff5800 ConcurrentGCThread "G1 Conc#0" [stack: 0x0000003a1ef00000,0x0000003a1f000000] [id=11608]
  0x0000019bdc10f800 ConcurrentGCThread "G1 Conc#1" [stack: 0x0000003a20400000,0x0000003a20500000] [id=5192]
  0x0000019bdb8e5800 ConcurrentGCThread "G1 Conc#2" [stack: 0x0000003a20500000,0x0000003a20600000] [id=19572]
  0x0000019bda2bf800 ConcurrentGCThread "G1 Refine#0" [stack: 0x0000003a1f000000,0x0000003a1f100000] [id=12052]
  0x0000019bdc10e800 ConcurrentGCThread "G1 Refine#1" [stack: 0x0000003a20600000,0x0000003a20700000] [id=26780]
  0x0000019bdc124800 ConcurrentGCThread "G1 Refine#2" [stack: 0x0000003a20700000,0x0000003a20800000] [id=20248]
  0x0000019bda2c0000 ConcurrentGCThread "G1 Young RemSet Sampling" [stack: 0x0000003a1f100000,0x0000003a1f200000] [id=8476]

Threads with active compile tasks:
C2 CompilerThread0   3948 4345       4       org.jetbrains.kotlin.load.java.structure.impl.classFiles.BinaryClassSignatureParser::parseTypeString (128 bytes)
C2 CompilerThread1   3948 4389       4       org.jetbrains.kotlin.com.intellij.lang.impl.PsiBuilderImpl::insertLeaves (88 bytes)
C2 CompilerThread2   3948 4330       4       org.jetbrains.kotlin.cli.jvm.index.JvmDependenciesIndexImpl::travelPath (157 bytes)

VM state:not at safepoint (normal execution)

VM Mutex/Monitor currently owned by a thread: None

Heap address: 0x0000000702e00000, size: 4050 MB, Compressed Oops mode: Zero based, Oop shift amount: 3
Narrow klass base: 0x0000000800000000, Narrow klass shift: 0
Compressed class space size: 1073741824 Address: 0x0000000800000000

Heap:
 garbage-first heap   total 312320K, used 34654K [0x0000000702e00000, 0x0000000800000000)
  region size 1024K, 13 young (13312K), 10 survivors (10240K)
 Metaspace       used 54264K, capacity 54942K, committed 55248K, reserved 1099776K
  class space    used 6386K, capacity 6680K, committed 6784K, reserved 1048576K
Heap Regions: E=young(eden), S=young(survivor), O=old, HS=humongous(starts), HC=humongous(continues), CS=collection set, F=free, A=archive, TAMS=top-at-mark-start (previous, next)
|   0|0x0000000702e00000, 0x0000000702f00000, 0x0000000702f00000|100%|HS|  |TAMS 0x0000000702f00000, 0x0000000702e00000| Complete 
|   1|0x0000000702f00000, 0x0000000703000000, 0x0000000703000000|100%|HC|  |TAMS 0x0000000703000000, 0x0000000702f00000| Complete 
|   2|0x0000000703000000, 0x0000000703100000, 0x0000000703100000|100%|HC|  |TAMS 0x0000000703100000, 0x0000000703000000| Complete 
|   3|0x0000000703100000, 0x0000000703200000, 0x0000000703200000|100%|HS|  |TAMS 0x0000000703200000, 0x0000000703100000| Complete 
|   4|0x0000000703200000, 0x0000000703300000, 0x0000000703300000|100%|HC|  |TAMS 0x0000000703300000, 0x0000000703200000| Complete 
|   5|0x0000000703300000, 0x0000000703400000, 0x0000000703400000|100%|HC|  |TAMS 0x0000000703400000, 0x0000000703300000| Complete 
|   6|0x0000000703400000, 0x0000000703500000, 0x0000000703500000|100%| O|  |TAMS 0x0000000703400000, 0x0000000703400000| Untracked 
|   7|0x0000000703500000, 0x0000000703600000, 0x0000000703600000|100%| O|  |TAMS 0x0000000703500000, 0x0000000703500000| Untracked 
|   8|0x0000000703600000, 0x0000000703700000, 0x0000000703700000|100%| O|  |TAMS 0x0000000703700000, 0x0000000703600000| Untracked 
|   9|0x0000000703700000, 0x0000000703800000, 0x0000000703800000|100%| O|  |TAMS 0x0000000703800000, 0x0000000703700000| Untracked 
|  10|0x0000000703800000, 0x0000000703900000, 0x0000000703900000|100%| O|  |TAMS 0x0000000703900000, 0x0000000703800000| Untracked 
|  11|0x0000000703900000, 0x0000000703a00000, 0x0000000703a00000|100%| O|  |TAMS 0x0000000703a00000, 0x0000000703900000| Untracked 
|  12|0x0000000703a00000, 0x0000000703b00000, 0x0000000703b00000|100%| O|  |TAMS 0x0000000703b00000, 0x0000000703a00000| Untracked 
|  13|0x0000000703b00000, 0x0000000703c00000, 0x0000000703c00000|100%| O|  |TAMS 0x0000000703c00000, 0x0000000703b00000| Untracked 
|  14|0x0000000703c00000, 0x0000000703d00000, 0x0000000703d00000|100%| O|  |TAMS 0x0000000703d00000, 0x0000000703c00000| Untracked 
|  15|0x0000000703d00000, 0x0000000703e00000, 0x0000000703e00000|100%| O|  |TAMS 0x0000000703ddcc00, 0x0000000703d00000| Untracked 
|  16|0x0000000703e00000, 0x0000000703f00000, 0x0000000703f00000|100%| O|  |TAMS 0x0000000703e00000, 0x0000000703e00000| Untracked 
|  17|0x0000000703f00000, 0x0000000704000000, 0x0000000704000000|100%| O|  |TAMS 0x0000000703f00000, 0x0000000703f00000| Untracked 
|  18|0x0000000704000000, 0x0000000704100000, 0x0000000704100000|100%| O|  |TAMS 0x0000000704000000, 0x0000000704000000| Untracked 
|  19|0x0000000704100000, 0x0000000704200000, 0x0000000704200000|100%|HS|  |TAMS 0x0000000704100000, 0x0000000704100000| Complete 
|  20|0x0000000704200000, 0x0000000704300000, 0x0000000704300000|100%|HC|  |TAMS 0x0000000704200000, 0x0000000704200000| Complete 
|  21|0x0000000704300000, 0x00000007043d7a00, 0x0000000704400000| 84%| O|  |TAMS 0x0000000704300000, 0x0000000704300000| Untracked 
|  22|0x0000000704400000, 0x0000000704400000, 0x0000000704500000|  0%| F|  |TAMS 0x0000000704400000, 0x0000000704400000| Untracked 
|  23|0x0000000704500000, 0x0000000704500000, 0x0000000704600000|  0%| F|  |TAMS 0x0000000704500000, 0x0000000704500000| Untracked 
|  24|0x0000000704600000, 0x0000000704600000, 0x0000000704700000|  0%| F|  |TAMS 0x0000000704600000, 0x0000000704600000| Untracked 
|  25|0x0000000704700000, 0x0000000704700000, 0x0000000704800000|  0%| F|  |TAMS 0x0000000704700000, 0x0000000704700000| Untracked 
|  26|0x0000000704800000, 0x0000000704800000, 0x0000000704900000|  0%| F|  |TAMS 0x0000000704800000, 0x0000000704800000| Untracked 
|  27|0x0000000704900000, 0x0000000704900000, 0x0000000704a00000|  0%| F|  |TAMS 0x0000000704900000, 0x0000000704900000| Untracked 
|  28|0x0000000704a00000, 0x0000000704a00000, 0x0000000704b00000|  0%| F|  |TAMS 0x0000000704a00000, 0x0000000704a00000| Untracked 
|  29|0x0000000704b00000, 0x0000000704b00000, 0x0000000704c00000|  0%| F|  |TAMS 0x0000000704b00000, 0x0000000704b00000| Untracked 
|  30|0x0000000704c00000, 0x0000000704c00000, 0x0000000704d00000|  0%| F|  |TAMS 0x0000000704c00000, 0x0000000704c00000| Untracked 
|  31|0x0000000704d00000, 0x0000000704d00000, 0x0000000704e00000|  0%| F|  |TAMS 0x0000000704d00000, 0x0000000704d00000| Untracked 
|  32|0x0000000704e00000, 0x0000000704e00000, 0x0000000704f00000|  0%| F|  |TAMS 0x0000000704e00000, 0x0000000704e00000| Untracked 
|  33|0x0000000704f00000, 0x0000000704f00000, 0x0000000705000000|  0%| F|  |TAMS 0x0000000704f00000, 0x0000000704f00000| Untracked 
|  34|0x0000000705000000, 0x0000000705000000, 0x0000000705100000|  0%| F|  |TAMS 0x0000000705000000, 0x0000000705000000| Untracked 
|  35|0x0000000705100000, 0x0000000705100000, 0x0000000705200000|  0%| F|  |TAMS 0x0000000705100000, 0x0000000705100000| Untracked 
|  36|0x0000000705200000, 0x0000000705200000, 0x0000000705300000|  0%| F|  |TAMS 0x0000000705200000, 0x0000000705200000| Untracked 
|  37|0x0000000705300000, 0x0000000705300000, 0x0000000705400000|  0%| F|  |TAMS 0x0000000705300000, 0x0000000705300000| Untracked 
|  38|0x0000000705400000, 0x0000000705400000, 0x0000000705500000|  0%| F|  |TAMS 0x0000000705400000, 0x0000000705400000| Untracked 
|  39|0x0000000705500000, 0x0000000705500000, 0x0000000705600000|  0%| F|  |TAMS 0x0000000705500000, 0x0000000705500000| Untracked 
|  40|0x0000000705600000, 0x0000000705600000, 0x0000000705700000|  0%| F|  |TAMS 0x0000000705600000, 0x0000000705600000| Untracked 
|  41|0x0000000705700000, 0x0000000705700000, 0x0000000705800000|  0%| F|  |TAMS 0x0000000705700000, 0x0000000705700000| Untracked 
|  42|0x0000000705800000, 0x0000000705800000, 0x0000000705900000|  0%| F|  |TAMS 0x0000000705800000, 0x0000000705800000| Untracked 
|  43|0x0000000705900000, 0x0000000705900000, 0x0000000705a00000|  0%| F|  |TAMS 0x0000000705900000, 0x0000000705900000| Untracked 
|  44|0x0000000705a00000, 0x0000000705a00000, 0x0000000705b00000|  0%| F|  |TAMS 0x0000000705a00000, 0x0000000705a00000| Untracked 
|  45|0x0000000705b00000, 0x0000000705b00000, 0x0000000705c00000|  0%| F|  |TAMS 0x0000000705b00000, 0x0000000705b00000| Untracked 
|  46|0x0000000705c00000, 0x0000000705c00000, 0x0000000705d00000|  0%| F|  |TAMS 0x0000000705c00000, 0x0000000705c00000| Untracked 
|  47|0x0000000705d00000, 0x0000000705d00000, 0x0000000705e00000|  0%| F|  |TAMS 0x0000000705d00000, 0x0000000705d00000| Untracked 
|  48|0x0000000705e00000, 0x0000000705e00000, 0x0000000705f00000|  0%| F|  |TAMS 0x0000000705e00000, 0x0000000705e00000| Untracked 
|  49|0x0000000705f00000, 0x0000000705f00000, 0x0000000706000000|  0%| F|  |TAMS 0x0000000705f00000, 0x0000000705f00000| Untracked 
|  50|0x0000000706000000, 0x0000000706000000, 0x0000000706100000|  0%| F|  |TAMS 0x0000000706000000, 0x0000000706000000| Untracked 
|  51|0x0000000706100000, 0x0000000706100000, 0x0000000706200000|  0%| F|  |TAMS 0x0000000706100000, 0x0000000706100000| Untracked 
|  52|0x0000000706200000, 0x0000000706200000, 0x0000000706300000|  0%| F|  |TAMS 0x0000000706200000, 0x0000000706200000| Untracked 
|  53|0x0000000706300000, 0x0000000706300000, 0x0000000706400000|  0%| F|  |TAMS 0x0000000706300000, 0x0000000706300000| Untracked 
|  54|0x0000000706400000, 0x0000000706400000, 0x0000000706500000|  0%| F|  |TAMS 0x0000000706400000, 0x0000000706400000| Untracked 
|  55|0x0000000706500000, 0x0000000706500000, 0x0000000706600000|  0%| F|  |TAMS 0x0000000706500000, 0x0000000706500000| Untracked 
|  56|0x0000000706600000, 0x0000000706600000, 0x0000000706700000|  0%| F|  |TAMS 0x0000000706600000, 0x0000000706600000| Untracked 
|  57|0x0000000706700000, 0x0000000706700000, 0x0000000706800000|  0%| F|  |TAMS 0x0000000706700000, 0x0000000706700000| Untracked 
|  58|0x0000000706800000, 0x0000000706800000, 0x0000000706900000|  0%| F|  |TAMS 0x0000000706800000, 0x0000000706800000| Untracked 
|  59|0x0000000706900000, 0x0000000706900000, 0x0000000706a00000|  0%| F|  |TAMS 0x0000000706900000, 0x0000000706900000| Untracked 
|  60|0x0000000706a00000, 0x0000000706a00000, 0x0000000706b00000|  0%| F|  |TAMS 0x0000000706a00000, 0x0000000706a00000| Untracked 
|  61|0x0000000706b00000, 0x0000000706b00000, 0x0000000706c00000|  0%| F|  |TAMS 0x0000000706b00000, 0x0000000706b00000| Untracked 
|  62|0x0000000706c00000, 0x0000000706c00000, 0x0000000706d00000|  0%| F|  |TAMS 0x0000000706c00000, 0x0000000706c00000| Untracked 
|  63|0x0000000706d00000, 0x0000000706d00000, 0x0000000706e00000|  0%| F|  |TAMS 0x0000000706d00000, 0x0000000706d00000| Untracked 
|  64|0x0000000706e00000, 0x0000000706e00000, 0x0000000706f00000|  0%| F|  |TAMS 0x0000000706e00000, 0x0000000706e00000| Untracked 
|  65|0x0000000706f00000, 0x0000000706f00000, 0x0000000707000000|  0%| F|  |TAMS 0x0000000706f00000, 0x0000000706f00000| Untracked 
|  66|0x0000000707000000, 0x0000000707000000, 0x0000000707100000|  0%| F|  |TAMS 0x0000000707000000, 0x0000000707000000| Untracked 
|  67|0x0000000707100000, 0x0000000707100000, 0x0000000707200000|  0%| F|  |TAMS 0x0000000707100000, 0x0000000707100000| Untracked 
|  68|0x0000000707200000, 0x0000000707200000, 0x0000000707300000|  0%| F|  |TAMS 0x0000000707200000, 0x0000000707200000| Untracked 
|  69|0x0000000707300000, 0x0000000707300000, 0x0000000707400000|  0%| F|  |TAMS 0x0000000707300000, 0x0000000707300000| Untracked 
|  70|0x0000000707400000, 0x0000000707400000, 0x0000000707500000|  0%| F|  |TAMS 0x0000000707400000, 0x0000000707400000| Untracked 
|  71|0x0000000707500000, 0x0000000707500000, 0x0000000707600000|  0%| F|  |TAMS 0x0000000707500000, 0x0000000707500000| Untracked 
|  72|0x0000000707600000, 0x0000000707600000, 0x0000000707700000|  0%| F|  |TAMS 0x0000000707600000, 0x0000000707600000| Untracked 
|  73|0x0000000707700000, 0x0000000707700000, 0x0000000707800000|  0%| F|  |TAMS 0x0000000707700000, 0x0000000707700000| Untracked 
|  74|0x0000000707800000, 0x0000000707800000, 0x0000000707900000|  0%| F|  |TAMS 0x0000000707800000, 0x0000000707800000| Untracked 
|  75|0x0000000707900000, 0x0000000707900000, 0x0000000707a00000|  0%| F|  |TAMS 0x0000000707900000, 0x0000000707900000| Untracked 
|  76|0x0000000707a00000, 0x0000000707a00000, 0x0000000707b00000|  0%| F|  |TAMS 0x0000000707a00000, 0x0000000707a00000| Untracked 
|  77|0x0000000707b00000, 0x0000000707b00000, 0x0000000707c00000|  0%| F|  |TAMS 0x0000000707b00000, 0x0000000707b00000| Untracked 
|  78|0x0000000707c00000, 0x0000000707c00000, 0x0000000707d00000|  0%| F|  |TAMS 0x0000000707c00000, 0x0000000707c00000| Untracked 
|  79|0x0000000707d00000, 0x0000000707d00000, 0x0000000707e00000|  0%| F|  |TAMS 0x0000000707d00000, 0x0000000707d00000| Untracked 
|  80|0x0000000707e00000, 0x0000000707e00000, 0x0000000707f00000|  0%| F|  |TAMS 0x0000000707e00000, 0x0000000707e00000| Untracked 
|  81|0x0000000707f00000, 0x0000000707f00000, 0x0000000708000000|  0%| F|  |TAMS 0x0000000707f00000, 0x0000000707f00000| Untracked 
|  82|0x0000000708000000, 0x0000000708000000, 0x0000000708100000|  0%| F|  |TAMS 0x0000000708000000, 0x0000000708000000| Untracked 
|  83|0x0000000708100000, 0x0000000708100000, 0x0000000708200000|  0%| F|  |TAMS 0x0000000708100000, 0x0000000708100000| Untracked 
|  84|0x0000000708200000, 0x0000000708200000, 0x0000000708300000|  0%| F|  |TAMS 0x0000000708200000, 0x0000000708200000| Untracked 
|  85|0x0000000708300000, 0x0000000708300000, 0x0000000708400000|  0%| F|  |TAMS 0x0000000708300000, 0x0000000708300000| Untracked 
|  86|0x0000000708400000, 0x0000000708400000, 0x0000000708500000|  0%| F|  |TAMS 0x0000000708400000, 0x0000000708400000| Untracked 
|  87|0x0000000708500000, 0x0000000708500000, 0x0000000708600000|  0%| F|  |TAMS 0x0000000708500000, 0x0000000708500000| Untracked 
|  88|0x0000000708600000, 0x0000000708600000, 0x0000000708700000|  0%| F|  |TAMS 0x0000000708600000, 0x0000000708600000| Untracked 
|  89|0x0000000708700000, 0x0000000708700000, 0x0000000708800000|  0%| F|  |TAMS 0x0000000708700000, 0x0000000708700000| Untracked 
|  90|0x0000000708800000, 0x0000000708800000, 0x0000000708900000|  0%| F|  |TAMS 0x0000000708800000, 0x0000000708800000| Untracked 
|  91|0x0000000708900000, 0x0000000708900000, 0x0000000708a00000|  0%| F|  |TAMS 0x0000000708900000, 0x0000000708900000| Untracked 
|  92|0x0000000708a00000, 0x0000000708a00000, 0x0000000708b00000|  0%| F|  |TAMS 0x0000000708a00000, 0x0000000708a00000| Untracked 
|  93|0x0000000708b00000, 0x0000000708b00000, 0x0000000708c00000|  0%| F|  |TAMS 0x0000000708b00000, 0x0000000708b00000| Untracked 
|  94|0x0000000708c00000, 0x0000000708c00000, 0x0000000708d00000|  0%| F|  |TAMS 0x0000000708c00000, 0x0000000708c00000| Untracked 
|  95|0x0000000708d00000, 0x0000000708d00000, 0x0000000708e00000|  0%| F|  |TAMS 0x0000000708d00000, 0x0000000708d00000| Untracked 
|  96|0x0000000708e00000, 0x0000000708e00000, 0x0000000708f00000|  0%| F|  |TAMS 0x0000000708e00000, 0x0000000708e00000| Untracked 
|  97|0x0000000708f00000, 0x0000000708f00000, 0x0000000709000000|  0%| F|  |TAMS 0x0000000708f00000, 0x0000000708f00000| Untracked 
|  98|0x0000000709000000, 0x0000000709000000, 0x0000000709100000|  0%| F|  |TAMS 0x0000000709000000, 0x0000000709000000| Untracked 
|  99|0x0000000709100000, 0x0000000709100000, 0x0000000709200000|  0%| F|  |TAMS 0x0000000709100000, 0x0000000709100000| Untracked 
| 100|0x0000000709200000, 0x0000000709200000, 0x0000000709300000|  0%| F|  |TAMS 0x0000000709200000, 0x0000000709200000| Untracked 
| 101|0x0000000709300000, 0x0000000709300000, 0x0000000709400000|  0%| F|  |TAMS 0x0000000709300000, 0x0000000709300000| Untracked 
| 102|0x0000000709400000, 0x0000000709400000, 0x0000000709500000|  0%| F|  |TAMS 0x0000000709400000, 0x0000000709400000| Untracked 
| 103|0x0000000709500000, 0x0000000709500000, 0x0000000709600000|  0%| F|  |TAMS 0x0000000709500000, 0x0000000709500000| Untracked 
| 104|0x0000000709600000, 0x0000000709600000, 0x0000000709700000|  0%| F|  |TAMS 0x0000000709600000, 0x0000000709600000| Untracked 
| 105|0x0000000709700000, 0x0000000709700000, 0x0000000709800000|  0%| F|  |TAMS 0x0000000709700000, 0x0000000709700000| Untracked 
| 106|0x0000000709800000, 0x0000000709800000, 0x0000000709900000|  0%| F|  |TAMS 0x0000000709800000, 0x0000000709800000| Untracked 
| 107|0x0000000709900000, 0x0000000709900000, 0x0000000709a00000|  0%| F|  |TAMS 0x0000000709900000, 0x0000000709900000| Untracked 
| 108|0x0000000709a00000, 0x0000000709a00000, 0x0000000709b00000|  0%| F|  |TAMS 0x0000000709a00000, 0x0000000709a00000| Untracked 
| 109|0x0000000709b00000, 0x0000000709b00000, 0x0000000709c00000|  0%| F|  |TAMS 0x0000000709b00000, 0x0000000709b00000| Untracked 
| 110|0x0000000709c00000, 0x0000000709c00000, 0x0000000709d00000|  0%| F|  |TAMS 0x0000000709c00000, 0x0000000709c00000| Untracked 
| 111|0x0000000709d00000, 0x0000000709d00000, 0x0000000709e00000|  0%| F|  |TAMS 0x0000000709d00000, 0x0000000709d00000| Untracked 
| 112|0x0000000709e00000, 0x0000000709e00000, 0x0000000709f00000|  0%| F|  |TAMS 0x0000000709e00000, 0x0000000709e00000| Untracked 
| 113|0x0000000709f00000, 0x0000000709f00000, 0x000000070a000000|  0%| F|  |TAMS 0x0000000709f00000, 0x0000000709f00000| Untracked 
| 114|0x000000070a000000, 0x000000070a000000, 0x000000070a100000|  0%| F|  |TAMS 0x000000070a000000, 0x000000070a000000| Untracked 
| 115|0x000000070a100000, 0x000000070a100000, 0x000000070a200000|  0%| F|  |TAMS 0x000000070a100000, 0x000000070a100000| Untracked 
| 116|0x000000070a200000, 0x000000070a200000, 0x000000070a300000|  0%| F|  |TAMS 0x000000070a200000, 0x000000070a200000| Untracked 
| 117|0x000000070a300000, 0x000000070a300000, 0x000000070a400000|  0%| F|  |TAMS 0x000000070a300000, 0x000000070a300000| Untracked 
| 118|0x000000070a400000, 0x000000070a400000, 0x000000070a500000|  0%| F|  |TAMS 0x000000070a400000, 0x000000070a400000| Untracked 
| 119|0x000000070a500000, 0x000000070a500000, 0x000000070a600000|  0%| F|  |TAMS 0x000000070a500000, 0x000000070a500000| Untracked 
| 120|0x000000070a600000, 0x000000070a600000, 0x000000070a700000|  0%| F|  |TAMS 0x000000070a600000, 0x000000070a600000| Untracked 
| 121|0x000000070a700000, 0x000000070a700000, 0x000000070a800000|  0%| F|  |TAMS 0x000000070a700000, 0x000000070a700000| Untracked 
| 122|0x000000070a800000, 0x000000070a800000, 0x000000070a900000|  0%| F|  |TAMS 0x000000070a800000, 0x000000070a800000| Untracked 
| 123|0x000000070a900000, 0x000000070a900000, 0x000000070aa00000|  0%| F|  |TAMS 0x000000070a900000, 0x000000070a900000| Untracked 
| 124|0x000000070aa00000, 0x000000070aa00000, 0x000000070ab00000|  0%| F|  |TAMS 0x000000070aa00000, 0x000000070aa00000| Untracked 
| 125|0x000000070ab00000, 0x000000070ab00000, 0x000000070ac00000|  0%| F|  |TAMS 0x000000070ab00000, 0x000000070ab00000| Untracked 
| 126|0x000000070ac00000, 0x000000070ac00000, 0x000000070ad00000|  0%| F|  |TAMS 0x000000070ac00000, 0x000000070ac00000| Untracked 
| 127|0x000000070ad00000, 0x000000070ad00000, 0x000000070ae00000|  0%| F|  |TAMS 0x000000070ad00000, 0x000000070ad00000| Untracked 
| 128|0x000000070ae00000, 0x000000070ae00000, 0x000000070af00000|  0%| F|  |TAMS 0x000000070ae00000, 0x000000070ae00000| Untracked 
| 129|0x000000070af00000, 0x000000070af00000, 0x000000070b000000|  0%| F|  |TAMS 0x000000070af00000, 0x000000070af00000| Untracked 
| 130|0x000000070b000000, 0x000000070b000000, 0x000000070b100000|  0%| F|  |TAMS 0x000000070b000000, 0x000000070b000000| Untracked 
| 131|0x000000070b100000, 0x000000070b100000, 0x000000070b200000|  0%| F|  |TAMS 0x000000070b100000, 0x000000070b100000| Untracked 
| 132|0x000000070b200000, 0x000000070b200000, 0x000000070b300000|  0%| F|  |TAMS 0x000000070b200000, 0x000000070b200000| Untracked 
| 133|0x000000070b300000, 0x000000070b300000, 0x000000070b400000|  0%| F|  |TAMS 0x000000070b300000, 0x000000070b300000| Untracked 
| 134|0x000000070b400000, 0x000000070b400000, 0x000000070b500000|  0%| F|  |TAMS 0x000000070b400000, 0x000000070b400000| Untracked 
| 135|0x000000070b500000, 0x000000070b500000, 0x000000070b600000|  0%| F|  |TAMS 0x000000070b500000, 0x000000070b500000| Untracked 
| 136|0x000000070b600000, 0x000000070b600000, 0x000000070b700000|  0%| F|  |TAMS 0x000000070b600000, 0x000000070b600000| Untracked 
| 137|0x000000070b700000, 0x000000070b700000, 0x000000070b800000|  0%| F|  |TAMS 0x000000070b700000, 0x000000070b700000| Untracked 
| 138|0x000000070b800000, 0x000000070b800000, 0x000000070b900000|  0%| F|  |TAMS 0x000000070b800000, 0x000000070b800000| Untracked 
| 139|0x000000070b900000, 0x000000070b900000, 0x000000070ba00000|  0%| F|  |TAMS 0x000000070b900000, 0x000000070b900000| Untracked 
| 140|0x000000070ba00000, 0x000000070ba00000, 0x000000070bb00000|  0%| F|  |TAMS 0x000000070ba00000, 0x000000070ba00000| Untracked 
| 141|0x000000070bb00000, 0x000000070bb00000, 0x000000070bc00000|  0%| F|  |TAMS 0x000000070bb00000, 0x000000070bb00000| Untracked 
| 142|0x000000070bc00000, 0x000000070bc00000, 0x000000070bd00000|  0%| F|  |TAMS 0x000000070bc00000, 0x000000070bc00000| Untracked 
| 143|0x000000070bd00000, 0x000000070bd00000, 0x000000070be00000|  0%| F|  |TAMS 0x000000070bd00000, 0x000000070bd00000| Untracked 
| 144|0x000000070be00000, 0x000000070be00000, 0x000000070bf00000|  0%| F|  |TAMS 0x000000070be00000, 0x000000070be00000| Untracked 
| 145|0x000000070bf00000, 0x000000070bf00000, 0x000000070c000000|  0%| F|  |TAMS 0x000000070bf00000, 0x000000070bf00000| Untracked 
| 146|0x000000070c000000, 0x000000070c000000, 0x000000070c100000|  0%| F|  |TAMS 0x000000070c000000, 0x000000070c000000| Untracked 
| 147|0x000000070c100000, 0x000000070c100000, 0x000000070c200000|  0%| F|  |TAMS 0x000000070c100000, 0x000000070c100000| Untracked 
| 148|0x000000070c200000, 0x000000070c200000, 0x000000070c300000|  0%| F|  |TAMS 0x000000070c200000, 0x000000070c200000| Untracked 
| 149|0x000000070c300000, 0x000000070c300000, 0x000000070c400000|  0%| F|  |TAMS 0x000000070c300000, 0x000000070c300000| Untracked 
| 150|0x000000070c400000, 0x000000070c400000, 0x000000070c500000|  0%| F|  |TAMS 0x000000070c400000, 0x000000070c400000| Untracked 
| 151|0x000000070c500000, 0x000000070c500000, 0x000000070c600000|  0%| F|  |TAMS 0x000000070c500000, 0x000000070c500000| Untracked 
| 152|0x000000070c600000, 0x000000070c600000, 0x000000070c700000|  0%| F|  |TAMS 0x000000070c600000, 0x000000070c600000| Untracked 
| 153|0x000000070c700000, 0x000000070c700000, 0x000000070c800000|  0%| F|  |TAMS 0x000000070c700000, 0x000000070c700000| Untracked 
| 154|0x000000070c800000, 0x000000070c800000, 0x000000070c900000|  0%| F|  |TAMS 0x000000070c800000, 0x000000070c800000| Untracked 
| 155|0x000000070c900000, 0x000000070c900000, 0x000000070ca00000|  0%| F|  |TAMS 0x000000070c900000, 0x000000070c900000| Untracked 
| 156|0x000000070ca00000, 0x000000070ca00000, 0x000000070cb00000|  0%| F|  |TAMS 0x000000070ca00000, 0x000000070ca00000| Untracked 
| 157|0x000000070cb00000, 0x000000070cb00000, 0x000000070cc00000|  0%| F|  |TAMS 0x000000070cb00000, 0x000000070cb00000| Untracked 
| 158|0x000000070cc00000, 0x000000070cc00000, 0x000000070cd00000|  0%| F|  |TAMS 0x000000070cc00000, 0x000000070cc00000| Untracked 
| 159|0x000000070cd00000, 0x000000070cd00000, 0x000000070ce00000|  0%| F|  |TAMS 0x000000070cd00000, 0x000000070cd00000| Untracked 
| 160|0x000000070ce00000, 0x000000070ce00000, 0x000000070cf00000|  0%| F|  |TAMS 0x000000070ce00000, 0x000000070ce00000| Untracked 
| 161|0x000000070cf00000, 0x000000070cf00000, 0x000000070d000000|  0%| F|  |TAMS 0x000000070cf00000, 0x000000070cf00000| Untracked 
| 162|0x000000070d000000, 0x000000070d000000, 0x000000070d100000|  0%| F|  |TAMS 0x000000070d000000, 0x000000070d000000| Untracked 
| 163|0x000000070d100000, 0x000000070d100000, 0x000000070d200000|  0%| F|  |TAMS 0x000000070d100000, 0x000000070d100000| Untracked 
| 164|0x000000070d200000, 0x000000070d200000, 0x000000070d300000|  0%| F|  |TAMS 0x000000070d200000, 0x000000070d200000| Untracked 
| 165|0x000000070d300000, 0x000000070d300000, 0x000000070d400000|  0%| F|  |TAMS 0x000000070d300000, 0x000000070d300000| Untracked 
| 166|0x000000070d400000, 0x000000070d400000, 0x000000070d500000|  0%| F|  |TAMS 0x000000070d400000, 0x000000070d400000| Untracked 
| 167|0x000000070d500000, 0x000000070d500000, 0x000000070d600000|  0%| F|  |TAMS 0x000000070d500000, 0x000000070d500000| Untracked 
| 168|0x000000070d600000, 0x000000070d600000, 0x000000070d700000|  0%| F|  |TAMS 0x000000070d600000, 0x000000070d600000| Untracked 
| 169|0x000000070d700000, 0x000000070d700000, 0x000000070d800000|  0%| F|  |TAMS 0x000000070d700000, 0x000000070d700000| Untracked 
| 170|0x000000070d800000, 0x000000070d800000, 0x000000070d900000|  0%| F|  |TAMS 0x000000070d800000, 0x000000070d800000| Untracked 
| 171|0x000000070d900000, 0x000000070d900000, 0x000000070da00000|  0%| F|  |TAMS 0x000000070d900000, 0x000000070d900000| Untracked 
| 172|0x000000070da00000, 0x000000070da00000, 0x000000070db00000|  0%| F|  |TAMS 0x000000070da00000, 0x000000070da00000| Untracked 
| 173|0x000000070db00000, 0x000000070db00000, 0x000000070dc00000|  0%| F|  |TAMS 0x000000070db00000, 0x000000070db00000| Untracked 
| 174|0x000000070dc00000, 0x000000070dc00000, 0x000000070dd00000|  0%| F|  |TAMS 0x000000070dc00000, 0x000000070dc00000| Untracked 
| 175|0x000000070dd00000, 0x000000070dd00000, 0x000000070de00000|  0%| F|  |TAMS 0x000000070dd00000, 0x000000070dd00000| Untracked 
| 176|0x000000070de00000, 0x000000070de00000, 0x000000070df00000|  0%| F|  |TAMS 0x000000070de00000, 0x000000070de00000| Untracked 
| 177|0x000000070df00000, 0x000000070df00000, 0x000000070e000000|  0%| F|  |TAMS 0x000000070df00000, 0x000000070df00000| Untracked 
| 178|0x000000070e000000, 0x000000070e000000, 0x000000070e100000|  0%| F|  |TAMS 0x000000070e000000, 0x000000070e000000| Untracked 
| 179|0x000000070e100000, 0x000000070e100000, 0x000000070e200000|  0%| F|  |TAMS 0x000000070e100000, 0x000000070e100000| Untracked 
| 180|0x000000070e200000, 0x000000070e200000, 0x000000070e300000|  0%| F|  |TAMS 0x000000070e200000, 0x000000070e200000| Untracked 
| 181|0x000000070e300000, 0x000000070e300000, 0x000000070e400000|  0%| F|  |TAMS 0x000000070e300000, 0x000000070e300000| Untracked 
| 182|0x000000070e400000, 0x000000070e400000, 0x000000070e500000|  0%| F|  |TAMS 0x000000070e400000, 0x000000070e400000| Untracked 
| 183|0x000000070e500000, 0x000000070e500000, 0x000000070e600000|  0%| F|  |TAMS 0x000000070e500000, 0x000000070e500000| Untracked 
| 184|0x000000070e600000, 0x000000070e600000, 0x000000070e700000|  0%| F|  |TAMS 0x000000070e600000, 0x000000070e600000| Untracked 
| 185|0x000000070e700000, 0x000000070e700000, 0x000000070e800000|  0%| F|  |TAMS 0x000000070e700000, 0x000000070e700000| Untracked 
| 186|0x000000070e800000, 0x000000070e800000, 0x000000070e900000|  0%| F|  |TAMS 0x000000070e800000, 0x000000070e800000| Untracked 
| 187|0x000000070e900000, 0x000000070e900000, 0x000000070ea00000|  0%| F|  |TAMS 0x000000070e900000, 0x000000070e900000| Untracked 
| 188|0x000000070ea00000, 0x000000070ea00000, 0x000000070eb00000|  0%| F|  |TAMS 0x000000070ea00000, 0x000000070ea00000| Untracked 
| 189|0x000000070eb00000, 0x000000070eb00000, 0x000000070ec00000|  0%| F|  |TAMS 0x000000070eb00000, 0x000000070eb00000| Untracked 
| 190|0x000000070ec00000, 0x000000070ec00000, 0x000000070ed00000|  0%| F|  |TAMS 0x000000070ec00000, 0x000000070ec00000| Untracked 
| 191|0x000000070ed00000, 0x000000070ed00000, 0x000000070ee00000|  0%| F|  |TAMS 0x000000070ed00000, 0x000000070ed00000| Untracked 
| 192|0x000000070ee00000, 0x000000070ee00000, 0x000000070ef00000|  0%| F|  |TAMS 0x000000070ee00000, 0x000000070ee00000| Untracked 
| 193|0x000000070ef00000, 0x000000070ef00000, 0x000000070f000000|  0%| F|  |TAMS 0x000000070ef00000, 0x000000070ef00000| Untracked 
| 194|0x000000070f000000, 0x000000070f000000, 0x000000070f100000|  0%| F|  |TAMS 0x000000070f000000, 0x000000070f000000| Untracked 
| 195|0x000000070f100000, 0x000000070f100000, 0x000000070f200000|  0%| F|  |TAMS 0x000000070f100000, 0x000000070f100000| Untracked 
| 196|0x000000070f200000, 0x000000070f200000, 0x000000070f300000|  0%| F|  |TAMS 0x000000070f200000, 0x000000070f200000| Untracked 
| 197|0x000000070f300000, 0x000000070f300000, 0x000000070f400000|  0%| F|  |TAMS 0x000000070f300000, 0x000000070f300000| Untracked 
| 198|0x000000070f400000, 0x000000070f400000, 0x000000070f500000|  0%| F|  |TAMS 0x000000070f400000, 0x000000070f400000| Untracked 
| 199|0x000000070f500000, 0x000000070f500000, 0x000000070f600000|  0%| F|  |TAMS 0x000000070f500000, 0x000000070f500000| Untracked 
| 200|0x000000070f600000, 0x000000070f600000, 0x000000070f700000|  0%| F|  |TAMS 0x000000070f600000, 0x000000070f600000| Untracked 
| 201|0x000000070f700000, 0x000000070f700000, 0x000000070f800000|  0%| F|  |TAMS 0x000000070f700000, 0x000000070f700000| Untracked 
| 202|0x000000070f800000, 0x000000070f800000, 0x000000070f900000|  0%| F|  |TAMS 0x000000070f800000, 0x000000070f800000| Untracked 
| 203|0x000000070f900000, 0x000000070f900000, 0x000000070fa00000|  0%| F|  |TAMS 0x000000070f900000, 0x000000070f900000| Untracked 
| 204|0x000000070fa00000, 0x000000070fa00000, 0x000000070fb00000|  0%| F|  |TAMS 0x000000070fa00000, 0x000000070fa00000| Untracked 
| 205|0x000000070fb00000, 0x000000070fb00000, 0x000000070fc00000|  0%| F|  |TAMS 0x000000070fb00000, 0x000000070fb00000| Untracked 
| 206|0x000000070fc00000, 0x000000070fc00000, 0x000000070fd00000|  0%| F|  |TAMS 0x000000070fc00000, 0x000000070fc00000| Untracked 
| 207|0x000000070fd00000, 0x000000070fd00000, 0x000000070fe00000|  0%| F|  |TAMS 0x000000070fd00000, 0x000000070fd00000| Untracked 
| 208|0x000000070fe00000, 0x000000070fe00000, 0x000000070ff00000|  0%| F|  |TAMS 0x000000070fe00000, 0x000000070fe00000| Untracked 
| 209|0x000000070ff00000, 0x000000070ff00000, 0x0000000710000000|  0%| F|  |TAMS 0x000000070ff00000, 0x000000070ff00000| Untracked 
| 210|0x0000000710000000, 0x0000000710000000, 0x0000000710100000|  0%| F|  |TAMS 0x0000000710000000, 0x0000000710000000| Untracked 
| 211|0x0000000710100000, 0x0000000710100000, 0x0000000710200000|  0%| F|  |TAMS 0x0000000710100000, 0x0000000710100000| Untracked 
| 212|0x0000000710200000, 0x0000000710200000, 0x0000000710300000|  0%| F|  |TAMS 0x0000000710200000, 0x0000000710200000| Untracked 
| 213|0x0000000710300000, 0x0000000710300000, 0x0000000710400000|  0%| F|  |TAMS 0x0000000710300000, 0x0000000710300000| Untracked 
| 214|0x0000000710400000, 0x0000000710400000, 0x0000000710500000|  0%| F|  |TAMS 0x0000000710400000, 0x0000000710400000| Untracked 
| 215|0x0000000710500000, 0x0000000710500000, 0x0000000710600000|  0%| F|  |TAMS 0x0000000710500000, 0x0000000710500000| Untracked 
| 216|0x0000000710600000, 0x0000000710600000, 0x0000000710700000|  0%| F|  |TAMS 0x0000000710600000, 0x0000000710600000| Untracked 
| 217|0x0000000710700000, 0x0000000710700000, 0x0000000710800000|  0%| F|  |TAMS 0x0000000710700000, 0x0000000710700000| Untracked 
| 218|0x0000000710800000, 0x0000000710800000, 0x0000000710900000|  0%| F|  |TAMS 0x0000000710800000, 0x0000000710800000| Untracked 
| 219|0x0000000710900000, 0x0000000710900000, 0x0000000710a00000|  0%| F|  |TAMS 0x0000000710900000, 0x0000000710900000| Untracked 
| 220|0x0000000710a00000, 0x0000000710a00000, 0x0000000710b00000|  0%| F|  |TAMS 0x0000000710a00000, 0x0000000710a00000| Untracked 
| 221|0x0000000710b00000, 0x0000000710b00000, 0x0000000710c00000|  0%| F|  |TAMS 0x0000000710b00000, 0x0000000710b00000| Untracked 
| 222|0x0000000710c00000, 0x0000000710d00000, 0x0000000710d00000|100%| S|CS|TAMS 0x0000000710c00000, 0x0000000710c00000| Complete 
| 223|0x0000000710d00000, 0x0000000710e00000, 0x0000000710e00000|100%| S|CS|TAMS 0x0000000710d00000, 0x0000000710d00000| Complete 
| 224|0x0000000710e00000, 0x0000000710e00000, 0x0000000710f00000|  0%| F|  |TAMS 0x0000000710e00000, 0x0000000710e00000| Untracked 
| 225|0x0000000710f00000, 0x0000000710f00000, 0x0000000711000000|  0%| F|  |TAMS 0x0000000710f00000, 0x0000000710f00000| Untracked 
| 226|0x0000000711000000, 0x0000000711000000, 0x0000000711100000|  0%| F|  |TAMS 0x0000000711000000, 0x0000000711000000| Untracked 
| 227|0x0000000711100000, 0x0000000711100000, 0x0000000711200000|  0%| F|  |TAMS 0x0000000711100000, 0x0000000711100000| Untracked 
| 228|0x0000000711200000, 0x0000000711300000, 0x0000000711300000|100%| S|CS|TAMS 0x0000000711200000, 0x0000000711200000| Complete 
| 229|0x0000000711300000, 0x0000000711400000, 0x0000000711400000|100%| S|CS|TAMS 0x0000000711300000, 0x0000000711300000| Complete 
| 230|0x0000000711400000, 0x0000000711500000, 0x0000000711500000|100%| S|CS|TAMS 0x0000000711400000, 0x0000000711400000| Complete 
| 231|0x0000000711500000, 0x0000000711600000, 0x0000000711600000|100%| S|CS|TAMS 0x0000000711500000, 0x0000000711500000| Complete 
| 232|0x0000000711600000, 0x0000000711700000, 0x0000000711700000|100%| S|CS|TAMS 0x0000000711600000, 0x0000000711600000| Complete 
| 233|0x0000000711700000, 0x0000000711800000, 0x0000000711800000|100%| S|CS|TAMS 0x0000000711700000, 0x0000000711700000| Complete 
| 234|0x0000000711800000, 0x0000000711900000, 0x0000000711900000|100%| S|CS|TAMS 0x0000000711800000, 0x0000000711800000| Complete 
| 235|0x0000000711900000, 0x0000000711a00000, 0x0000000711a00000|100%| S|CS|TAMS 0x0000000711900000, 0x0000000711900000| Complete 
| 236|0x0000000711a00000, 0x0000000711a00000, 0x0000000711b00000|  0%| F|  |TAMS 0x0000000711a00000, 0x0000000711a00000| Untracked 
| 237|0x0000000711b00000, 0x0000000711b00000, 0x0000000711c00000|  0%| F|  |TAMS 0x0000000711b00000, 0x0000000711b00000| Untracked 
| 238|0x0000000711c00000, 0x0000000711c00000, 0x0000000711d00000|  0%| F|  |TAMS 0x0000000711c00000, 0x0000000711c00000| Untracked 
| 239|0x0000000711d00000, 0x0000000711d00000, 0x0000000711e00000|  0%| F|  |TAMS 0x0000000711d00000, 0x0000000711d00000| Untracked 
| 240|0x0000000711e00000, 0x0000000711e00000, 0x0000000711f00000|  0%| F|  |TAMS 0x0000000711e00000, 0x0000000711e00000| Untracked 
| 241|0x0000000711f00000, 0x0000000711f00000, 0x0000000712000000|  0%| F|  |TAMS 0x0000000711f00000, 0x0000000711f00000| Untracked 
| 242|0x0000000712000000, 0x0000000712000000, 0x0000000712100000|  0%| F|  |TAMS 0x0000000712000000, 0x0000000712000000| Untracked 
| 243|0x0000000712100000, 0x0000000712100000, 0x0000000712200000|  0%| F|  |TAMS 0x0000000712100000, 0x0000000712100000| Untracked 
| 244|0x0000000712200000, 0x0000000712200000, 0x0000000712300000|  0%| F|  |TAMS 0x0000000712200000, 0x0000000712200000| Untracked 
| 245|0x0000000712300000, 0x0000000712300000, 0x0000000712400000|  0%| F|  |TAMS 0x0000000712300000, 0x0000000712300000| Untracked 
| 246|0x0000000712400000, 0x0000000712400000, 0x0000000712500000|  0%| F|  |TAMS 0x0000000712400000, 0x0000000712400000| Untracked 
| 247|0x0000000712500000, 0x0000000712500000, 0x0000000712600000|  0%| F|  |TAMS 0x0000000712500000, 0x0000000712500000| Untracked 
| 248|0x0000000712600000, 0x0000000712600000, 0x0000000712700000|  0%| F|  |TAMS 0x0000000712600000, 0x0000000712600000| Untracked 
| 249|0x0000000712700000, 0x0000000712700000, 0x0000000712800000|  0%| F|  |TAMS 0x0000000712700000, 0x0000000712700000| Untracked 
| 250|0x0000000712800000, 0x0000000712800000, 0x0000000712900000|  0%| F|  |TAMS 0x0000000712800000, 0x0000000712800000| Untracked 
| 251|0x0000000712900000, 0x0000000712900000, 0x0000000712a00000|  0%| F|  |TAMS 0x0000000712900000, 0x0000000712900000| Untracked 
| 252|0x0000000712a00000, 0x0000000712a00000, 0x0000000712b00000|  0%| F|  |TAMS 0x0000000712a00000, 0x0000000712a00000| Untracked 
| 253|0x0000000712b00000, 0x0000000712b00000, 0x0000000712c00000|  0%| F|  |TAMS 0x0000000712b00000, 0x0000000712b00000| Untracked 
| 254|0x0000000712c00000, 0x0000000712c00000, 0x0000000712d00000|  0%| F|  |TAMS 0x0000000712c00000, 0x0000000712c00000| Untracked 
| 255|0x0000000712d00000, 0x0000000712d00000, 0x0000000712e00000|  0%| F|  |TAMS 0x0000000712d00000, 0x0000000712d00000| Untracked 
| 256|0x0000000712e00000, 0x0000000712e00000, 0x0000000712f00000|  0%| F|  |TAMS 0x0000000712e00000, 0x0000000712e00000| Untracked 
| 257|0x0000000712f00000, 0x0000000712f00000, 0x0000000713000000|  0%| F|  |TAMS 0x0000000712f00000, 0x0000000712f00000| Untracked 
| 258|0x0000000713000000, 0x0000000713000000, 0x0000000713100000|  0%| F|  |TAMS 0x0000000713000000, 0x0000000713000000| Untracked 
| 259|0x0000000713100000, 0x0000000713100000, 0x0000000713200000|  0%| F|  |TAMS 0x0000000713100000, 0x0000000713100000| Untracked 
| 260|0x0000000713200000, 0x0000000713200000, 0x0000000713300000|  0%| F|  |TAMS 0x0000000713200000, 0x0000000713200000| Untracked 
| 261|0x0000000713300000, 0x0000000713300000, 0x0000000713400000|  0%| F|  |TAMS 0x0000000713300000, 0x0000000713300000| Untracked 
| 262|0x0000000713400000, 0x0000000713400000, 0x0000000713500000|  0%| F|  |TAMS 0x0000000713400000, 0x0000000713400000| Untracked 
| 263|0x0000000713500000, 0x0000000713500000, 0x0000000713600000|  0%| F|  |TAMS 0x0000000713500000, 0x0000000713500000| Untracked 
| 264|0x0000000713600000, 0x0000000713600000, 0x0000000713700000|  0%| F|  |TAMS 0x0000000713600000, 0x0000000713600000| Untracked 
| 265|0x0000000713700000, 0x0000000713700000, 0x0000000713800000|  0%| F|  |TAMS 0x0000000713700000, 0x0000000713700000| Untracked 
| 266|0x0000000713800000, 0x0000000713800000, 0x0000000713900000|  0%| F|  |TAMS 0x0000000713800000, 0x0000000713800000| Untracked 
| 267|0x0000000713900000, 0x0000000713900000, 0x0000000713a00000|  0%| F|  |TAMS 0x0000000713900000, 0x0000000713900000| Untracked 
| 268|0x0000000713a00000, 0x0000000713a00000, 0x0000000713b00000|  0%| F|  |TAMS 0x0000000713a00000, 0x0000000713a00000| Untracked 
| 269|0x0000000713b00000, 0x0000000713b00000, 0x0000000713c00000|  0%| F|  |TAMS 0x0000000713b00000, 0x0000000713b00000| Untracked 
| 270|0x0000000713c00000, 0x0000000713c00000, 0x0000000713d00000|  0%| F|  |TAMS 0x0000000713c00000, 0x0000000713c00000| Untracked 
| 271|0x0000000713d00000, 0x0000000713d00000, 0x0000000713e00000|  0%| F|  |TAMS 0x0000000713d00000, 0x0000000713d00000| Untracked 
| 272|0x0000000713e00000, 0x0000000713e00000, 0x0000000713f00000|  0%| F|  |TAMS 0x0000000713e00000, 0x0000000713e00000| Untracked 
| 273|0x0000000713f00000, 0x0000000713f00000, 0x0000000714000000|  0%| F|  |TAMS 0x0000000713f00000, 0x0000000713f00000| Untracked 
| 274|0x0000000714000000, 0x0000000714000000, 0x0000000714100000|  0%| F|  |TAMS 0x0000000714000000, 0x0000000714000000| Untracked 
| 275|0x0000000714100000, 0x0000000714100000, 0x0000000714200000|  0%| F|  |TAMS 0x0000000714100000, 0x0000000714100000| Untracked 
| 276|0x0000000714200000, 0x0000000714200000, 0x0000000714300000|  0%| F|  |TAMS 0x0000000714200000, 0x0000000714200000| Untracked 
| 277|0x0000000714300000, 0x0000000714300000, 0x0000000714400000|  0%| F|  |TAMS 0x0000000714300000, 0x0000000714300000| Untracked 
| 278|0x0000000714400000, 0x0000000714400000, 0x0000000714500000|  0%| F|  |TAMS 0x0000000714400000, 0x0000000714400000| Untracked 
| 279|0x0000000714500000, 0x0000000714500000, 0x0000000714600000|  0%| F|  |TAMS 0x0000000714500000, 0x0000000714500000| Untracked 
| 280|0x0000000714600000, 0x0000000714600000, 0x0000000714700000|  0%| F|  |TAMS 0x0000000714600000, 0x0000000714600000| Untracked 
| 281|0x0000000714700000, 0x0000000714700000, 0x0000000714800000|  0%| F|  |TAMS 0x0000000714700000, 0x0000000714700000| Untracked 
| 282|0x0000000714800000, 0x0000000714800000, 0x0000000714900000|  0%| F|  |TAMS 0x0000000714800000, 0x0000000714800000| Untracked 
| 283|0x0000000714900000, 0x0000000714900000, 0x0000000714a00000|  0%| F|  |TAMS 0x0000000714900000, 0x0000000714900000| Untracked 
| 284|0x0000000714a00000, 0x0000000714a00000, 0x0000000714b00000|  0%| F|  |TAMS 0x0000000714a00000, 0x0000000714a00000| Untracked 
| 285|0x0000000714b00000, 0x0000000714b00000, 0x0000000714c00000|  0%| F|  |TAMS 0x0000000714b00000, 0x0000000714b00000| Untracked 
| 286|0x0000000714c00000, 0x0000000714c00000, 0x0000000714d00000|  0%| F|  |TAMS 0x0000000714c00000, 0x0000000714c00000| Untracked 
| 287|0x0000000714d00000, 0x0000000714d00000, 0x0000000714e00000|  0%| F|  |TAMS 0x0000000714d00000, 0x0000000714d00000| Untracked 
| 288|0x0000000714e00000, 0x0000000714e00000, 0x0000000714f00000|  0%| F|  |TAMS 0x0000000714e00000, 0x0000000714e00000| Untracked 
| 289|0x0000000714f00000, 0x0000000714f00000, 0x0000000715000000|  0%| F|  |TAMS 0x0000000714f00000, 0x0000000714f00000| Untracked 
| 290|0x0000000715000000, 0x0000000715000000, 0x0000000715100000|  0%| F|  |TAMS 0x0000000715000000, 0x0000000715000000| Untracked 
| 291|0x0000000715100000, 0x0000000715100000, 0x0000000715200000|  0%| F|  |TAMS 0x0000000715100000, 0x0000000715100000| Untracked 
| 292|0x0000000715200000, 0x0000000715200000, 0x0000000715300000|  0%| F|  |TAMS 0x0000000715200000, 0x0000000715200000| Untracked 
| 293|0x0000000715300000, 0x0000000715300000, 0x0000000715400000|  0%| F|  |TAMS 0x0000000715300000, 0x0000000715300000| Untracked 
| 294|0x0000000715400000, 0x0000000715400000, 0x0000000715500000|  0%| F|  |TAMS 0x0000000715400000, 0x0000000715400000| Untracked 
| 295|0x0000000715500000, 0x0000000715500000, 0x0000000715600000|  0%| F|  |TAMS 0x0000000715500000, 0x0000000715500000| Untracked 
| 296|0x0000000715600000, 0x0000000715600000, 0x0000000715700000|  0%| F|  |TAMS 0x0000000715600000, 0x0000000715600000| Untracked 
| 297|0x0000000715700000, 0x0000000715700000, 0x0000000715800000|  0%| F|  |TAMS 0x0000000715700000, 0x0000000715700000| Untracked 
| 298|0x0000000715800000, 0x0000000715800000, 0x0000000715900000|  0%| F|  |TAMS 0x0000000715800000, 0x0000000715800000| Untracked 
| 299|0x0000000715900000, 0x0000000715900000, 0x0000000715a00000|  0%| F|  |TAMS 0x0000000715900000, 0x0000000715900000| Untracked 
| 300|0x0000000715a00000, 0x0000000715b00000, 0x0000000715b00000|100%| E|  |TAMS 0x0000000715a00000, 0x0000000715a00000| Complete 
| 301|0x0000000715b00000, 0x0000000715c00000, 0x0000000715c00000|100%| E|CS|TAMS 0x0000000715b00000, 0x0000000715b00000| Complete 
| 302|0x0000000715c00000, 0x0000000715d00000, 0x0000000715d00000|100%| E|CS|TAMS 0x0000000715c00000, 0x0000000715c00000| Complete 
| 303|0x0000000715d00000, 0x0000000715e00000, 0x0000000715e00000|100%| E|CS|TAMS 0x0000000715d00000, 0x0000000715d00000| Complete 
| 304|0x0000000715e00000, 0x0000000715f00000, 0x0000000715f00000|100%| E|CS|TAMS 0x0000000715e00000, 0x0000000715e00000| Complete 

Card table byte_map: [0x0000019bce7d0000,0x0000019bcefc0000] _byte_map_base: 0x0000019bcafb9000

Marking Bits (Prev, Next): (CMBitMap*) 0x0000019bbafe2a18, (CMBitMap*) 0x0000019bbafe2a50
 Prev Bits: [0x0000019bcf7b0000, 0x0000019bd36f8000)
 Next Bits: [0x0000019bd3700000, 0x0000019bd7648000)

Polling page: 0x0000019bb8e90000

Metaspace:

Usage:
  Non-class:     47.13 MB capacity,    46.79 MB (>99%) used,   260.57 KB ( <1%) free+waste,    87.75 KB ( <1%) overhead. 
      Class:      6.52 MB capacity,     6.24 MB ( 96%) used,   253.41 KB (  4%) free+waste,    40.19 KB ( <1%) overhead. 
       Both:     53.66 MB capacity,    53.03 MB ( 99%) used,   513.98 KB ( <1%) free+waste,   127.94 KB ( <1%) overhead. 

Virtual space:
  Non-class space:       50.00 MB reserved,      47.33 MB ( 95%) committed 
      Class space:        1.00 GB reserved,       6.63 MB ( <1%) committed 
             Both:        1.05 GB reserved,      53.95 MB (  5%) committed 

Chunk freelists:
   Non-Class:  9.00 KB
       Class:  8.00 KB
        Both:  17.00 KB

MaxMetaspaceSize: 17179869184.00 GB
CompressedClassSpaceSize: 1.00 GB
Initial GC threshold: 20.80 MB
Current GC threshold: 58.88 MB
CDS: off

CodeHeap 'non-profiled nmethods': size=120000Kb used=2216Kb max_used=2216Kb free=117783Kb
 bounds [0x0000019bc6560000, 0x0000019bc67d0000, 0x0000019bcda90000]
CodeHeap 'profiled nmethods': size=120000Kb used=9421Kb max_used=9421Kb free=110578Kb
 bounds [0x0000019bbf030000, 0x0000019bbf970000, 0x0000019bc6560000]
CodeHeap 'non-nmethods': size=5760Kb used=1285Kb max_used=1331Kb free=4474Kb
 bounds [0x0000019bbea90000, 0x0000019bbed00000, 0x0000019bbf030000]
 total_blobs=5096 nmethods=4526 adapters=480
 compilation: enabled
              stopped_count=0, restarted_count=0
 full_count=0

Compilation events (20 events):
Event: 3.908 Thread 0x0000019bdacb1800 nmethod 4433 0x0000019bbf91e990 code [0x0000019bbf91eea0, 0x0000019bbf922878]
Event: 3.908 Thread 0x0000019bdacb1800 4447       3       org.jetbrains.kotlin.com.intellij.util.keyFMap.ArrayBackedFMap::indexOf (50 bytes)
Event: 3.908 Thread 0x0000019bdacb1800 nmethod 4447 0x0000019bbf922f10 code [0x0000019bbf9230e0, 0x0000019bbf923358]
Event: 3.908 Thread 0x0000019bdacb1800 4439       3       org.jetbrains.kotlin.com.intellij.lang.java.lexer.JavaLexer::getWhitespaces (75 bytes)
Event: 3.909 Thread 0x0000019bdacb1800 nmethod 4439 0x0000019bbf923490 code [0x0000019bbf9236a0, 0x0000019bbf923d78]
Event: 3.909 Thread 0x0000019bdacb1800 4444       3       org.jetbrains.kotlin.com.intellij.lang.java.parser.JavaParserUtil$1::eof (24 bytes)
Event: 3.909 Thread 0x0000019bdacb1800 nmethod 4444 0x0000019bbf923f90 code [0x0000019bbf924180, 0x0000019bbf924618]
Event: 3.909 Thread 0x0000019bdacb1800 4438       3       org.jetbrains.kotlin.com.intellij.lang.java.lexer._JavaLexer::yylength (10 bytes)
Event: 3.909 Thread 0x0000019bdacb1800 nmethod 4438 0x0000019bbf924790 code [0x0000019bbf924940, 0x0000019bbf924a38]
Event: 3.909 Thread 0x0000019bdacb1800 4436       3       org.jetbrains.kotlin.com.intellij.lang.java.lexer._JavaLexer::getTokenEnd (10 bytes)
Event: 3.909 Thread 0x0000019bdacb1800 nmethod 4436 0x0000019bbf924b10 code [0x0000019bbf924cc0, 0x0000019bbf924e38]
Event: 3.909 Thread 0x0000019bdacb1800 4435       3       org.jetbrains.kotlin.com.intellij.lang.java.lexer._JavaLexer::goTo (21 bytes)
Event: 3.909 Thread 0x0000019bdacb1800 nmethod 4435 0x0000019bbf924f10 code [0x0000019bbf9250c0, 0x0000019bbf9251d8]
Event: 3.909 Thread 0x0000019bdacb1800 4437   !   3       org.jetbrains.kotlin.com.intellij.lang.java.lexer.JavaLexer::flexLocateToken (38 bytes)
Event: 3.910 Thread 0x0000019bdacb1800 nmethod 4437 0x0000019bbf925290 code [0x0000019bbf925460, 0x0000019bbf9257a8]
Event: 3.910 Thread 0x0000019bdacb1800 4440       1       org.jetbrains.kotlin.com.intellij.psi.tree.java.IJavaElementType::isLeftBound (5 bytes)
Event: 3.910 Thread 0x0000019bdacb1800 nmethod 4440 0x0000019bc6784990 code [0x0000019bc6784b40, 0x0000019bc6784bf8]
Event: 3.910 Thread 0x0000019bdacb1800 4441       1       org.jetbrains.kotlin.com.intellij.psi.impl.java.stubs.JavaStubElementType::isLeftBound (5 bytes)
Event: 3.910 Thread 0x0000019bdacb1800 nmethod 4441 0x0000019bc6784c90 code [0x0000019bc6784e40, 0x0000019bc6784ef8]
Event: 3.910 Thread 0x0000019bdacb1800 4431   !   3       java.lang.ref.ReferenceQueue::remove (125 bytes)

GC Heap History (12 events):
Event: 0.442 GC heap before
{Heap before GC invocations=0 (full 0):
 garbage-first heap   total 260096K, used 27648K [0x0000000702e00000, 0x0000000800000000)
  region size 1024K, 24 young (24576K), 0 survivors (0K)
 Metaspace       used 12339K, capacity 12504K, committed 12800K, reserved 1060864K
  class space    used 1163K, capacity 1207K, committed 1280K, reserved 1048576K
}
Event: 0.445 GC heap after
{Heap after GC invocations=1 (full 0):
 garbage-first heap   total 260096K, used 5760K [0x0000000702e00000, 0x0000000800000000)
  region size 1024K, 3 young (3072K), 3 survivors (3072K)
 Metaspace       used 12339K, capacity 12504K, committed 12800K, reserved 1060864K
  class space    used 1163K, capacity 1207K, committed 1280K, reserved 1048576K
}
Event: 0.920 GC heap before
{Heap before GC invocations=1 (full 0):
 garbage-first heap   total 260096K, used 41600K [0x0000000702e00000, 0x0000000800000000)
  region size 1024K, 39 young (39936K), 3 survivors (3072K)
 Metaspace       used 20883K, capacity 21087K, committed 21296K, reserved 1069056K
  class space    used 2222K, capacity 2312K, committed 2432K, reserved 1048576K
}
Event: 0.929 GC heap after
{Heap after GC invocations=2 (full 0):
 garbage-first heap   total 260096K, used 9216K [0x0000000702e00000, 0x0000000800000000)
  region size 1024K, 6 young (6144K), 6 survivors (6144K)
 Metaspace       used 20883K, capacity 21087K, committed 21296K, reserved 1069056K
  class space    used 2222K, capacity 2312K, committed 2432K, reserved 1048576K
}
Event: 1.732 GC heap before
{Heap before GC invocations=3 (full 0):
 garbage-first heap   total 260096K, used 64512K [0x0000000702e00000, 0x0000000800000000)
  region size 1024K, 55 young (56320K), 6 survivors (6144K)
 Metaspace       used 32794K, capacity 33277K, committed 33456K, reserved 1079296K
  class space    used 4089K, capacity 4279K, committed 4352K, reserved 1048576K
}
Event: 1.742 GC heap after
{Heap after GC invocations=4 (full 0):
 garbage-first heap   total 260096K, used 20463K [0x0000000702e00000, 0x0000000800000000)
  region size 1024K, 7 young (7168K), 7 survivors (7168K)
 Metaspace       used 32794K, capacity 33277K, committed 33456K, reserved 1079296K
  class space    used 4089K, capacity 4279K, committed 4352K, reserved 1048576K
}
Event: 1.907 GC heap before
{Heap before GC invocations=4 (full 0):
 garbage-first heap   total 260096K, used 32751K [0x0000000702e00000, 0x0000000800000000)
  region size 1024K, 20 young (20480K), 7 survivors (7168K)
 Metaspace       used 35281K, capacity 35720K, committed 35920K, reserved 1081344K
  class space    used 4357K, capacity 4539K, committed 4608K, reserved 1048576K
}
Event: 1.916 GC heap after
{Heap after GC invocations=5 (full 0):
 garbage-first heap   total 260096K, used 20339K [0x0000000702e00000, 0x0000000800000000)
  region size 1024K, 6 young (6144K), 6 survivors (6144K)
 Metaspace       used 35281K, capacity 35720K, committed 35920K, reserved 1081344K
  class space    used 4357K, capacity 4539K, committed 4608K, reserved 1048576K
}
Event: 2.131 GC heap before
{Heap before GC invocations=6 (full 0):
 garbage-first heap   total 260096K, used 40819K [0x0000000702e00000, 0x0000000800000000)
  region size 1024K, 26 young (26624K), 6 survivors (6144K)
 Metaspace       used 39033K, capacity 39462K, committed 39888K, reserved 1085440K
  class space    used 4692K, capacity 4866K, committed 4992K, reserved 1048576K
}
Event: 2.137 GC heap after
{Heap after GC invocations=7 (full 0):
 garbage-first heap   total 312320K, used 22613K [0x0000000702e00000, 0x0000000800000000)
  region size 1024K, 4 young (4096K), 4 survivors (4096K)
 Metaspace       used 39033K, capacity 39462K, committed 39888K, reserved 1085440K
  class space    used 4692K, capacity 4866K, committed 4992K, reserved 1048576K
}
Event: 3.892 GC heap before
{Heap before GC invocations=7 (full 0):
 garbage-first heap   total 312320K, used 95317K [0x0000000702e00000, 0x0000000800000000)
  region size 1024K, 73 young (74752K), 4 survivors (4096K)
 Metaspace       used 54133K, capacity 54808K, committed 54992K, reserved 1097728K
  class space    used 6379K, capacity 6678K, committed 6784K, reserved 1048576K
}
Event: 3.901 GC heap after
{Heap after GC invocations=8 (full 0):
 garbage-first heap   total 312320K, used 32606K [0x0000000702e00000, 0x0000000800000000)
  region size 1024K, 10 young (10240K), 10 survivors (10240K)
 Metaspace       used 54133K, capacity 54808K, committed 54992K, reserved 1097728K
  class space    used 6379K, capacity 6678K, committed 6784K, reserved 1048576K
}

Deoptimization events (20 events):
Event: 3.703 Thread 0x0000019bbaf80000 DEOPT PACKING pc=0x0000019bc670b9c4 sp=0x0000003a1ecfb290
Event: 3.703 Thread 0x0000019bbaf80000 DEOPT UNPACKING pc=0x0000019bbeada1af sp=0x0000003a1ecfb178 mode 2
Event: 3.703 Thread 0x0000019bbaf80000 Uncommon trap: trap_request=0xffffffde fr.pc=0x0000019bc670b9c4 relative=0x0000000000000284
Event: 3.703 Thread 0x0000019bbaf80000 Uncommon trap: reason=class_check action=maybe_recompile pc=0x0000019bc670b9c4 method=org.jetbrains.kotlin.com.intellij.psi.impl.source.tree.SharedImplUtil.findFileElement(Lorg/jetbrains/kotlin/com/intellij/lang/ASTNode;)Lorg/jetbrains/kotlin/com/intellij
Event: 3.703 Thread 0x0000019bbaf80000 DEOPT PACKING pc=0x0000019bc670b9c4 sp=0x0000003a1ecfb290
Event: 3.703 Thread 0x0000019bbaf80000 DEOPT UNPACKING pc=0x0000019bbeada1af sp=0x0000003a1ecfb178 mode 2
Event: 3.859 Thread 0x0000019bbaf80000 Uncommon trap: trap_request=0xffffff4d fr.pc=0x0000019bc67507f8 relative=0x0000000000000398
Event: 3.859 Thread 0x0000019bbaf80000 Uncommon trap: reason=unstable_if action=reinterpret pc=0x0000019bc67507f8 method=org.jetbrains.org.objectweb.asm.Type.getTypeInternal(Ljava/lang/String;II)Lorg/jetbrains/org/objectweb/asm/Type; @ 5 c2
Event: 3.859 Thread 0x0000019bbaf80000 DEOPT PACKING pc=0x0000019bc67507f8 sp=0x0000003a1ecfb650
Event: 3.859 Thread 0x0000019bbaf80000 DEOPT UNPACKING pc=0x0000019bbeada1af sp=0x0000003a1ecfb608 mode 2
Event: 3.860 Thread 0x0000019bbaf80000 Uncommon trap: trap_request=0xffffff4d fr.pc=0x0000019bc67269d8 relative=0x0000000000000378
Event: 3.860 Thread 0x0000019bbaf80000 Uncommon trap: reason=unstable_if action=reinterpret pc=0x0000019bc67269d8 method=gnu.trove.TObjectHash.insertionIndex(Ljava/lang/Object;)I @ 167 c2
Event: 3.860 Thread 0x0000019bbaf80000 DEOPT PACKING pc=0x0000019bc67269d8 sp=0x0000003a1ecfd620
Event: 3.860 Thread 0x0000019bbaf80000 DEOPT UNPACKING pc=0x0000019bbeada1af sp=0x0000003a1ecfd5a0 mode 2
Event: 3.877 Thread 0x0000019bbaf80000 DEOPT PACKING pc=0x0000019bbf5570ff sp=0x0000003a1ecfc130
Event: 3.877 Thread 0x0000019bbaf80000 DEOPT UNPACKING pc=0x0000019bbeada95e sp=0x0000003a1ecfb580 mode 0
Event: 3.890 Thread 0x0000019bbaf80000 Uncommon trap: trap_request=0xffffff4d fr.pc=0x0000019bc66f5a18 relative=0x00000000000000f8
Event: 3.890 Thread 0x0000019bbaf80000 Uncommon trap: reason=unstable_if action=reinterpret pc=0x0000019bc66f5a18 method=org.jetbrains.kotlin.com.intellij.util.keyFMap.ArrayBackedFMap.indexOf(I)I @ 8 c2
Event: 3.890 Thread 0x0000019bbaf80000 DEOPT PACKING pc=0x0000019bc66f5a18 sp=0x0000003a1ecfb7b0
Event: 3.890 Thread 0x0000019bbaf80000 DEOPT UNPACKING pc=0x0000019bbeada1af sp=0x0000003a1ecfb728 mode 2

Classes redefined (0 events):
No events

Internal exceptions (20 events):
Event: 1.109 Thread 0x0000019bbaf80000 Exception <a 'java/lang/NoSuchMethodError'{0x0000000711f0efd0}: 'java.lang.Object java.lang.invoke.DelegatingMethodHandle$Holder.reinvoke_L(java.lang.Object, int, int, java.lang.Object, java.lang.Object, java.lang.Object)'> (0x0000000711f0efd0) thrown at [./src/hotspot/share/interpreter/linkResolver.cpp, line 773]
Event: 1.110 Thread 0x0000019bbaf80000 Exception <a 'java/lang/NoSuchMethodError'{0x0000000711f13358}: 'java.lang.Object java.lang.invoke.DirectMethodHandle$Holder.invokeStatic(java.lang.Object, java.lang.Object, java.lang.Object, java.lang.Object, int)'> (0x0000000711f13358) thrown at [./src/hotspot/share/interpreter/linkResolver.cpp, line 773]
Event: 1.139 Thread 0x0000019bbaf80000 Exception <a 'sun/nio/fs/WindowsException'{0x0000000711e523a0}> (0x0000000711e523a0) thrown at [./src/hotspot/share/prims/jni.cpp, line 615]
Event: 1.139 Thread 0x0000019bbaf80000 Exception <a 'sun/nio/fs/WindowsException'{0x0000000711e52c18}> (0x0000000711e52c18) thrown at [./src/hotspot/share/prims/jni.cpp, line 615]
Event: 1.139 Thread 0x0000019bbaf80000 Exception <a 'sun/nio/fs/WindowsException'{0x0000000711e534b0}> (0x0000000711e534b0) thrown at [./src/hotspot/share/prims/jni.cpp, line 615]
Event: 1.139 Thread 0x0000019bbaf80000 Exception <a 'sun/nio/fs/WindowsException'{0x0000000711e53ea8}> (0x0000000711e53ea8) thrown at [./src/hotspot/share/prims/jni.cpp, line 615]
Event: 1.139 Thread 0x0000019bbaf80000 Exception <a 'sun/nio/fs/WindowsException'{0x0000000711e547b0}> (0x0000000711e547b0) thrown at [./src/hotspot/share/prims/jni.cpp, line 615]
Event: 1.139 Thread 0x0000019bbaf80000 Exception <a 'sun/nio/fs/WindowsException'{0x0000000711e550e8}> (0x0000000711e550e8) thrown at [./src/hotspot/share/prims/jni.cpp, line 615]
Event: 1.141 Thread 0x0000019bbaf80000 Exception <a 'java/lang/NoSuchMethodError'{0x0000000711e5b920}: 'void java.lang.invoke.DirectMethodHandle$Holder.invokeStatic(java.lang.Object, java.lang.Object, java.lang.Object, java.lang.Object)'> (0x0000000711e5b920) thrown at [./src/hotspot/share/interpreter/linkResolver.cpp, line 773]
Event: 1.184 Thread 0x0000019bbaf80000 Exception <a 'java/lang/NoSuchMethodError'{0x0000000711a3b558}: 'void java.lang.invoke.DirectMethodHandle$Holder.invokeStaticInit(java.lang.Object, java.lang.Object)'> (0x0000000711a3b558) thrown at [./src/hotspot/share/interpreter/linkResolver.cpp, line 773]
Event: 1.239 Thread 0x0000019bbaf80000 Exception <a 'java/lang/NoSuchMethodError'{0x000000071165be10}: 'void java.lang.invoke.DirectMethodHandle$Holder.invokeVirtual(java.lang.Object, java.lang.Object)'> (0x000000071165be10) thrown at [./src/hotspot/share/interpreter/linkResolver.cpp, line 773]
Event: 1.246 Thread 0x0000019bbaf80000 Exception <a 'java/lang/NoSuchMethodError'{0x00000007116ce480}: 'int java.lang.invoke.DirectMethodHandle$Holder.invokeVirtual(java.lang.Object, java.lang.Object)'> (0x00000007116ce480) thrown at [./src/hotspot/share/interpreter/linkResolver.cpp, line 773]
Event: 1.855 Thread 0x0000019bbaf80000 Exception <a 'java/lang/NoSuchMethodError'{0x00000007124d6d38}: 'java.lang.Object java.lang.invoke.DirectMethodHandle$Holder.invokeVirtual(java.lang.Object, java.lang.Object, java.lang.Object)'> (0x00000007124d6d38) thrown at [./src/hotspot/share/interpreter/linkResolver.cpp, line 773]
Event: 2.362 Thread 0x0000019bbaf80000 Exception <a 'java/lang/NoSuchMethodError'{0x0000000714f0a3c0}: 'java.lang.Object java.lang.invoke.Invokers$Holder.linkToTargetMethod(java.lang.Object, int, java.lang.Object)'> (0x0000000714f0a3c0) thrown at [./src/hotspot/share/interpreter/linkResolver.cpp, line 773]
Event: 2.477 Thread 0x0000019bbaf80000 Exception <a 'java/lang/NoSuchMethodError'{0x0000000714b42b50}: 'java.lang.Object java.lang.invoke.DirectMethodHandle$Holder.invokeStatic(java.lang.Object, java.lang.Object, java.lang.Object, int)'> (0x0000000714b42b50) thrown at [./src/hotspot/share/interpreter/linkResolver.cpp, line 773]
Event: 2.478 Thread 0x0000019bbaf80000 Exception <a 'java/lang/NoSuchMethodError'{0x0000000714b467c0}: 'java.lang.Object java.lang.invoke.DirectMethodHandle$Holder.invokeSpecial(java.lang.Object, java.lang.Object, java.lang.Object, java.lang.Object, int)'> (0x0000000714b467c0) thrown at [./src/hotspot/share/interpreter/linkResolver.cpp, line 773]
Event: 2.478 Thread 0x0000019bbaf80000 Exception <a 'java/lang/NoSuchMethodError'{0x0000000714b49ad0}: 'java.lang.Object java.lang.invoke.Invokers$Holder.linkToTargetMethod(java.lang.Object, java.lang.Object, int, java.lang.Object)'> (0x0000000714b49ad0) thrown at [./src/hotspot/share/interpreter/linkResolver.cpp, line 773]
Event: 3.369 Thread 0x0000019bbaf80000 Exception <a 'java/lang/NoSuchMethodError'{0x0000000712bcc920}: 'java.lang.Object java.lang.invoke.DirectMethodHandle$Holder.invokeSpecial(java.lang.Object, java.lang.Object, java.lang.Object, java.lang.Object, java.lang.Object, int)'> (0x0000000712bcc920) thrown at [./src/hotspot/share/interpreter/linkResolver.cpp, line 773]
Event: 3.370 Thread 0x0000019bbaf80000 Exception <a 'java/lang/NoSuchMethodError'{0x0000000712bd04c0}: 'java.lang.Object java.lang.invoke.Invokers$Holder.linkToTargetMethod(java.lang.Object, java.lang.Object, java.lang.Object, int, java.lang.Object)'> (0x0000000712bd04c0) thrown at [./src/hotspot/share/interpreter/linkResolver.cpp, line 773]
Event: 3.663 Thread 0x0000019bbaf80000 Implicit null exception at 0x0000019bc66ea57e to 0x0000019bc66ea840

Events (20 events):
Event: 3.715 loading class org/jetbrains/kotlin/com/intellij/openapi/util/Ref
Event: 3.715 loading class org/jetbrains/kotlin/com/intellij/openapi/util/Ref done
Event: 3.715 loading class org/jetbrains/kotlin/com/intellij/openapi/util/Ref
Event: 3.715 loading class org/jetbrains/kotlin/com/intellij/openapi/util/Ref done
Event: 3.715 loading class java/util/ComparableTimSort
Event: 3.716 loading class java/util/ComparableTimSort done
Event: 3.716 loading class org/jetbrains/kotlin/com/intellij/util/containers/ConcurrentWeakKeyWeakValueHashMap$WeakValue
Event: 3.716 loading class org/jetbrains/kotlin/com/intellij/util/containers/ConcurrentWeakKeyWeakValueHashMap$WeakValue done
Event: 3.716 loading class org/jetbrains/kotlin/com/intellij/psi/PsiClassLevelDeclarationStatement
Event: 3.716 loading class org/jetbrains/kotlin/com/intellij/psi/PsiClassLevelDeclarationStatement done
Event: 3.858 Executing VM operation: ICBufferFull
Event: 3.859 Executing VM operation: ICBufferFull done
Event: 3.892 Executing VM operation: G1CollectForAllocation
Event: 3.901 Executing VM operation: G1CollectForAllocation done
Event: 3.908 loading class org/jetbrains/kotlin/com/intellij/psi/impl/source/tree/java/AnnotationElement
Event: 3.908 loading class org/jetbrains/kotlin/com/intellij/psi/impl/source/tree/java/AnnotationElement done
Event: 3.908 loading class org/jetbrains/kotlin/com/intellij/psi/impl/source/tree/java/AnnotationParamListElement
Event: 3.908 loading class org/jetbrains/kotlin/com/intellij/psi/impl/source/tree/java/AnnotationParamListElement done
Event: 3.910 loading class org/jetbrains/kotlin/resolve/scopes/receivers/ClassQualifier
Event: 3.910 loading class org/jetbrains/kotlin/resolve/scopes/receivers/ClassQualifier done


Dynamic libraries:
0x00007ff6096e0000 - 0x00007ff6096ea000 	C:\Program Files\Android\Android Studio\jre\bin\java.exe
0x00007ffc336f0000 - 0x00007ffc338e7000 	C:\WINDOWS\SYSTEM32\ntdll.dll
0x00007ffc32fc0000 - 0x00007ffc3307d000 	C:\WINDOWS\System32\KERNEL32.DLL
0x00007ffc31240000 - 0x00007ffc3150d000 	C:\WINDOWS\System32\KERNELBASE.dll
0x00007ffc310f0000 - 0x00007ffc311f0000 	C:\WINDOWS\System32\ucrtbase.dll
0x00007ffc29b70000 - 0x00007ffc29b89000 	C:\Program Files\Android\Android Studio\jre\bin\jli.dll
0x00007ffc24c30000 - 0x00007ffc24c47000 	C:\Program Files\Android\Android Studio\jre\bin\VCRUNTIME140.dll
0x00007ffc32940000 - 0x00007ffc32ae0000 	C:\WINDOWS\System32\USER32.dll
0x00007ffc041f0000 - 0x00007ffc0448a000 	C:\WINDOWS\WinSxS\amd64_microsoft.windows.common-controls_6595b64144ccf1df_6.0.19041.1110_none_60b5254171f9507e\COMCTL32.dll
0x00007ffc310c0000 - 0x00007ffc310e2000 	C:\WINDOWS\System32\win32u.dll
0x00007ffc32f20000 - 0x00007ffc32fbe000 	C:\WINDOWS\System32\msvcrt.dll
0x00007ffc33080000 - 0x00007ffc330aa000 	C:\WINDOWS\System32\GDI32.dll
0x00007ffc31610000 - 0x00007ffc3171b000 	C:\WINDOWS\System32\gdi32full.dll
0x00007ffc31020000 - 0x00007ffc310bd000 	C:\WINDOWS\System32\msvcp_win.dll
0x00007ffc33470000 - 0x00007ffc334a0000 	C:\WINDOWS\System32\IMM32.DLL
0x00007ffbedae0000 - 0x00007ffbedb7d000 	C:\Program Files\Android\Android Studio\jre\bin\msvcp140.dll
0x00007ffbf1120000 - 0x00007ffbf1c05000 	C:\Program Files\Android\Android Studio\jre\bin\server\jvm.dll
0x00007ffc31e40000 - 0x00007ffc31eee000 	C:\WINDOWS\System32\ADVAPI32.dll
0x00007ffc32c70000 - 0x00007ffc32d0c000 	C:\WINDOWS\System32\sechost.dll
0x00007ffc326f0000 - 0x00007ffc32815000 	C:\WINDOWS\System32\RPCRT4.dll
0x00007ffc32b40000 - 0x00007ffc32b48000 	C:\WINDOWS\System32\PSAPI.DLL
0x00007ffc2a160000 - 0x00007ffc2a169000 	C:\WINDOWS\SYSTEM32\WSOCK32.dll
0x00007ffc20650000 - 0x00007ffc20677000 	C:\WINDOWS\SYSTEM32\WINMM.dll
0x00007ffc25f80000 - 0x00007ffc25f8a000 	C:\WINDOWS\SYSTEM32\VERSION.dll
0x00007ffc32bd0000 - 0x00007ffc32c3b000 	C:\WINDOWS\System32\WS2_32.dll
0x00007ffc2f5e0000 - 0x00007ffc2f5f2000 	C:\WINDOWS\SYSTEM32\kernel.appcore.dll
0x00007ffc297e0000 - 0x00007ffc297f1000 	C:\Program Files\Android\Android Studio\jre\bin\verify.dll
0x00007ffc2f280000 - 0x00007ffc2f464000 	C:\WINDOWS\SYSTEM32\DBGHELP.DLL
0x00007ffc25190000 - 0x00007ffc251bc000 	C:\WINDOWS\SYSTEM32\dbgcore.DLL
0x00007ffc31580000 - 0x00007ffc31602000 	C:\WINDOWS\System32\bcryptPrimitives.dll
0x00007ffc24390000 - 0x00007ffc243b9000 	C:\Program Files\Android\Android Studio\jre\bin\java.dll
0x00007ffc29fa0000 - 0x00007ffc29fab000 	C:\Program Files\Android\Android Studio\jre\bin\jimage.dll
0x00007ffc23ef0000 - 0x00007ffc23f08000 	C:\Program Files\Android\Android Studio\jre\bin\zip.dll
0x00007ffc31ef0000 - 0x00007ffc32634000 	C:\WINDOWS\System32\SHELL32.dll
0x00007ffc2ead0000 - 0x00007ffc2f264000 	C:\WINDOWS\SYSTEM32\windows.storage.dll
0x00007ffc33110000 - 0x00007ffc33464000 	C:\WINDOWS\System32\combase.dll
0x00007ffc30790000 - 0x00007ffc307bc000 	C:\WINDOWS\SYSTEM32\Wldp.dll
0x00007ffc31ca0000 - 0x00007ffc31d4d000 	C:\WINDOWS\System32\SHCORE.dll
0x00007ffc32d10000 - 0x00007ffc32d65000 	C:\WINDOWS\System32\shlwapi.dll
0x00007ffc30d50000 - 0x00007ffc30d6f000 	C:\WINDOWS\SYSTEM32\profapi.dll
0x00007ffc23df0000 - 0x00007ffc23e0a000 	C:\Program Files\Android\Android Studio\jre\bin\net.dll
0x00007ffc2fe20000 - 0x00007ffc2ff2a000 	C:\WINDOWS\SYSTEM32\WINHTTP.dll
0x00007ffc30570000 - 0x00007ffc305da000 	C:\WINDOWS\system32\mswsock.dll
0x00007ffc21eb0000 - 0x00007ffc21ec4000 	C:\Program Files\Android\Android Studio\jre\bin\nio.dll

dbghelp: loaded successfully - version: 4.0.5 - missing functions: none
symbol engine: initialized successfully - sym options: 0x614 - pdb path: .;C:\Program Files\Android\Android Studio\jre\bin;C:\WINDOWS\SYSTEM32;C:\WINDOWS\WinSxS\amd64_microsoft.windows.common-controls_6595b64144ccf1df_6.0.19041.1110_none_60b5254171f9507e;C:\Program Files\Android\Android Studio\jre\bin\server

VM Arguments:
java_command: org.jetbrains.kotlin.cli.jvm.K2JVMCompiler @C:\Users\gmaxim\AndroidStudioProjects\MyApplication3\app\build\20220619_15863133484732866071.compiler.options
java_class_path (initial): C:\Users\gmaxim\.gradle\caches\modules-2\files-2.1\org.jetbrains.kotlin\kotlin-compiler-embeddable\1.6.10\88f2073f4020cdb83132cfe940ceb9a60aba54ea\kotlin-compiler-embeddable-1.6.10.jar;C:\Users\gmaxim\.gradle\caches\modules-2\files-2.1\org.jetbrains.kotlin\kotlin-reflect\1.6.10\1cbe9c92c12a94eea200d23c2bbaedaf3daf5132\kotlin-reflect-1.6.10.jar;C:\Users\gmaxim\.gradle\caches\modules-2\files-2.1\org.jetbrains.kotlin\kotlin-stdlib\1.6.10\b8af3fe6f1ca88526914929add63cf5e7c5049af\kotlin-stdlib-1.6.10.jar;C:\Users\gmaxim\.gradle\caches\modules-2\files-2.1\org.jetbrains.kotlin\kotlin-script-runtime\1.6.10\d0a7ff2e2500ef497ed0214ae40ad3c8387a6164\kotlin-script-runtime-1.6.10.jar;C:\Users\gmaxim\.gradle\caches\modules-2\files-2.1\org.jetbrains.kotlin\kotlin-daemon-embeddable\1.6.10\a56d79bcbea411fa6058e4ecffc2de73e742bd2a\kotlin-daemon-embeddable-1.6.10.jar;C:\Users\gmaxim\.gradle\caches\modules-2\files-2.1\org.jetbrains.intellij.deps\trove4j\1.0.20181211\216c2e14b070f334479d800987affe4054cd563f\trove4j-1.0.20181211.jar;C:\Users\gmaxim\.gradle\caches\modules-2\files-2.1\net.java.dev.jna\jna\5.6.0\330f2244e9030119ab3030fc3fededc86713d9cc\jna-5.6.0.jar;C:\Users\gmaxim\.gradle\caches\modules-2\files-2.1\org.jetbrains\annotations\13.0\919f0dfe192fb4e063e7dacadee7f8bb9a2672a9\annotations-13.0.jar;C:\Users\gmaxim\.gradle\caches\modules-2\files-2.1\org.jetbrains.kotlin\kotlin-stdlib-common\1.6.10\c118700e3a33c8a0d9adc920e9dec0831171925\kotlin-stdlib-common-1.6.10.jar
Launcher Type: SUN_STANDARD

[Global flags]
     intx CICompilerCount                          = 4                                         {product} {ergonomic}
     uint ConcGCThreads                            = 3                                         {product} {ergonomic}
     uint G1ConcRefinementThreads                  = 10                                        {product} {ergonomic}
   size_t G1HeapRegionSize                         = 1048576                                   {product} {ergonomic}
    uintx GCDrainStackTargetSize                   = 64                                        {product} {ergonomic}
   size_t InitialHeapSize                          = 266338304                                 {product} {ergonomic}
   size_t MarkStackSize                            = 4194304                                   {product} {ergonomic}
   size_t MaxHeapSize                              = 4246732800                                {product} {ergonomic}
   size_t MaxNewSize                               = 2548039680                                {product} {ergonomic}
   size_t MinHeapDeltaBytes                        = 1048576                                   {product} {ergonomic}
    uintx NonNMethodCodeHeapSize                   = 5836300                                {pd product} {ergonomic}
    uintx NonProfiledCodeHeapSize                  = 122910970                              {pd product} {ergonomic}
    uintx ProfiledCodeHeapSize                     = 122910970                              {pd product} {ergonomic}
    uintx ReservedCodeCacheSize                    = 251658240                              {pd product} {ergonomic}
     bool SegmentedCodeCache                       = true                                      {product} {ergonomic}
     bool UseCompressedClassPointers               = true                                 {lp64_product} {ergonomic}
     bool UseCompressedOops                        = true                                 {lp64_product} {ergonomic}
     bool UseG1GC                                  = true                                      {product} {ergonomic}
     bool UseLargePagesIndividualAllocation        = false                                  {pd product} {ergonomic}

Logging:
Log output configuration:
 #0: stdout all=warning uptime,level,tags
 #1: stderr all=off uptime,level,tags

Environment Variables:
JAVA_HOME=C:\Program Files\Java\jdk-18.0.1.1
PATH=C:\Program Files\Common Files\Oracle\Java\javapath;C:\Program Files\Python310\Scripts\;C:\Program Files\Python310\;D:\Programs\Python310\Scripts\;D:\Programs\Python310\;C:\Python38\Scripts\;C:\Python38\;C:\WINDOWS\system32;C:\WINDOWS;C:\WINDOWS\System32\Wbem;C:\WINDOWS\System32\WindowsPowerShell\v1.0\;C:\WINDOWS\System32\OpenSSH\;D:\php-7.3.10-nts-Win32-VC15-x64;C:\Program Files\Docker\Docker\resources\bin;C:\ProgramData\chocolatey\bin;C:\Users\gmaxim\AppData\Local\Programs\Python\Python38-32\Scripts\;C:\Users\gmaxim\AppData\Local\Programs\Python\Python38-32\;C:\Users\gmaxim\AppData\Local\Programs\Python\Python38-32\python.exe;C:\Users\gmaxim\Desktop\zip.exe;C:\Program Files\dotnet\;C:\Program Files\MongoDB\Server\4.2\bin;C:\Program Files\Git\cmd;C:\Program Files\Java\jdk-18.0.1.1\bin;C:\Python38\Scripts\;C:\Python38\;C:\ProgramData\DockerDesktop\version-bin;C:\Program Files\Docker\Docker\Resources\bin;C:\Windows\system32;C:\Windows;C:\Windows\System32\Wbem;C:\Windows\System32\WindowsPowerShell\v1.0\;C:\Windows\System32\OpenSSH\;D:\php-7.3.10-nts-Win32-VC15-x64;C:\Program Files\Docker\Docker\resources\bin;C:\ProgramData\chocolatey\bin;C:\Users\gmaxim\AppData\Local\Programs\Python\Python38-32\Scripts\;C:\Users\gmaxim\AppData\Local\Programs\Python\Python38-32\;C:\Users\gmaxim\AppData\Local\Programs\Python\Python38-32\python.exe;C:\Users\gmaxim\Desktop\zip.exe;C:\Program Files\dotnet\;C:\Program Files\Microsoft SQL Server\130\Tools\Binn\;C:\Program Files\PuTTY\;C:\Program Files\MongoDB\Server\4.2\bin;C:\Program Files\nodejs\;C:\Program Files\Git\cmd;C:\Users\gmaxim\AppData\Local\Microsoft\WindowsApps;C:\Program Files\JetBrains\PhpStorm 2019.2.3\bin;C:\Program Files (x86)\clisp-2.49;C:\Program Files\JetBrains\IntelliJ IDEA 2019.3.3\bin;C:\Users\gmaxim\AppData\Roaming\npm\;C:\Program Files\JetBrains\IntelliJ IDEA Community Edition 2020.3\bin;;C:\Users\gmaxim\AppData\Local\Programs\mongosh\;D:\GO\;C:\Users\gmaxim\AppData\Local\Microsoft\WindowsApps;;D:\Programs\Microsof
USERNAME=gmaxim
OS=Windows_NT
PROCESSOR_IDENTIFIER=Intel64 Family 6 Model 158 Stepping 10, GenuineIntel



---------------  S Y S T E M  ---------------

OS: Windows 10 , 64 bit Build 19041 (10.0.19041.1741)
OS uptime: 2 days 20:01 hours
Hyper-V role detected

CPU:total 12 (initial active 12) (6 cores per cpu, 2 threads per core) family 6 model 158 stepping 10 microcode 0xb4, cmov, cx8, fxsr, mmx, sse, sse2, sse3, ssse3, sse4.1, sse4.2, popcnt, avx, avx2, aes, clmul, erms, rtm, 3dnowpref, lzcnt, ht, tsc, tscinvbit, bmi1, bmi2, adx, fma

Memory: 4k page, system-wide physical 16198M (1738M free)
TotalPageFile size 22246M (AvailPageFile size 4M)
current process WorkingSet (physical memory assigned to process): 316M, peak: 319M
current process commit charge ("private bytes"): 528M, peak: 534M

vm_info: OpenJDK 64-Bit Server VM (11.0.12+7-b1504.28-7817840) for windows-amd64 JRE (11.0.12+7-b1504.28-7817840), built on Oct 13 2021 22:12:33 by "builder" with MS VC++ 14.0 (VS2015)

END.
