#
# There is insufficient memory for the Java Runtime Environment to continue.
# Native memory allocation (malloc) failed to allocate 32744 bytes for ChunkPool::allocate
# Possible reasons:
#   The system is out of physical RAM or swap space
#   The process is running with CompressedOops enabled, and the Java Heap may be blocking the growth of the native heap
# Possible solutions:
#   Reduce memory load on the system
#   Increase physical memory or swap space
#   Check if swap backing store is full
#   Decrease Java heap size (-Xmx/-Xms)
#   Decrease number of Java threads
#   Decrease Java thread stack sizes (-Xss)
#   Set larger code cache with -XX:ReservedCodeCacheSize=
#   JVM is running with Zero Based Compressed Oops mode in which the Java heap is
#     placed in the first 32GB address space. The Java Heap base address is the
#     maximum limit for the native heap growth. Please use -XX:HeapBaseMinAddress
#     to set the Java Heap base and to place the Java Heap above 32GB virtual address.
# This output file may be truncated or incomplete.
#
#  Out of Memory Error (./src/hotspot/share/memory/arena.cpp:81), pid=22992, tid=21112
#
# JRE version: OpenJDK Runtime Environment (11.0.12+7) (build 11.0.12+7-b1504.28-7817840)
# Java VM: OpenJDK 64-Bit Server VM (11.0.12+7-b1504.28-7817840, mixed mode, tiered, compressed oops, g1 gc, windows-amd64)
# No core dump will be written. Minidumps are not enabled by default on client versions of Windows
#

---------------  S U M M A R Y ------------

Command Line: org.jetbrains.kotlin.cli.jvm.K2JVMCompiler @C:\Users\gmaxim\AndroidStudioProjects\MyApplication3\app\build\20220619_15554267569856132576.compiler.options

Host: Intel(R) Core(TM) i7-8850H CPU @ 2.60GHz, 12 cores, 15G,  Windows 10 , 64 bit Build 19041 (10.0.19041.1741)
Time: Sun Jun 19 17:42:53 2022 GTB Daylight Time elapsed time: 1.452302 seconds (0d 0h 0m 1s)

---------------  T H R E A D  ---------------

Current thread (0x000001b736f8f000):  JavaThread "main" [_thread_in_vm, id=21112, stack(0x00000040cc600000,0x00000040cc700000)]

Stack: [0x00000040cc600000,0x00000040cc700000]
Native frames: (J=compiled Java code, j=interpreted, Vv=VM code, C=native code)
V  [jvm.dll+0x5fbcea]
V  [jvm.dll+0x731905]
V  [jvm.dll+0x732f1d]
V  [jvm.dll+0x7335d3]
V  [jvm.dll+0x247bf8]
V  [jvm.dll+0xc041b]
V  [jvm.dll+0xc06cc]
V  [jvm.dll+0x24ede0]
V  [jvm.dll+0x24f103]
V  [jvm.dll+0x24e73e]
V  [jvm.dll+0x24e506]
V  [jvm.dll+0x1c0f9c]
V  [jvm.dll+0x1c09ea]
V  [jvm.dll+0x4d3bfd]
V  [jvm.dll+0x6cf38b]
V  [jvm.dll+0x3eb3b4]
V  [jvm.dll+0x3ef679]
C  [java.dll+0x19b4]

Java frames: (J=compiled Java code, j=interpreted, Vv=VM code)
J 513  java.lang.ClassLoader.defineClass1(Ljava/lang/ClassLoader;Ljava/lang/String;[BIILjava/security/ProtectionDomain;Ljava/lang/String;)Ljava/lang/Class; java.base@11.0.12 (0 bytes) @ 0x000001b743d76c0b [0x000001b743d76b40+0x00000000000000cb]
J 455 c1 java.lang.ClassLoader.defineClass(Ljava/lang/String;[BIILjava/security/ProtectionDomain;)Ljava/lang/Class; java.base@11.0.12 (43 bytes) @ 0x000001b73c8de47c [0x000001b73c8de120+0x000000000000035c]
J 386 c1 jdk.internal.loader.BuiltinClassLoader.defineClass(Ljava/lang/String;Ljdk/internal/loader/Resource;)Ljava/lang/Class; java.base@11.0.12 (121 bytes) @ 0x000001b73c8bc834 [0x000001b73c8bb6c0+0x0000000000001174]
J 343 c1 jdk.internal.loader.BuiltinClassLoader.findClassOnClassPathOrNull(Ljava/lang/String;)Ljava/lang/Class; java.base@11.0.12 (64 bytes) @ 0x000001b73c89d7b4 [0x000001b73c89d5c0+0x00000000000001f4]
J 222 c1 jdk.internal.loader.BuiltinClassLoader.loadClassOrNull(Ljava/lang/String;Z)Ljava/lang/Class; java.base@11.0.12 (143 bytes) @ 0x000001b73c8697d4 [0x000001b73c868600+0x00000000000011d4]
J 370 c1 jdk.internal.loader.ClassLoaders$AppClassLoader.loadClass(Ljava/lang/String;Z)Ljava/lang/Class; java.base@11.0.12 (40 bytes) @ 0x000001b73c8afca4 [0x000001b73c8af6e0+0x00000000000005c4]
J 306 c1 java.lang.ClassLoader.loadClass(Ljava/lang/String;)Ljava/lang/Class; java.base@11.0.12 (7 bytes) @ 0x000001b73c88704c [0x000001b73c886f40+0x000000000000010c]
v  ~StubRoutines::call_stub
J 513  java.lang.ClassLoader.defineClass1(Ljava/lang/ClassLoader;Ljava/lang/String;[BIILjava/security/ProtectionDomain;Ljava/lang/String;)Ljava/lang/Class; java.base@11.0.12 (0 bytes) @ 0x000001b743d76c0b [0x000001b743d76b40+0x00000000000000cb]
J 455 c1 java.lang.ClassLoader.defineClass(Ljava/lang/String;[BIILjava/security/ProtectionDomain;)Ljava/lang/Class; java.base@11.0.12 (43 bytes) @ 0x000001b73c8de47c [0x000001b73c8de120+0x000000000000035c]
J 386 c1 jdk.internal.loader.BuiltinClassLoader.defineClass(Ljava/lang/String;Ljdk/internal/loader/Resource;)Ljava/lang/Class; java.base@11.0.12 (121 bytes) @ 0x000001b73c8bc834 [0x000001b73c8bb6c0+0x0000000000001174]
J 343 c1 jdk.internal.loader.BuiltinClassLoader.findClassOnClassPathOrNull(Ljava/lang/String;)Ljava/lang/Class; java.base@11.0.12 (64 bytes) @ 0x000001b73c89d7b4 [0x000001b73c89d5c0+0x00000000000001f4]
J 222 c1 jdk.internal.loader.BuiltinClassLoader.loadClassOrNull(Ljava/lang/String;Z)Ljava/lang/Class; java.base@11.0.12 (143 bytes) @ 0x000001b73c8697d4 [0x000001b73c868600+0x00000000000011d4]
J 370 c1 jdk.internal.loader.ClassLoaders$AppClassLoader.loadClass(Ljava/lang/String;Z)Ljava/lang/Class; java.base@11.0.12 (40 bytes) @ 0x000001b73c8afca4 [0x000001b73c8af6e0+0x00000000000005c4]
J 306 c1 java.lang.ClassLoader.loadClass(Ljava/lang/String;)Ljava/lang/Class; java.base@11.0.12 (7 bytes) @ 0x000001b73c88704c [0x000001b73c886f40+0x000000000000010c]
v  ~StubRoutines::call_stub
j  org.jetbrains.kotlin.psi.stubs.elements.KtFunctionElementType.<init>(Ljava/lang/String;)V+10
j  org.jetbrains.kotlin.psi.stubs.elements.KtStubElementTypes.<clinit>()V+24
v  ~StubRoutines::call_stub
j  org.jetbrains.kotlin.psi.KtFile.<clinit>()V+18
v  ~StubRoutines::call_stub
j  org.jetbrains.kotlin.parsing.KotlinParserDefinition.createFile(Lorg/jetbrains/kotlin/com/intellij/psi/FileViewProvider;)Lorg/jetbrains/kotlin/com/intellij/psi/PsiFile;+6
j  org.jetbrains.kotlin.com.intellij.psi.AbstractFileViewProvider.createFile(Lorg/jetbrains/kotlin/com/intellij/lang/Language;)Lorg/jetbrains/kotlin/com/intellij/psi/PsiFile;+36
j  org.jetbrains.kotlin.com.intellij.psi.AbstractFileViewProvider.createFile(Lorg/jetbrains/kotlin/com/intellij/openapi/vfs/VirtualFile;Lorg/jetbrains/kotlin/com/intellij/openapi/fileTypes/FileType;Lorg/jetbrains/kotlin/com/intellij/lang/Language;)Lorg/jetbrains/kotlin/com/intellij/psi/PsiFile;+96
j  org.jetbrains.kotlin.com.intellij.psi.AbstractFileViewProvider.createFile(Lorg/jetbrains/kotlin/com/intellij/openapi/project/Project;Lorg/jetbrains/kotlin/com/intellij/openapi/vfs/VirtualFile;Lorg/jetbrains/kotlin/com/intellij/openapi/fileTypes/FileType;)Lorg/jetbrains/kotlin/com/intellij/psi/PsiFile;+32
j  org.jetbrains.kotlin.com.intellij.psi.SingleRootFileViewProvider.createFile()Lorg/jetbrains/kotlin/com/intellij/psi/PsiFile;+23
j  org.jetbrains.kotlin.com.intellij.psi.SingleRootFileViewProvider.getPsiInner(Lorg/jetbrains/kotlin/com/intellij/lang/Language;)Lorg/jetbrains/kotlin/com/intellij/psi/PsiFile;+29
j  org.jetbrains.kotlin.com.intellij.psi.AbstractFileViewProvider.getPsi(Lorg/jetbrains/kotlin/com/intellij/lang/Language;)Lorg/jetbrains/kotlin/com/intellij/psi/PsiFile;+61
j  org.jetbrains.kotlin.com.intellij.psi.impl.file.impl.FileManagerImpl.findFile(Lorg/jetbrains/kotlin/com/intellij/openapi/vfs/VirtualFile;)Lorg/jetbrains/kotlin/com/intellij/psi/PsiFile;+78
j  org.jetbrains.kotlin.com.intellij.psi.impl.PsiManagerImpl.findFile(Lorg/jetbrains/kotlin/com/intellij/openapi/vfs/VirtualFile;)Lorg/jetbrains/kotlin/com/intellij/psi/PsiFile;+17
j  org.jetbrains.kotlin.cli.jvm.compiler.CoreEnvironmentUtilsKt.createSourceFilesFromSourceRoots(Lorg/jetbrains/kotlin/config/CompilerConfiguration;Lorg/jetbrains/kotlin/com/intellij/openapi/project/Project;Ljava/util/List;Lorg/jetbrains/kotlin/cli/common/messages/CompilerMessageLocation;)Ljava/util/List;+397
j  org.jetbrains.kotlin.cli.jvm.compiler.CoreEnvironmentUtilsKt.createSourceFilesFromSourceRoots$default(Lorg/jetbrains/kotlin/config/CompilerConfiguration;Lorg/jetbrains/kotlin/com/intellij/openapi/project/Project;Ljava/util/List;Lorg/jetbrains/kotlin/cli/common/messages/CompilerMessageLocation;ILjava/lang/Object;)Ljava/util/List;+17
j  org.jetbrains.kotlin.cli.jvm.compiler.KotlinCoreEnvironment.createKtFiles(Lorg/jetbrains/kotlin/com/intellij/openapi/project/Project;)Ljava/util/List;+13
j  org.jetbrains.kotlin.cli.jvm.compiler.KotlinCoreEnvironment.<init>(Lorg/jetbrains/kotlin/cli/jvm/compiler/KotlinCoreEnvironment$ProjectEnvironment;Lorg/jetbrains/kotlin/config/CompilerConfiguration;Lorg/jetbrains/kotlin/cli/jvm/compiler/EnvironmentConfigFiles;)V+383
j  org.jetbrains.kotlin.cli.jvm.compiler.KotlinCoreEnvironment.<init>(Lorg/jetbrains/kotlin/cli/jvm/compiler/KotlinCoreEnvironment$ProjectEnvironment;Lorg/jetbrains/kotlin/config/CompilerConfiguration;Lorg/jetbrains/kotlin/cli/jvm/compiler/EnvironmentConfigFiles;Lkotlin/jvm/internal/DefaultConstructorMarker;)V+4
j  org.jetbrains.kotlin.cli.jvm.compiler.KotlinCoreEnvironment$Companion.createForProduction(Lorg/jetbrains/kotlin/com/intellij/openapi/Disposable;Lorg/jetbrains/kotlin/config/CompilerConfiguration;Lorg/jetbrains/kotlin/cli/jvm/compiler/EnvironmentConfigFiles;)Lorg/jetbrains/kotlin/cli/jvm/compiler/KotlinCoreEnvironment;+54
j  org.jetbrains.kotlin.cli.jvm.K2JVMCompiler.createCoreEnvironment(Lorg/jetbrains/kotlin/com/intellij/openapi/Disposable;Lorg/jetbrains/kotlin/config/CompilerConfiguration;Lorg/jetbrains/kotlin/cli/common/messages/MessageCollector;Ljava/lang/String;)Lorg/jetbrains/kotlin/cli/jvm/compiler/KotlinCoreEnvironment;+19
j  org.jetbrains.kotlin.cli.jvm.K2JVMCompiler.doExecute(Lorg/jetbrains/kotlin/cli/common/arguments/K2JVMCompilerArguments;Lorg/jetbrains/kotlin/config/CompilerConfiguration;Lorg/jetbrains/kotlin/com/intellij/openapi/Disposable;Lorg/jetbrains/kotlin/utils/KotlinPaths;)Lorg/jetbrains/kotlin/cli/common/ExitCode;+1125
j  org.jetbrains.kotlin.cli.jvm.K2JVMCompiler.doExecute(Lorg/jetbrains/kotlin/cli/common/arguments/CommonCompilerArguments;Lorg/jetbrains/kotlin/config/CompilerConfiguration;Lorg/jetbrains/kotlin/com/intellij/openapi/Disposable;Lorg/jetbrains/kotlin/utils/KotlinPaths;)Lorg/jetbrains/kotlin/cli/common/ExitCode;+9
j  org.jetbrains.kotlin.cli.common.CLICompiler.execImpl(Lorg/jetbrains/kotlin/cli/common/messages/MessageCollector;Lorg/jetbrains/kotlin/config/Services;Lorg/jetbrains/kotlin/cli/common/arguments/CommonCompilerArguments;)Lorg/jetbrains/kotlin/cli/common/ExitCode;+219
j  org.jetbrains.kotlin.cli.common.CLICompiler.execImpl(Lorg/jetbrains/kotlin/cli/common/messages/MessageCollector;Lorg/jetbrains/kotlin/config/Services;Lorg/jetbrains/kotlin/cli/common/arguments/CommonToolArguments;)Lorg/jetbrains/kotlin/cli/common/ExitCode;+7
j  org.jetbrains.kotlin.cli.common.CLITool.exec(Lorg/jetbrains/kotlin/cli/common/messages/MessageCollector;Lorg/jetbrains/kotlin/config/Services;Lorg/jetbrains/kotlin/cli/common/arguments/CommonToolArguments;)Lorg/jetbrains/kotlin/cli/common/ExitCode;+76
j  org.jetbrains.kotlin.cli.common.CLITool.exec(Ljava/io/PrintStream;Lorg/jetbrains/kotlin/config/Services;Lorg/jetbrains/kotlin/cli/common/messages/MessageRenderer;[Ljava/lang/String;)Lorg/jetbrains/kotlin/cli/common/ExitCode;+209
j  org.jetbrains.kotlin.cli.common.CLITool.exec(Ljava/io/PrintStream;Lorg/jetbrains/kotlin/cli/common/messages/MessageRenderer;[Ljava/lang/String;)Lorg/jetbrains/kotlin/cli/common/ExitCode;+25
j  org.jetbrains.kotlin.cli.common.CLITool$Companion.doMainNoExit(Lorg/jetbrains/kotlin/cli/common/CLITool;[Ljava/lang/String;Lorg/jetbrains/kotlin/cli/common/messages/MessageRenderer;)Lorg/jetbrains/kotlin/cli/common/ExitCode;+39
j  org.jetbrains.kotlin.cli.common.CLITool$Companion.doMainNoExit$default(Lorg/jetbrains/kotlin/cli/common/CLITool$Companion;Lorg/jetbrains/kotlin/cli/common/CLITool;[Ljava/lang/String;Lorg/jetbrains/kotlin/cli/common/messages/MessageRenderer;ILjava/lang/Object;)Lorg/jetbrains/kotlin/cli/common/ExitCode;+16
j  org.jetbrains.kotlin.cli.common.CLITool$Companion.doMain(Lorg/jetbrains/kotlin/cli/common/CLITool;[Ljava/lang/String;)V+57
j  org.jetbrains.kotlin.cli.jvm.K2JVMCompiler$Companion.main([Ljava/lang/String;)V+20
j  org.jetbrains.kotlin.cli.jvm.K2JVMCompiler.main([Ljava/lang/String;)V+4
v  ~StubRoutines::call_stub

---------------  P R O C E S S  ---------------

Threads class SMR info:
_java_thread_list=0x000001b758e0a1d0, length=12, elements={
0x000001b736f8f000, 0x000001b758bd9800, 0x000001b758bda800, 0x000001b758c22800,
0x000001b758c66800, 0x000001b758c67800, 0x000001b758c6d000, 0x000001b758c70000,
0x000001b758c71800, 0x000001b758e10800, 0x000001b758e2c800, 0x000001b758e0c000
}

Java Threads: ( => current thread )
=>0x000001b736f8f000 JavaThread "main" [_thread_in_vm, id=21112, stack(0x00000040cc600000,0x00000040cc700000)]
  0x000001b758bd9800 JavaThread "Reference Handler" daemon [_thread_blocked, id=17152, stack(0x00000040ccd00000,0x00000040cce00000)]
  0x000001b758bda800 JavaThread "Finalizer" daemon [_thread_blocked, id=25512, stack(0x00000040cce00000,0x00000040ccf00000)]
  0x000001b758c22800 JavaThread "Signal Dispatcher" daemon [_thread_blocked, id=28636, stack(0x00000040ccf00000,0x00000040cd000000)]
  0x000001b758c66800 JavaThread "Attach Listener" daemon [_thread_blocked, id=9560, stack(0x00000040cd000000,0x00000040cd100000)]
  0x000001b758c67800 JavaThread "Service Thread" daemon [_thread_blocked, id=20568, stack(0x00000040cd100000,0x00000040cd200000)]
  0x000001b758c6d000 JavaThread "C2 CompilerThread0" daemon [_thread_in_native, id=9076, stack(0x00000040cd200000,0x00000040cd300000)]
  0x000001b758c70000 JavaThread "C1 CompilerThread0" daemon [_thread_blocked, id=14556, stack(0x00000040cd300000,0x00000040cd400000)]
  0x000001b758c71800 JavaThread "Sweeper thread" daemon [_thread_blocked, id=4864, stack(0x00000040cd400000,0x00000040cd500000)]
  0x000001b758e10800 JavaThread "Common-Cleaner" daemon [_thread_blocked, id=8724, stack(0x00000040cd600000,0x00000040cd700000)]
  0x000001b758e2c800 JavaThread "C2 CompilerThread1" daemon [_thread_blocked, id=27812, stack(0x00000040cd700000,0x00000040cd800000)]
  0x000001b758e0c000 JavaThread "C2 CompilerThread2" daemon [_thread_blocked, id=19060, stack(0x00000040cd800000,0x00000040cd900000)]

Other Threads:
  0x000001b75834e800 VMThread "VM Thread" [stack: 0x00000040ccc00000,0x00000040ccd00000] [id=26276]
  0x000001b758e07800 WatcherThread [stack: 0x00000040cd500000,0x00000040cd600000] [id=14308]
  0x000001b736fa7000 GCTaskThread "GC Thread#0" [stack: 0x00000040cc700000,0x00000040cc800000] [id=11596]
  0x000001b7594de800 GCTaskThread "GC Thread#1" [stack: 0x00000040cd900000,0x00000040cda00000] [id=17960]
  0x000001b7594db800 GCTaskThread "GC Thread#2" [stack: 0x00000040cda00000,0x00000040cdb00000] [id=28768]
  0x000001b7594df000 GCTaskThread "GC Thread#3" [stack: 0x00000040cdb00000,0x00000040cdc00000] [id=11608]
  0x000001b7594dd000 GCTaskThread "GC Thread#4" [stack: 0x00000040cdc00000,0x00000040cdd00000] [id=21276]
  0x000001b7594dc800 GCTaskThread "GC Thread#5" [stack: 0x00000040cdd00000,0x00000040cde00000] [id=15240]
  0x000001b737003000 ConcurrentGCThread "G1 Main Marker" [stack: 0x00000040cc800000,0x00000040cc900000] [id=16576]
  0x000001b737005000 ConcurrentGCThread "G1 Conc#0" [stack: 0x00000040cc900000,0x00000040cca00000] [id=7960]
  0x000001b7594e1800 ConcurrentGCThread "G1 Conc#1" [stack: 0x00000040cde00000,0x00000040cdf00000] [id=28324]
  0x000001b7594e0800 ConcurrentGCThread "G1 Conc#2" [stack: 0x00000040cdf00000,0x00000040ce000000] [id=12376]
  0x000001b758238000 ConcurrentGCThread "G1 Refine#0" [stack: 0x00000040cca00000,0x00000040ccb00000] [id=29212]
  0x000001b758239000 ConcurrentGCThread "G1 Young RemSet Sampling" [stack: 0x00000040ccb00000,0x00000040ccc00000] [id=28188]

Threads with active compile tasks:
C2 CompilerThread0   1471 1942   !   4       jdk.internal.loader.BuiltinClassLoader::loadClassOrNull (143 bytes)

VM state:not at safepoint (normal execution)

VM Mutex/Monitor currently owned by a thread: None

Heap address: 0x0000000702e00000, size: 4050 MB, Compressed Oops mode: Zero based, Oop shift amount: 3
Narrow klass base: 0x0000000800000000, Narrow klass shift: 0
Compressed class space size: 1073741824 Address: 0x0000000800000000

Heap:
 garbage-first heap   total 260096K, used 35796K [0x0000000702e00000, 0x0000000800000000)
  region size 1024K, 30 young (30720K), 6 survivors (6144K)
 Metaspace       used 28431K, capacity 28831K, committed 28848K, reserved 1075200K
  class space    used 3157K, capacity 3311K, committed 3328K, reserved 1048576K
Heap Regions: E=young(eden), S=young(survivor), O=old, HS=humongous(starts), HC=humongous(continues), CS=collection set, F=free, A=archive, TAMS=top-at-mark-start (previous, next)
|   0|0x0000000702e00000, 0x0000000702f00000, 0x0000000702f00000|100%|HS|  |TAMS 0x0000000702f00000, 0x0000000702e00000| Complete 
|   1|0x0000000702f00000, 0x0000000703000000, 0x0000000703000000|100%|HC|  |TAMS 0x0000000703000000, 0x0000000702f00000| Complete 
|   2|0x0000000703000000, 0x0000000703100000, 0x0000000703100000|100%|HC|  |TAMS 0x0000000703100000, 0x0000000703000000| Complete 
|   3|0x0000000703100000, 0x0000000703200000, 0x0000000703200000|100%|HS|  |TAMS 0x0000000703100000, 0x0000000703100000| Complete 
|   4|0x0000000703200000, 0x0000000703300000, 0x0000000703300000|100%|HC|  |TAMS 0x0000000703200000, 0x0000000703200000| Complete 
|   5|0x0000000703300000, 0x0000000703400000, 0x0000000703400000|100%|HC|  |TAMS 0x0000000703300000, 0x0000000703300000| Complete 
|   6|0x0000000703400000, 0x0000000703400000, 0x0000000703500000|  0%| F|  |TAMS 0x0000000703400000, 0x0000000703400000| Untracked 
|   7|0x0000000703500000, 0x0000000703500000, 0x0000000703600000|  0%| F|  |TAMS 0x0000000703500000, 0x0000000703500000| Untracked 
|   8|0x0000000703600000, 0x0000000703600000, 0x0000000703700000|  0%| F|  |TAMS 0x0000000703600000, 0x0000000703600000| Untracked 
|   9|0x0000000703700000, 0x0000000703700000, 0x0000000703800000|  0%| F|  |TAMS 0x0000000703700000, 0x0000000703700000| Untracked 
|  10|0x0000000703800000, 0x0000000703800000, 0x0000000703900000|  0%| F|  |TAMS 0x0000000703800000, 0x0000000703800000| Untracked 
|  11|0x0000000703900000, 0x0000000703900000, 0x0000000703a00000|  0%| F|  |TAMS 0x0000000703900000, 0x0000000703900000| Untracked 
|  12|0x0000000703a00000, 0x0000000703a00000, 0x0000000703b00000|  0%| F|  |TAMS 0x0000000703a00000, 0x0000000703a00000| Untracked 
|  13|0x0000000703b00000, 0x0000000703b00000, 0x0000000703c00000|  0%| F|  |TAMS 0x0000000703b00000, 0x0000000703b00000| Untracked 
|  14|0x0000000703c00000, 0x0000000703c00000, 0x0000000703d00000|  0%| F|  |TAMS 0x0000000703c00000, 0x0000000703c00000| Untracked 
|  15|0x0000000703d00000, 0x0000000703d00000, 0x0000000703e00000|  0%| F|  |TAMS 0x0000000703d00000, 0x0000000703d00000| Untracked 
|  16|0x0000000703e00000, 0x0000000703e00000, 0x0000000703f00000|  0%| F|  |TAMS 0x0000000703e00000, 0x0000000703e00000| Untracked 
|  17|0x0000000703f00000, 0x0000000703f00000, 0x0000000704000000|  0%| F|  |TAMS 0x0000000703f00000, 0x0000000703f00000| Untracked 
|  18|0x0000000704000000, 0x0000000704000000, 0x0000000704100000|  0%| F|  |TAMS 0x0000000704000000, 0x0000000704000000| Untracked 
|  19|0x0000000704100000, 0x0000000704100000, 0x0000000704200000|  0%| F|  |TAMS 0x0000000704100000, 0x0000000704100000| Untracked 
|  20|0x0000000704200000, 0x0000000704200000, 0x0000000704300000|  0%| F|  |TAMS 0x0000000704200000, 0x0000000704200000| Untracked 
|  21|0x0000000704300000, 0x0000000704300000, 0x0000000704400000|  0%| F|  |TAMS 0x0000000704300000, 0x0000000704300000| Untracked 
|  22|0x0000000704400000, 0x0000000704400000, 0x0000000704500000|  0%| F|  |TAMS 0x0000000704400000, 0x0000000704400000| Untracked 
|  23|0x0000000704500000, 0x0000000704500000, 0x0000000704600000|  0%| F|  |TAMS 0x0000000704500000, 0x0000000704500000| Untracked 
|  24|0x0000000704600000, 0x0000000704600000, 0x0000000704700000|  0%| F|  |TAMS 0x0000000704600000, 0x0000000704600000| Untracked 
|  25|0x0000000704700000, 0x0000000704700000, 0x0000000704800000|  0%| F|  |TAMS 0x0000000704700000, 0x0000000704700000| Untracked 
|  26|0x0000000704800000, 0x0000000704800000, 0x0000000704900000|  0%| F|  |TAMS 0x0000000704800000, 0x0000000704800000| Untracked 
|  27|0x0000000704900000, 0x0000000704900000, 0x0000000704a00000|  0%| F|  |TAMS 0x0000000704900000, 0x0000000704900000| Untracked 
|  28|0x0000000704a00000, 0x0000000704a00000, 0x0000000704b00000|  0%| F|  |TAMS 0x0000000704a00000, 0x0000000704a00000| Untracked 
|  29|0x0000000704b00000, 0x0000000704b00000, 0x0000000704c00000|  0%| F|  |TAMS 0x0000000704b00000, 0x0000000704b00000| Untracked 
|  30|0x0000000704c00000, 0x0000000704c00000, 0x0000000704d00000|  0%| F|  |TAMS 0x0000000704c00000, 0x0000000704c00000| Untracked 
|  31|0x0000000704d00000, 0x0000000704d00000, 0x0000000704e00000|  0%| F|  |TAMS 0x0000000704d00000, 0x0000000704d00000| Untracked 
|  32|0x0000000704e00000, 0x0000000704e00000, 0x0000000704f00000|  0%| F|  |TAMS 0x0000000704e00000, 0x0000000704e00000| Untracked 
|  33|0x0000000704f00000, 0x0000000704f00000, 0x0000000705000000|  0%| F|  |TAMS 0x0000000704f00000, 0x0000000704f00000| Untracked 
|  34|0x0000000705000000, 0x0000000705000000, 0x0000000705100000|  0%| F|  |TAMS 0x0000000705000000, 0x0000000705000000| Untracked 
|  35|0x0000000705100000, 0x0000000705100000, 0x0000000705200000|  0%| F|  |TAMS 0x0000000705100000, 0x0000000705100000| Untracked 
|  36|0x0000000705200000, 0x0000000705200000, 0x0000000705300000|  0%| F|  |TAMS 0x0000000705200000, 0x0000000705200000| Untracked 
|  37|0x0000000705300000, 0x0000000705300000, 0x0000000705400000|  0%| F|  |TAMS 0x0000000705300000, 0x0000000705300000| Untracked 
|  38|0x0000000705400000, 0x0000000705400000, 0x0000000705500000|  0%| F|  |TAMS 0x0000000705400000, 0x0000000705400000| Untracked 
|  39|0x0000000705500000, 0x0000000705500000, 0x0000000705600000|  0%| F|  |TAMS 0x0000000705500000, 0x0000000705500000| Untracked 
|  40|0x0000000705600000, 0x0000000705600000, 0x0000000705700000|  0%| F|  |TAMS 0x0000000705600000, 0x0000000705600000| Untracked 
|  41|0x0000000705700000, 0x0000000705700000, 0x0000000705800000|  0%| F|  |TAMS 0x0000000705700000, 0x0000000705700000| Untracked 
|  42|0x0000000705800000, 0x0000000705800000, 0x0000000705900000|  0%| F|  |TAMS 0x0000000705800000, 0x0000000705800000| Untracked 
|  43|0x0000000705900000, 0x0000000705900000, 0x0000000705a00000|  0%| F|  |TAMS 0x0000000705900000, 0x0000000705900000| Untracked 
|  44|0x0000000705a00000, 0x0000000705a00000, 0x0000000705b00000|  0%| F|  |TAMS 0x0000000705a00000, 0x0000000705a00000| Untracked 
|  45|0x0000000705b00000, 0x0000000705b00000, 0x0000000705c00000|  0%| F|  |TAMS 0x0000000705b00000, 0x0000000705b00000| Untracked 
|  46|0x0000000705c00000, 0x0000000705c00000, 0x0000000705d00000|  0%| F|  |TAMS 0x0000000705c00000, 0x0000000705c00000| Untracked 
|  47|0x0000000705d00000, 0x0000000705d00000, 0x0000000705e00000|  0%| F|  |TAMS 0x0000000705d00000, 0x0000000705d00000| Untracked 
|  48|0x0000000705e00000, 0x0000000705e00000, 0x0000000705f00000|  0%| F|  |TAMS 0x0000000705e00000, 0x0000000705e00000| Untracked 
|  49|0x0000000705f00000, 0x0000000705f00000, 0x0000000706000000|  0%| F|  |TAMS 0x0000000705f00000, 0x0000000705f00000| Untracked 
|  50|0x0000000706000000, 0x0000000706000000, 0x0000000706100000|  0%| F|  |TAMS 0x0000000706000000, 0x0000000706000000| Untracked 
|  51|0x0000000706100000, 0x0000000706100000, 0x0000000706200000|  0%| F|  |TAMS 0x0000000706100000, 0x0000000706100000| Untracked 
|  52|0x0000000706200000, 0x0000000706200000, 0x0000000706300000|  0%| F|  |TAMS 0x0000000706200000, 0x0000000706200000| Untracked 
|  53|0x0000000706300000, 0x0000000706300000, 0x0000000706400000|  0%| F|  |TAMS 0x0000000706300000, 0x0000000706300000| Untracked 
|  54|0x0000000706400000, 0x0000000706400000, 0x0000000706500000|  0%| F|  |TAMS 0x0000000706400000, 0x0000000706400000| Untracked 
|  55|0x0000000706500000, 0x0000000706500000, 0x0000000706600000|  0%| F|  |TAMS 0x0000000706500000, 0x0000000706500000| Untracked 
|  56|0x0000000706600000, 0x0000000706600000, 0x0000000706700000|  0%| F|  |TAMS 0x0000000706600000, 0x0000000706600000| Untracked 
|  57|0x0000000706700000, 0x0000000706700000, 0x0000000706800000|  0%| F|  |TAMS 0x0000000706700000, 0x0000000706700000| Untracked 
|  58|0x0000000706800000, 0x0000000706800000, 0x0000000706900000|  0%| F|  |TAMS 0x0000000706800000, 0x0000000706800000| Untracked 
|  59|0x0000000706900000, 0x0000000706900000, 0x0000000706a00000|  0%| F|  |TAMS 0x0000000706900000, 0x0000000706900000| Untracked 
|  60|0x0000000706a00000, 0x0000000706a00000, 0x0000000706b00000|  0%| F|  |TAMS 0x0000000706a00000, 0x0000000706a00000| Untracked 
|  61|0x0000000706b00000, 0x0000000706b00000, 0x0000000706c00000|  0%| F|  |TAMS 0x0000000706b00000, 0x0000000706b00000| Untracked 
|  62|0x0000000706c00000, 0x0000000706c00000, 0x0000000706d00000|  0%| F|  |TAMS 0x0000000706c00000, 0x0000000706c00000| Untracked 
|  63|0x0000000706d00000, 0x0000000706d00000, 0x0000000706e00000|  0%| F|  |TAMS 0x0000000706d00000, 0x0000000706d00000| Untracked 
|  64|0x0000000706e00000, 0x0000000706e00000, 0x0000000706f00000|  0%| F|  |TAMS 0x0000000706e00000, 0x0000000706e00000| Untracked 
|  65|0x0000000706f00000, 0x0000000706f00000, 0x0000000707000000|  0%| F|  |TAMS 0x0000000706f00000, 0x0000000706f00000| Untracked 
|  66|0x0000000707000000, 0x0000000707000000, 0x0000000707100000|  0%| F|  |TAMS 0x0000000707000000, 0x0000000707000000| Untracked 
|  67|0x0000000707100000, 0x0000000707100000, 0x0000000707200000|  0%| F|  |TAMS 0x0000000707100000, 0x0000000707100000| Untracked 
|  68|0x0000000707200000, 0x0000000707200000, 0x0000000707300000|  0%| F|  |TAMS 0x0000000707200000, 0x0000000707200000| Untracked 
|  69|0x0000000707300000, 0x0000000707300000, 0x0000000707400000|  0%| F|  |TAMS 0x0000000707300000, 0x0000000707300000| Untracked 
|  70|0x0000000707400000, 0x0000000707400000, 0x0000000707500000|  0%| F|  |TAMS 0x0000000707400000, 0x0000000707400000| Untracked 
|  71|0x0000000707500000, 0x0000000707500000, 0x0000000707600000|  0%| F|  |TAMS 0x0000000707500000, 0x0000000707500000| Untracked 
|  72|0x0000000707600000, 0x0000000707600000, 0x0000000707700000|  0%| F|  |TAMS 0x0000000707600000, 0x0000000707600000| Untracked 
|  73|0x0000000707700000, 0x0000000707700000, 0x0000000707800000|  0%| F|  |TAMS 0x0000000707700000, 0x0000000707700000| Untracked 
|  74|0x0000000707800000, 0x0000000707800000, 0x0000000707900000|  0%| F|  |TAMS 0x0000000707800000, 0x0000000707800000| Untracked 
|  75|0x0000000707900000, 0x0000000707900000, 0x0000000707a00000|  0%| F|  |TAMS 0x0000000707900000, 0x0000000707900000| Untracked 
|  76|0x0000000707a00000, 0x0000000707a00000, 0x0000000707b00000|  0%| F|  |TAMS 0x0000000707a00000, 0x0000000707a00000| Untracked 
|  77|0x0000000707b00000, 0x0000000707b00000, 0x0000000707c00000|  0%| F|  |TAMS 0x0000000707b00000, 0x0000000707b00000| Untracked 
|  78|0x0000000707c00000, 0x0000000707c00000, 0x0000000707d00000|  0%| F|  |TAMS 0x0000000707c00000, 0x0000000707c00000| Untracked 
|  79|0x0000000707d00000, 0x0000000707d00000, 0x0000000707e00000|  0%| F|  |TAMS 0x0000000707d00000, 0x0000000707d00000| Untracked 
|  80|0x0000000707e00000, 0x0000000707e00000, 0x0000000707f00000|  0%| F|  |TAMS 0x0000000707e00000, 0x0000000707e00000| Untracked 
|  81|0x0000000707f00000, 0x0000000707f00000, 0x0000000708000000|  0%| F|  |TAMS 0x0000000707f00000, 0x0000000707f00000| Untracked 
|  82|0x0000000708000000, 0x0000000708000000, 0x0000000708100000|  0%| F|  |TAMS 0x0000000708000000, 0x0000000708000000| Untracked 
|  83|0x0000000708100000, 0x0000000708100000, 0x0000000708200000|  0%| F|  |TAMS 0x0000000708100000, 0x0000000708100000| Untracked 
|  84|0x0000000708200000, 0x0000000708200000, 0x0000000708300000|  0%| F|  |TAMS 0x0000000708200000, 0x0000000708200000| Untracked 
|  85|0x0000000708300000, 0x0000000708300000, 0x0000000708400000|  0%| F|  |TAMS 0x0000000708300000, 0x0000000708300000| Untracked 
|  86|0x0000000708400000, 0x0000000708400000, 0x0000000708500000|  0%| F|  |TAMS 0x0000000708400000, 0x0000000708400000| Untracked 
|  87|0x0000000708500000, 0x0000000708500000, 0x0000000708600000|  0%| F|  |TAMS 0x0000000708500000, 0x0000000708500000| Untracked 
|  88|0x0000000708600000, 0x0000000708600000, 0x0000000708700000|  0%| F|  |TAMS 0x0000000708600000, 0x0000000708600000| Untracked 
|  89|0x0000000708700000, 0x0000000708700000, 0x0000000708800000|  0%| F|  |TAMS 0x0000000708700000, 0x0000000708700000| Untracked 
|  90|0x0000000708800000, 0x0000000708800000, 0x0000000708900000|  0%| F|  |TAMS 0x0000000708800000, 0x0000000708800000| Untracked 
|  91|0x0000000708900000, 0x0000000708900000, 0x0000000708a00000|  0%| F|  |TAMS 0x0000000708900000, 0x0000000708900000| Untracked 
|  92|0x0000000708a00000, 0x0000000708a00000, 0x0000000708b00000|  0%| F|  |TAMS 0x0000000708a00000, 0x0000000708a00000| Untracked 
|  93|0x0000000708b00000, 0x0000000708b00000, 0x0000000708c00000|  0%| F|  |TAMS 0x0000000708b00000, 0x0000000708b00000| Untracked 
|  94|0x0000000708c00000, 0x0000000708c00000, 0x0000000708d00000|  0%| F|  |TAMS 0x0000000708c00000, 0x0000000708c00000| Untracked 
|  95|0x0000000708d00000, 0x0000000708d00000, 0x0000000708e00000|  0%| F|  |TAMS 0x0000000708d00000, 0x0000000708d00000| Untracked 
|  96|0x0000000708e00000, 0x0000000708e00000, 0x0000000708f00000|  0%| F|  |TAMS 0x0000000708e00000, 0x0000000708e00000| Untracked 
|  97|0x0000000708f00000, 0x0000000708f00000, 0x0000000709000000|  0%| F|  |TAMS 0x0000000708f00000, 0x0000000708f00000| Untracked 
|  98|0x0000000709000000, 0x0000000709000000, 0x0000000709100000|  0%| F|  |TAMS 0x0000000709000000, 0x0000000709000000| Untracked 
|  99|0x0000000709100000, 0x0000000709100000, 0x0000000709200000|  0%| F|  |TAMS 0x0000000709100000, 0x0000000709100000| Untracked 
| 100|0x0000000709200000, 0x0000000709200000, 0x0000000709300000|  0%| F|  |TAMS 0x0000000709200000, 0x0000000709200000| Untracked 
| 101|0x0000000709300000, 0x0000000709300000, 0x0000000709400000|  0%| F|  |TAMS 0x0000000709300000, 0x0000000709300000| Untracked 
| 102|0x0000000709400000, 0x0000000709400000, 0x0000000709500000|  0%| F|  |TAMS 0x0000000709400000, 0x0000000709400000| Untracked 
| 103|0x0000000709500000, 0x0000000709500000, 0x0000000709600000|  0%| F|  |TAMS 0x0000000709500000, 0x0000000709500000| Untracked 
| 104|0x0000000709600000, 0x0000000709600000, 0x0000000709700000|  0%| F|  |TAMS 0x0000000709600000, 0x0000000709600000| Untracked 
| 105|0x0000000709700000, 0x0000000709700000, 0x0000000709800000|  0%| F|  |TAMS 0x0000000709700000, 0x0000000709700000| Untracked 
| 106|0x0000000709800000, 0x0000000709800000, 0x0000000709900000|  0%| F|  |TAMS 0x0000000709800000, 0x0000000709800000| Untracked 
| 107|0x0000000709900000, 0x0000000709900000, 0x0000000709a00000|  0%| F|  |TAMS 0x0000000709900000, 0x0000000709900000| Untracked 
| 108|0x0000000709a00000, 0x0000000709a00000, 0x0000000709b00000|  0%| F|  |TAMS 0x0000000709a00000, 0x0000000709a00000| Untracked 
| 109|0x0000000709b00000, 0x0000000709b00000, 0x0000000709c00000|  0%| F|  |TAMS 0x0000000709b00000, 0x0000000709b00000| Untracked 
| 110|0x0000000709c00000, 0x0000000709c00000, 0x0000000709d00000|  0%| F|  |TAMS 0x0000000709c00000, 0x0000000709c00000| Untracked 
| 111|0x0000000709d00000, 0x0000000709d00000, 0x0000000709e00000|  0%| F|  |TAMS 0x0000000709d00000, 0x0000000709d00000| Untracked 
| 112|0x0000000709e00000, 0x0000000709e00000, 0x0000000709f00000|  0%| F|  |TAMS 0x0000000709e00000, 0x0000000709e00000| Untracked 
| 113|0x0000000709f00000, 0x0000000709f00000, 0x000000070a000000|  0%| F|  |TAMS 0x0000000709f00000, 0x0000000709f00000| Untracked 
| 114|0x000000070a000000, 0x000000070a000000, 0x000000070a100000|  0%| F|  |TAMS 0x000000070a000000, 0x000000070a000000| Untracked 
| 115|0x000000070a100000, 0x000000070a100000, 0x000000070a200000|  0%| F|  |TAMS 0x000000070a100000, 0x000000070a100000| Untracked 
| 116|0x000000070a200000, 0x000000070a200000, 0x000000070a300000|  0%| F|  |TAMS 0x000000070a200000, 0x000000070a200000| Untracked 
| 117|0x000000070a300000, 0x000000070a300000, 0x000000070a400000|  0%| F|  |TAMS 0x000000070a300000, 0x000000070a300000| Untracked 
| 118|0x000000070a400000, 0x000000070a400000, 0x000000070a500000|  0%| F|  |TAMS 0x000000070a400000, 0x000000070a400000| Untracked 
| 119|0x000000070a500000, 0x000000070a500000, 0x000000070a600000|  0%| F|  |TAMS 0x000000070a500000, 0x000000070a500000| Untracked 
| 120|0x000000070a600000, 0x000000070a600000, 0x000000070a700000|  0%| F|  |TAMS 0x000000070a600000, 0x000000070a600000| Untracked 
| 121|0x000000070a700000, 0x000000070a700000, 0x000000070a800000|  0%| F|  |TAMS 0x000000070a700000, 0x000000070a700000| Untracked 
| 122|0x000000070a800000, 0x000000070a800000, 0x000000070a900000|  0%| F|  |TAMS 0x000000070a800000, 0x000000070a800000| Untracked 
| 123|0x000000070a900000, 0x000000070a900000, 0x000000070aa00000|  0%| F|  |TAMS 0x000000070a900000, 0x000000070a900000| Untracked 
| 124|0x000000070aa00000, 0x000000070aa00000, 0x000000070ab00000|  0%| F|  |TAMS 0x000000070aa00000, 0x000000070aa00000| Untracked 
| 125|0x000000070ab00000, 0x000000070ab00000, 0x000000070ac00000|  0%| F|  |TAMS 0x000000070ab00000, 0x000000070ab00000| Untracked 
| 126|0x000000070ac00000, 0x000000070ac00000, 0x000000070ad00000|  0%| F|  |TAMS 0x000000070ac00000, 0x000000070ac00000| Untracked 
| 127|0x000000070ad00000, 0x000000070ad00000, 0x000000070ae00000|  0%| F|  |TAMS 0x000000070ad00000, 0x000000070ad00000| Untracked 
| 128|0x000000070ae00000, 0x000000070ae00000, 0x000000070af00000|  0%| F|  |TAMS 0x000000070ae00000, 0x000000070ae00000| Untracked 
| 129|0x000000070af00000, 0x000000070af00000, 0x000000070b000000|  0%| F|  |TAMS 0x000000070af00000, 0x000000070af00000| Untracked 
| 130|0x000000070b000000, 0x000000070b000000, 0x000000070b100000|  0%| F|  |TAMS 0x000000070b000000, 0x000000070b000000| Untracked 
| 131|0x000000070b100000, 0x000000070b100000, 0x000000070b200000|  0%| F|  |TAMS 0x000000070b100000, 0x000000070b100000| Untracked 
| 132|0x000000070b200000, 0x000000070b200000, 0x000000070b300000|  0%| F|  |TAMS 0x000000070b200000, 0x000000070b200000| Untracked 
| 133|0x000000070b300000, 0x000000070b300000, 0x000000070b400000|  0%| F|  |TAMS 0x000000070b300000, 0x000000070b300000| Untracked 
| 134|0x000000070b400000, 0x000000070b400000, 0x000000070b500000|  0%| F|  |TAMS 0x000000070b400000, 0x000000070b400000| Untracked 
| 135|0x000000070b500000, 0x000000070b500000, 0x000000070b600000|  0%| F|  |TAMS 0x000000070b500000, 0x000000070b500000| Untracked 
| 136|0x000000070b600000, 0x000000070b600000, 0x000000070b700000|  0%| F|  |TAMS 0x000000070b600000, 0x000000070b600000| Untracked 
| 137|0x000000070b700000, 0x000000070b700000, 0x000000070b800000|  0%| F|  |TAMS 0x000000070b700000, 0x000000070b700000| Untracked 
| 138|0x000000070b800000, 0x000000070b800000, 0x000000070b900000|  0%| F|  |TAMS 0x000000070b800000, 0x000000070b800000| Untracked 
| 139|0x000000070b900000, 0x000000070b900000, 0x000000070ba00000|  0%| F|  |TAMS 0x000000070b900000, 0x000000070b900000| Untracked 
| 140|0x000000070ba00000, 0x000000070ba00000, 0x000000070bb00000|  0%| F|  |TAMS 0x000000070ba00000, 0x000000070ba00000| Untracked 
| 141|0x000000070bb00000, 0x000000070bb00000, 0x000000070bc00000|  0%| F|  |TAMS 0x000000070bb00000, 0x000000070bb00000| Untracked 
| 142|0x000000070bc00000, 0x000000070bc00000, 0x000000070bd00000|  0%| F|  |TAMS 0x000000070bc00000, 0x000000070bc00000| Untracked 
| 143|0x000000070bd00000, 0x000000070bd00000, 0x000000070be00000|  0%| F|  |TAMS 0x000000070bd00000, 0x000000070bd00000| Untracked 
| 144|0x000000070be00000, 0x000000070be00000, 0x000000070bf00000|  0%| F|  |TAMS 0x000000070be00000, 0x000000070be00000| Untracked 
| 145|0x000000070bf00000, 0x000000070bf00000, 0x000000070c000000|  0%| F|  |TAMS 0x000000070bf00000, 0x000000070bf00000| Untracked 
| 146|0x000000070c000000, 0x000000070c000000, 0x000000070c100000|  0%| F|  |TAMS 0x000000070c000000, 0x000000070c000000| Untracked 
| 147|0x000000070c100000, 0x000000070c100000, 0x000000070c200000|  0%| F|  |TAMS 0x000000070c100000, 0x000000070c100000| Untracked 
| 148|0x000000070c200000, 0x000000070c200000, 0x000000070c300000|  0%| F|  |TAMS 0x000000070c200000, 0x000000070c200000| Untracked 
| 149|0x000000070c300000, 0x000000070c300000, 0x000000070c400000|  0%| F|  |TAMS 0x000000070c300000, 0x000000070c300000| Untracked 
| 150|0x000000070c400000, 0x000000070c400000, 0x000000070c500000|  0%| F|  |TAMS 0x000000070c400000, 0x000000070c400000| Untracked 
| 151|0x000000070c500000, 0x000000070c500000, 0x000000070c600000|  0%| F|  |TAMS 0x000000070c500000, 0x000000070c500000| Untracked 
| 152|0x000000070c600000, 0x000000070c600000, 0x000000070c700000|  0%| F|  |TAMS 0x000000070c600000, 0x000000070c600000| Untracked 
| 153|0x000000070c700000, 0x000000070c700000, 0x000000070c800000|  0%| F|  |TAMS 0x000000070c700000, 0x000000070c700000| Untracked 
| 154|0x000000070c800000, 0x000000070c800000, 0x000000070c900000|  0%| F|  |TAMS 0x000000070c800000, 0x000000070c800000| Untracked 
| 155|0x000000070c900000, 0x000000070c900000, 0x000000070ca00000|  0%| F|  |TAMS 0x000000070c900000, 0x000000070c900000| Untracked 
| 156|0x000000070ca00000, 0x000000070ca00000, 0x000000070cb00000|  0%| F|  |TAMS 0x000000070ca00000, 0x000000070ca00000| Untracked 
| 157|0x000000070cb00000, 0x000000070cb00000, 0x000000070cc00000|  0%| F|  |TAMS 0x000000070cb00000, 0x000000070cb00000| Untracked 
| 158|0x000000070cc00000, 0x000000070cc00000, 0x000000070cd00000|  0%| F|  |TAMS 0x000000070cc00000, 0x000000070cc00000| Untracked 
| 159|0x000000070cd00000, 0x000000070cd00000, 0x000000070ce00000|  0%| F|  |TAMS 0x000000070cd00000, 0x000000070cd00000| Untracked 
| 160|0x000000070ce00000, 0x000000070ce00000, 0x000000070cf00000|  0%| F|  |TAMS 0x000000070ce00000, 0x000000070ce00000| Untracked 
| 161|0x000000070cf00000, 0x000000070cf00000, 0x000000070d000000|  0%| F|  |TAMS 0x000000070cf00000, 0x000000070cf00000| Untracked 
| 162|0x000000070d000000, 0x000000070d000000, 0x000000070d100000|  0%| F|  |TAMS 0x000000070d000000, 0x000000070d000000| Untracked 
| 163|0x000000070d100000, 0x000000070d100000, 0x000000070d200000|  0%| F|  |TAMS 0x000000070d100000, 0x000000070d100000| Untracked 
| 164|0x000000070d200000, 0x000000070d200000, 0x000000070d300000|  0%| F|  |TAMS 0x000000070d200000, 0x000000070d200000| Untracked 
| 165|0x000000070d300000, 0x000000070d300000, 0x000000070d400000|  0%| F|  |TAMS 0x000000070d300000, 0x000000070d300000| Untracked 
| 166|0x000000070d400000, 0x000000070d400000, 0x000000070d500000|  0%| F|  |TAMS 0x000000070d400000, 0x000000070d400000| Untracked 
| 167|0x000000070d500000, 0x000000070d500000, 0x000000070d600000|  0%| F|  |TAMS 0x000000070d500000, 0x000000070d500000| Untracked 
| 168|0x000000070d600000, 0x000000070d600000, 0x000000070d700000|  0%| F|  |TAMS 0x000000070d600000, 0x000000070d600000| Untracked 
| 169|0x000000070d700000, 0x000000070d700000, 0x000000070d800000|  0%| F|  |TAMS 0x000000070d700000, 0x000000070d700000| Untracked 
| 170|0x000000070d800000, 0x000000070d800000, 0x000000070d900000|  0%| F|  |TAMS 0x000000070d800000, 0x000000070d800000| Untracked 
| 171|0x000000070d900000, 0x000000070d900000, 0x000000070da00000|  0%| F|  |TAMS 0x000000070d900000, 0x000000070d900000| Untracked 
| 172|0x000000070da00000, 0x000000070da00000, 0x000000070db00000|  0%| F|  |TAMS 0x000000070da00000, 0x000000070da00000| Untracked 
| 173|0x000000070db00000, 0x000000070db00000, 0x000000070dc00000|  0%| F|  |TAMS 0x000000070db00000, 0x000000070db00000| Untracked 
| 174|0x000000070dc00000, 0x000000070dc00000, 0x000000070dd00000|  0%| F|  |TAMS 0x000000070dc00000, 0x000000070dc00000| Untracked 
| 175|0x000000070dd00000, 0x000000070dd00000, 0x000000070de00000|  0%| F|  |TAMS 0x000000070dd00000, 0x000000070dd00000| Untracked 
| 176|0x000000070de00000, 0x000000070de00000, 0x000000070df00000|  0%| F|  |TAMS 0x000000070de00000, 0x000000070de00000| Untracked 
| 177|0x000000070df00000, 0x000000070df00000, 0x000000070e000000|  0%| F|  |TAMS 0x000000070df00000, 0x000000070df00000| Untracked 
| 178|0x000000070e000000, 0x000000070e000000, 0x000000070e100000|  0%| F|  |TAMS 0x000000070e000000, 0x000000070e000000| Untracked 
| 179|0x000000070e100000, 0x000000070e100000, 0x000000070e200000|  0%| F|  |TAMS 0x000000070e100000, 0x000000070e100000| Untracked 
| 180|0x000000070e200000, 0x000000070e200000, 0x000000070e300000|  0%| F|  |TAMS 0x000000070e200000, 0x000000070e200000| Untracked 
| 181|0x000000070e300000, 0x000000070e300000, 0x000000070e400000|  0%| F|  |TAMS 0x000000070e300000, 0x000000070e300000| Untracked 
| 182|0x000000070e400000, 0x000000070e400000, 0x000000070e500000|  0%| F|  |TAMS 0x000000070e400000, 0x000000070e400000| Untracked 
| 183|0x000000070e500000, 0x000000070e500000, 0x000000070e600000|  0%| F|  |TAMS 0x000000070e500000, 0x000000070e500000| Untracked 
| 184|0x000000070e600000, 0x000000070e600000, 0x000000070e700000|  0%| F|  |TAMS 0x000000070e600000, 0x000000070e600000| Untracked 
| 185|0x000000070e700000, 0x000000070e700000, 0x000000070e800000|  0%| F|  |TAMS 0x000000070e700000, 0x000000070e700000| Untracked 
| 186|0x000000070e800000, 0x000000070e800000, 0x000000070e900000|  0%| F|  |TAMS 0x000000070e800000, 0x000000070e800000| Untracked 
| 187|0x000000070e900000, 0x000000070e900000, 0x000000070ea00000|  0%| F|  |TAMS 0x000000070e900000, 0x000000070e900000| Untracked 
| 188|0x000000070ea00000, 0x000000070ea00000, 0x000000070eb00000|  0%| F|  |TAMS 0x000000070ea00000, 0x000000070ea00000| Untracked 
| 189|0x000000070eb00000, 0x000000070eb00000, 0x000000070ec00000|  0%| F|  |TAMS 0x000000070eb00000, 0x000000070eb00000| Untracked 
| 190|0x000000070ec00000, 0x000000070ec00000, 0x000000070ed00000|  0%| F|  |TAMS 0x000000070ec00000, 0x000000070ec00000| Untracked 
| 191|0x000000070ed00000, 0x000000070ed00000, 0x000000070ee00000|  0%| F|  |TAMS 0x000000070ed00000, 0x000000070ed00000| Untracked 
| 192|0x000000070ee00000, 0x000000070ee00000, 0x000000070ef00000|  0%| F|  |TAMS 0x000000070ee00000, 0x000000070ee00000| Untracked 
| 193|0x000000070ef00000, 0x000000070ef00000, 0x000000070f000000|  0%| F|  |TAMS 0x000000070ef00000, 0x000000070ef00000| Untracked 
| 194|0x000000070f000000, 0x000000070f000000, 0x000000070f100000|  0%| F|  |TAMS 0x000000070f000000, 0x000000070f000000| Untracked 
| 195|0x000000070f100000, 0x000000070f100000, 0x000000070f200000|  0%| F|  |TAMS 0x000000070f100000, 0x000000070f100000| Untracked 
| 196|0x000000070f200000, 0x000000070f200000, 0x000000070f300000|  0%| F|  |TAMS 0x000000070f200000, 0x000000070f200000| Untracked 
| 197|0x000000070f300000, 0x000000070f300000, 0x000000070f400000|  0%| F|  |TAMS 0x000000070f300000, 0x000000070f300000| Untracked 
| 198|0x000000070f400000, 0x000000070f400000, 0x000000070f500000|  0%| F|  |TAMS 0x000000070f400000, 0x000000070f400000| Untracked 
| 199|0x000000070f500000, 0x000000070f500000, 0x000000070f600000|  0%| F|  |TAMS 0x000000070f500000, 0x000000070f500000| Untracked 
| 200|0x000000070f600000, 0x000000070f600000, 0x000000070f700000|  0%| F|  |TAMS 0x000000070f600000, 0x000000070f600000| Untracked 
| 201|0x000000070f700000, 0x000000070f700000, 0x000000070f800000|  0%| F|  |TAMS 0x000000070f700000, 0x000000070f700000| Untracked 
| 202|0x000000070f800000, 0x000000070f800000, 0x000000070f900000|  0%| F|  |TAMS 0x000000070f800000, 0x000000070f800000| Untracked 
| 203|0x000000070f900000, 0x000000070f900000, 0x000000070fa00000|  0%| F|  |TAMS 0x000000070f900000, 0x000000070f900000| Untracked 
| 204|0x000000070fa00000, 0x000000070fa00000, 0x000000070fb00000|  0%| F|  |TAMS 0x000000070fa00000, 0x000000070fa00000| Untracked 
| 205|0x000000070fb00000, 0x000000070fb00000, 0x000000070fc00000|  0%| F|  |TAMS 0x000000070fb00000, 0x000000070fb00000| Untracked 
| 206|0x000000070fc00000, 0x000000070fc00000, 0x000000070fd00000|  0%| F|  |TAMS 0x000000070fc00000, 0x000000070fc00000| Untracked 
| 207|0x000000070fd00000, 0x000000070fd00000, 0x000000070fe00000|  0%| F|  |TAMS 0x000000070fd00000, 0x000000070fd00000| Untracked 
| 208|0x000000070fe00000, 0x000000070fe00000, 0x000000070ff00000|  0%| F|  |TAMS 0x000000070fe00000, 0x000000070fe00000| Untracked 
| 209|0x000000070ff00000, 0x000000070fff53d0, 0x0000000710000000| 95%| S|CS|TAMS 0x000000070ff00000, 0x000000070ff00000| Complete 
| 210|0x0000000710000000, 0x0000000710100000, 0x0000000710100000|100%| S|CS|TAMS 0x0000000710000000, 0x0000000710000000| Complete 
| 211|0x0000000710100000, 0x0000000710200000, 0x0000000710200000|100%| S|CS|TAMS 0x0000000710100000, 0x0000000710100000| Complete 
| 212|0x0000000710200000, 0x0000000710300000, 0x0000000710300000|100%| S|CS|TAMS 0x0000000710200000, 0x0000000710200000| Complete 
| 213|0x0000000710300000, 0x0000000710400000, 0x0000000710400000|100%| S|CS|TAMS 0x0000000710300000, 0x0000000710300000| Complete 
| 214|0x0000000710400000, 0x0000000710500000, 0x0000000710500000|100%| S|CS|TAMS 0x0000000710400000, 0x0000000710400000| Complete 
| 215|0x0000000710500000, 0x0000000710500000, 0x0000000710600000|  0%| F|  |TAMS 0x0000000710500000, 0x0000000710500000| Untracked 
| 216|0x0000000710600000, 0x0000000710600000, 0x0000000710700000|  0%| F|  |TAMS 0x0000000710600000, 0x0000000710600000| Untracked 
| 217|0x0000000710700000, 0x0000000710700000, 0x0000000710800000|  0%| F|  |TAMS 0x0000000710700000, 0x0000000710700000| Untracked 
| 218|0x0000000710800000, 0x0000000710800000, 0x0000000710900000|  0%| F|  |TAMS 0x0000000710800000, 0x0000000710800000| Untracked 
| 219|0x0000000710900000, 0x0000000710900000, 0x0000000710a00000|  0%| F|  |TAMS 0x0000000710900000, 0x0000000710900000| Untracked 
| 220|0x0000000710a00000, 0x0000000710a00000, 0x0000000710b00000|  0%| F|  |TAMS 0x0000000710a00000, 0x0000000710a00000| Untracked 
| 221|0x0000000710b00000, 0x0000000710b00000, 0x0000000710c00000|  0%| F|  |TAMS 0x0000000710b00000, 0x0000000710b00000| Untracked 
| 222|0x0000000710c00000, 0x0000000710c00000, 0x0000000710d00000|  0%| F|  |TAMS 0x0000000710c00000, 0x0000000710c00000| Untracked 
| 223|0x0000000710d00000, 0x0000000710d00000, 0x0000000710e00000|  0%| F|  |TAMS 0x0000000710d00000, 0x0000000710d00000| Untracked 
| 224|0x0000000710e00000, 0x0000000710e00000, 0x0000000710f00000|  0%| F|  |TAMS 0x0000000710e00000, 0x0000000710e00000| Untracked 
| 225|0x0000000710f00000, 0x0000000710f00000, 0x0000000711000000|  0%| F|  |TAMS 0x0000000710f00000, 0x0000000710f00000| Untracked 
| 226|0x0000000711000000, 0x0000000711000000, 0x0000000711100000|  0%| F|  |TAMS 0x0000000711000000, 0x0000000711000000| Untracked 
| 227|0x0000000711100000, 0x0000000711100000, 0x0000000711200000|  0%| F|  |TAMS 0x0000000711100000, 0x0000000711100000| Untracked 
| 228|0x0000000711200000, 0x0000000711200000, 0x0000000711300000|  0%| F|  |TAMS 0x0000000711200000, 0x0000000711200000| Untracked 
| 229|0x0000000711300000, 0x0000000711300000, 0x0000000711400000|  0%| F|  |TAMS 0x0000000711300000, 0x0000000711300000| Untracked 
| 230|0x0000000711400000, 0x0000000711480800, 0x0000000711500000| 50%| E|  |TAMS 0x0000000711400000, 0x0000000711400000| Complete 
| 231|0x0000000711500000, 0x0000000711600000, 0x0000000711600000|100%| E|CS|TAMS 0x0000000711500000, 0x0000000711500000| Complete 
| 232|0x0000000711600000, 0x0000000711700000, 0x0000000711700000|100%| E|CS|TAMS 0x0000000711600000, 0x0000000711600000| Complete 
| 233|0x0000000711700000, 0x0000000711800000, 0x0000000711800000|100%| E|CS|TAMS 0x0000000711700000, 0x0000000711700000| Complete 
| 234|0x0000000711800000, 0x0000000711900000, 0x0000000711900000|100%| E|CS|TAMS 0x0000000711800000, 0x0000000711800000| Complete 
| 235|0x0000000711900000, 0x0000000711a00000, 0x0000000711a00000|100%| E|CS|TAMS 0x0000000711900000, 0x0000000711900000| Complete 
| 236|0x0000000711a00000, 0x0000000711b00000, 0x0000000711b00000|100%| E|CS|TAMS 0x0000000711a00000, 0x0000000711a00000| Complete 
| 237|0x0000000711b00000, 0x0000000711c00000, 0x0000000711c00000|100%| E|CS|TAMS 0x0000000711b00000, 0x0000000711b00000| Complete 
| 238|0x0000000711c00000, 0x0000000711d00000, 0x0000000711d00000|100%| E|CS|TAMS 0x0000000711c00000, 0x0000000711c00000| Complete 
| 239|0x0000000711d00000, 0x0000000711e00000, 0x0000000711e00000|100%| E|CS|TAMS 0x0000000711d00000, 0x0000000711d00000| Complete 
| 240|0x0000000711e00000, 0x0000000711f00000, 0x0000000711f00000|100%| E|CS|TAMS 0x0000000711e00000, 0x0000000711e00000| Complete 
| 241|0x0000000711f00000, 0x0000000712000000, 0x0000000712000000|100%| E|CS|TAMS 0x0000000711f00000, 0x0000000711f00000| Complete 
| 242|0x0000000712000000, 0x0000000712100000, 0x0000000712100000|100%| E|CS|TAMS 0x0000000712000000, 0x0000000712000000| Complete 
| 243|0x0000000712100000, 0x0000000712200000, 0x0000000712200000|100%| E|CS|TAMS 0x0000000712100000, 0x0000000712100000| Complete 
| 244|0x0000000712200000, 0x0000000712300000, 0x0000000712300000|100%| E|CS|TAMS 0x0000000712200000, 0x0000000712200000| Complete 
| 245|0x0000000712300000, 0x0000000712400000, 0x0000000712400000|100%| E|CS|TAMS 0x0000000712300000, 0x0000000712300000| Complete 
| 246|0x0000000712400000, 0x0000000712500000, 0x0000000712500000|100%| E|CS|TAMS 0x0000000712400000, 0x0000000712400000| Complete 
| 247|0x0000000712500000, 0x0000000712600000, 0x0000000712600000|100%| E|CS|TAMS 0x0000000712500000, 0x0000000712500000| Complete 
| 248|0x0000000712600000, 0x0000000712700000, 0x0000000712700000|100%| E|CS|TAMS 0x0000000712600000, 0x0000000712600000| Complete 
| 249|0x0000000712700000, 0x0000000712800000, 0x0000000712800000|100%| E|CS|TAMS 0x0000000712700000, 0x0000000712700000| Complete 
| 250|0x0000000712800000, 0x0000000712900000, 0x0000000712900000|100%| E|CS|TAMS 0x0000000712800000, 0x0000000712800000| Complete 
| 251|0x0000000712900000, 0x0000000712a00000, 0x0000000712a00000|100%| E|CS|TAMS 0x0000000712900000, 0x0000000712900000| Complete 
| 252|0x0000000712a00000, 0x0000000712b00000, 0x0000000712b00000|100%| E|CS|TAMS 0x0000000712a00000, 0x0000000712a00000| Complete 
| 253|0x0000000712b00000, 0x0000000712c00000, 0x0000000712c00000|100%| E|CS|TAMS 0x0000000712b00000, 0x0000000712b00000| Complete 

Card table byte_map: [0x000001b74c700000,0x000001b74cef0000] _byte_map_base: 0x000001b748ee9000

Marking Bits (Prev, Next): (CMBitMap*) 0x000001b736ff2250, (CMBitMap*) 0x000001b736ff2218
 Prev Bits: [0x000001b751630000, 0x000001b755578000)
 Next Bits: [0x000001b74d6e0000, 0x000001b751628000)

Polling page: 0x000001b736dd0000

Metaspace:

Usage:
  Non-class:     24.92 MB capacity,    24.68 MB (>99%) used,   201.00 KB ( <1%) free+waste,    44.94 KB ( <1%) overhead. 
      Class:      3.23 MB capacity,     3.08 MB ( 95%) used,   132.12 KB (  4%) free+waste,    21.44 KB ( <1%) overhead. 
       Both:     28.16 MB capacity,    27.77 MB ( 99%) used,   333.12 KB (  1%) free+waste,    66.38 KB ( <1%) overhead. 

Virtual space:
  Non-class space:       26.00 MB reserved,      24.92 MB ( 96%) committed 
      Class space:        1.00 GB reserved,       3.25 MB ( <1%) committed 
             Both:        1.03 GB reserved,      28.17 MB (  3%) committed 

Chunk freelists:
   Non-Class:  0 bytes
       Class:  17.00 KB
        Both:  17.00 KB

MaxMetaspaceSize: 17179869184.00 GB
CompressedClassSpaceSize: 1.00 GB
Initial GC threshold: 20.80 MB
Current GC threshold: 35.08 MB
CDS: off

CodeHeap 'non-profiled nmethods': size=120000Kb used=700Kb max_used=700Kb free=119299Kb
 bounds [0x000001b743d50000, 0x000001b743fc0000, 0x000001b74b280000]
CodeHeap 'profiled nmethods': size=120000Kb used=3677Kb max_used=3677Kb free=116322Kb
 bounds [0x000001b73c820000, 0x000001b73cbc0000, 0x000001b743d50000]
CodeHeap 'non-nmethods': size=5760Kb used=1237Kb max_used=1260Kb free=4522Kb
 bounds [0x000001b73c280000, 0x000001b73c4f0000, 0x000001b73c820000]
 total_blobs=2491 nmethods=1984 adapters=419
 compilation: enabled
              stopped_count=0, restarted_count=0
 full_count=0

Compilation events (20 events):
Event: 1.407 Thread 0x000001b758c70000 1974       3       java.lang.invoke.DirectMethodHandle::make (263 bytes)
Event: 1.408 Thread 0x000001b758c70000 nmethod 1974 0x000001b73cbb0190 code [0x000001b73cbb0540, 0x000001b73cbb1ac8]
Event: 1.408 Thread 0x000001b758c70000 1975       3       java.lang.invoke.MemberName::isField (7 bytes)
Event: 1.408 Thread 0x000001b758c70000 nmethod 1975 0x000001b73cbb2390 code [0x000001b73cbb2540, 0x000001b73cbb2778]
Event: 1.411 Thread 0x000001b758c70000 1977       3       java.lang.invoke.AbstractValidatingLambdaMetafactory::isAdaptableTo (126 bytes)
Event: 1.412 Thread 0x000001b758c70000 nmethod 1977 0x000001b73cbb2890 code [0x000001b73cbb2b20, 0x000001b73cbb34e8]
Event: 1.412 Thread 0x000001b758c70000 1978       3       java.lang.invoke.ConstantCallSite::getTarget (20 bytes)
Event: 1.412 Thread 0x000001b758c70000 nmethod 1978 0x000001b73cbb3890 code [0x000001b73cbb3a60, 0x000001b73cbb3c88]
Event: 1.412 Thread 0x000001b758c70000 1976       1       java.lang.invoke.MethodHandleNatives::isPullModeBSM (2 bytes)
Event: 1.412 Thread 0x000001b758c70000 nmethod 1976 0x000001b743dfe410 code [0x000001b743dfe5c0, 0x000001b743dfe658]
Event: 1.412 Thread 0x000001b758c70000 1980       3       java.lang.StringBuilder::append (8 bytes)
Event: 1.413 Thread 0x000001b758c70000 nmethod 1980 0x000001b73cbb3d90 code [0x000001b73cbb3f40, 0x000001b73cbb4088]
Event: 1.417 Thread 0x000001b758c70000 1981       1       java.lang.reflect.Constructor::getConstructorAccessor (5 bytes)
Event: 1.418 Thread 0x000001b758c70000 nmethod 1981 0x000001b743dfe710 code [0x000001b743dfe8c0, 0x000001b743dfe978]
Event: 1.418 Thread 0x000001b758c70000 1982       1       jdk.internal.reflect.DelegatingConstructorAccessorImpl::setDelegate (6 bytes)
Event: 1.418 Thread 0x000001b758c70000 nmethod 1982 0x000001b743dfea10 code [0x000001b743dfebc0, 0x000001b743dfecd8]
Event: 1.427 Thread 0x000001b758c70000 1983       3       java.lang.reflect.Modifier::isVolatile (13 bytes)
Event: 1.427 Thread 0x000001b758c70000 nmethod 1983 0x000001b73cbb4110 code [0x000001b73cbb42c0, 0x000001b73cbb43f8]
Event: 1.428 Thread 0x000001b758c70000 1984       3       sun.invoke.util.VerifyAccess::isMemberAccessible (313 bytes)
Event: 1.430 Thread 0x000001b758c70000 nmethod 1984 0x000001b73cbb4490 code [0x000001b73cbb4960, 0x000001b73cbb6b68]

GC Heap History (4 events):
Event: 0.435 GC heap before
{Heap before GC invocations=0 (full 0):
 garbage-first heap   total 260096K, used 27648K [0x0000000702e00000, 0x0000000800000000)
  region size 1024K, 24 young (24576K), 0 survivors (0K)
 Metaspace       used 12347K, capacity 12504K, committed 12800K, reserved 1060864K
  class space    used 1163K, capacity 1207K, committed 1280K, reserved 1048576K
}
Event: 0.437 GC heap after
{Heap after GC invocations=1 (full 0):
 garbage-first heap   total 260096K, used 5767K [0x0000000702e00000, 0x0000000800000000)
  region size 1024K, 3 young (3072K), 3 survivors (3072K)
 Metaspace       used 12347K, capacity 12504K, committed 12800K, reserved 1060864K
  class space    used 1163K, capacity 1207K, committed 1280K, reserved 1048576K
}
Event: 1.025 GC heap before
{Heap before GC invocations=1 (full 0):
 garbage-first heap   total 260096K, used 41607K [0x0000000702e00000, 0x0000000800000000)
  region size 1024K, 39 young (39936K), 3 survivors (3072K)
 Metaspace       used 20879K, capacity 21087K, committed 21296K, reserved 1069056K
  class space    used 2223K, capacity 2312K, committed 2432K, reserved 1048576K
}
Event: 1.035 GC heap after
{Heap after GC invocations=2 (full 0):
 garbage-first heap   total 260096K, used 9172K [0x0000000702e00000, 0x0000000800000000)
  region size 1024K, 6 young (6144K), 6 survivors (6144K)
 Metaspace       used 20879K, capacity 21087K, committed 21296K, reserved 1069056K
  class space    used 2223K, capacity 2312K, committed 2432K, reserved 1048576K
}

Deoptimization events (20 events):
Event: 1.245 Thread 0x000001b736f8f000 Uncommon trap: trap_request=0xffffff4d fr.pc=0x000001b743d522f8 relative=0x0000000000000058
Event: 1.245 Thread 0x000001b736f8f000 Uncommon trap: reason=unstable_if action=reinterpret pc=0x000001b743d522f8 method=java.lang.String.isLatin1()Z @ 10 c2
Event: 1.245 Thread 0x000001b736f8f000 DEOPT PACKING pc=0x000001b743d522f8 sp=0x00000040cc6fd460
Event: 1.245 Thread 0x000001b736f8f000 DEOPT UNPACKING pc=0x000001b73c2ca1af sp=0x00000040cc6fd3f0 mode 2
Event: 1.245 Thread 0x000001b736f8f000 Uncommon trap: trap_request=0xffffff6e fr.pc=0x000001b743ddc530 relative=0x00000000000014f0
Event: 1.245 Thread 0x000001b736f8f000 Uncommon trap: reason=speculate_class_check action=maybe_recompile pc=0x000001b743ddc530 method=java.util.zip.InflaterInputStream.read([BII)I @ 100 c2
Event: 1.245 Thread 0x000001b736f8f000 DEOPT PACKING pc=0x000001b743ddc530 sp=0x00000040cc6fe7c0
Event: 1.245 Thread 0x000001b736f8f000 DEOPT UNPACKING pc=0x000001b73c2ca1af sp=0x00000040cc6fe820 mode 2
Event: 1.296 Thread 0x000001b736f8f000 Uncommon trap: trap_request=0xffffff4d fr.pc=0x000001b743df6780 relative=0x00000000000005c0
Event: 1.296 Thread 0x000001b736f8f000 Uncommon trap: reason=unstable_if action=reinterpret pc=0x000001b743df6780 method=java.lang.Integer.getChars(II[B)I @ 25 c2
Event: 1.296 Thread 0x000001b736f8f000 DEOPT PACKING pc=0x000001b743df6780 sp=0x00000040cc6fe850
Event: 1.296 Thread 0x000001b736f8f000 DEOPT UNPACKING pc=0x000001b73c2ca1af sp=0x00000040cc6fe740 mode 2
Event: 1.316 Thread 0x000001b736f8f000 Uncommon trap: trap_request=0xffffffcc fr.pc=0x000001b743df7670 relative=0x00000000000001b0
Event: 1.316 Thread 0x000001b736f8f000 Uncommon trap: reason=intrinsic_or_type_checked_inlining action=make_not_entrant pc=0x000001b743df7670 method=java.util.Arrays.copyOf([Ljava/lang/Object;ILjava/lang/Class;)[Ljava/lang/Object; @ 35 c2
Event: 1.316 Thread 0x000001b736f8f000 DEOPT PACKING pc=0x000001b743df7670 sp=0x00000040cc6fdb10
Event: 1.316 Thread 0x000001b736f8f000 DEOPT UNPACKING pc=0x000001b73c2ca1af sp=0x00000040cc6fdab8 mode 2
Event: 1.364 Thread 0x000001b736f8f000 Uncommon trap: trap_request=0xffffff4d fr.pc=0x000001b743db5fb8 relative=0x0000000000000198
Event: 1.364 Thread 0x000001b736f8f000 Uncommon trap: reason=unstable_if action=reinterpret pc=0x000001b743db5fb8 method=java.lang.String.startsWith(Ljava/lang/String;I)Z @ 1 c2
Event: 1.364 Thread 0x000001b736f8f000 DEOPT PACKING pc=0x000001b743db5fb8 sp=0x00000040cc6fe130
Event: 1.364 Thread 0x000001b736f8f000 DEOPT UNPACKING pc=0x000001b73c2ca1af sp=0x00000040cc6fe0a0 mode 2

Classes redefined (0 events):
No events

Internal exceptions (20 events):
Event: 0.995 Thread 0x000001b736f8f000 Exception <a 'java/lang/NoSuchMethodError'{0x0000000710732710}: 'long java.lang.invoke.DirectMethodHandle$Holder.invokeStatic(java.lang.Object)'> (0x0000000710732710) thrown at [./src/hotspot/share/interpreter/linkResolver.cpp, line 773]
Event: 0.995 Thread 0x000001b736f8f000 Exception <a 'java/lang/NoSuchMethodError'{0x0000000710735568}: 'long java.lang.invoke.DirectMethodHandle$Holder.invokeStaticInit(java.lang.Object)'> (0x0000000710735568) thrown at [./src/hotspot/share/interpreter/linkResolver.cpp, line 773]
Event: 1.066 Thread 0x000001b736f8f000 Exception <a 'java/lang/NoSuchMethodError'{0x0000000712a7df58}: 'int java.lang.invoke.DirectMethodHandle$Holder.invokeStaticInit(java.lang.Object, java.lang.Object, java.lang.Object)'> (0x0000000712a7df58) thrown at [./src/hotspot/share/interpreter/linkResolver.cpp, line 773]
Event: 1.069 Thread 0x000001b736f8f000 Exception <a 'java/lang/NoSuchMethodError'{0x0000000712aa9bb8}: 'int java.lang.invoke.DirectMethodHandle$Holder.invokeStaticInit(java.lang.Object, java.lang.Object)'> (0x0000000712aa9bb8) thrown at [./src/hotspot/share/interpreter/linkResolver.cpp, line 773]
Event: 1.108 Thread 0x000001b736f8f000 Exception <a 'java/lang/NoSuchMethodError'{0x00000007128ba788}: 'void java.lang.invoke.DirectMethodHandle$Holder.invokeSpecial(java.lang.Object, java.lang.Object)'> (0x00000007128ba788) thrown at [./src/hotspot/share/interpreter/linkResolver.cpp, line 773]
Event: 1.256 Thread 0x000001b736f8f000 Exception <a 'java/lang/NoSuchMethodError'{0x00000007120e6340}: 'java.lang.Object java.lang.invoke.DirectMethodHandle$Holder.invokeStatic(java.lang.Object, java.lang.Object, java.lang.Object, java.lang.Object, java.lang.Object, java.lang.Object, java.lang.Object, java.lang.Object, java.lang.Object, java.lang.Object, java.lang.Object, java.lang.Object, java.lang.Object, java.lang.Object, java.lang.Object)'> (0x00000007120e6340) thrown at [./src/hotspot/share/interpreter/linkResolver.cpp, line 773]
Event: 1.257 Thread 0x000001b736f8f000 Exception <a 'java/lang/NoSuchMethodError'{0x00000007120f4348}: 'java.lang.Object java.lang.invoke.DirectMethodHandle$Holder.invokeStatic(java.lang.Object, java.lang.Object, java.lang.Object, java.lang.Object, java.lang.Object, java.lang.Object, java.lang.Object, java.lang.Object, java.lang.Object, java.lang.Object, java.lang.Object, java.lang.Object, java.lang.Object, java.lang.Object, java.lang.Object, java.lang.Object)'> (0x00000007120f4348) thrown at [./src/hotspot/share/interpreter/linkResolver.cpp, l
Event: 1.258 Thread 0x000001b736f8f000 Exception <a 'java/lang/NoSuchMethodError'{0x0000000711f02800}: 'java.lang.Object java.lang.invoke.DirectMethodHandle$Holder.invokeSpecial(java.lang.Object, java.lang.Object, int, int, java.lang.Object, java.lang.Object, java.lang.Object)'> (0x0000000711f02800) thrown at [./src/hotspot/share/interpreter/linkResolver.cpp, line 773]
Event: 1.259 Thread 0x000001b736f8f000 Exception <a 'java/lang/NoSuchMethodError'{0x0000000711f06038}: 'java.lang.Object java.lang.invoke.DelegatingMethodHandle$Holder.reinvoke_L(java.lang.Object, int, int, java.lang.Object, java.lang.Object, java.lang.Object)'> (0x0000000711f06038) thrown at [./src/hotspot/share/interpreter/linkResolver.cpp, line 773]
Event: 1.259 Thread 0x000001b736f8f000 Exception <a 'java/lang/NoSuchMethodError'{0x0000000711f0a3c0}: 'java.lang.Object java.lang.invoke.DirectMethodHandle$Holder.invokeStatic(java.lang.Object, java.lang.Object, java.lang.Object, java.lang.Object, int)'> (0x0000000711f0a3c0) thrown at [./src/hotspot/share/interpreter/linkResolver.cpp, line 773]
Event: 1.296 Thread 0x000001b736f8f000 Exception <a 'sun/nio/fs/WindowsException'{0x0000000711e49528}> (0x0000000711e49528) thrown at [./src/hotspot/share/prims/jni.cpp, line 615]
Event: 1.296 Thread 0x000001b736f8f000 Exception <a 'sun/nio/fs/WindowsException'{0x0000000711e49da0}> (0x0000000711e49da0) thrown at [./src/hotspot/share/prims/jni.cpp, line 615]
Event: 1.296 Thread 0x000001b736f8f000 Exception <a 'sun/nio/fs/WindowsException'{0x0000000711e4a638}> (0x0000000711e4a638) thrown at [./src/hotspot/share/prims/jni.cpp, line 615]
Event: 1.296 Thread 0x000001b736f8f000 Exception <a 'sun/nio/fs/WindowsException'{0x0000000711e4b030}> (0x0000000711e4b030) thrown at [./src/hotspot/share/prims/jni.cpp, line 615]
Event: 1.296 Thread 0x000001b736f8f000 Exception <a 'sun/nio/fs/WindowsException'{0x0000000711e4b938}> (0x0000000711e4b938) thrown at [./src/hotspot/share/prims/jni.cpp, line 615]
Event: 1.296 Thread 0x000001b736f8f000 Exception <a 'sun/nio/fs/WindowsException'{0x0000000711e4c270}> (0x0000000711e4c270) thrown at [./src/hotspot/share/prims/jni.cpp, line 615]
Event: 1.298 Thread 0x000001b736f8f000 Exception <a 'java/lang/NoSuchMethodError'{0x0000000711e52aa8}: 'void java.lang.invoke.DirectMethodHandle$Holder.invokeStatic(java.lang.Object, java.lang.Object, java.lang.Object, java.lang.Object)'> (0x0000000711e52aa8) thrown at [./src/hotspot/share/interpreter/linkResolver.cpp, line 773]
Event: 1.349 Thread 0x000001b736f8f000 Exception <a 'java/lang/NoSuchMethodError'{0x0000000711a30c50}: 'void java.lang.invoke.DirectMethodHandle$Holder.invokeStaticInit(java.lang.Object, java.lang.Object)'> (0x0000000711a30c50) thrown at [./src/hotspot/share/interpreter/linkResolver.cpp, line 773]
Event: 1.405 Thread 0x000001b736f8f000 Exception <a 'java/lang/NoSuchMethodError'{0x0000000711650310}: 'void java.lang.invoke.DirectMethodHandle$Holder.invokeVirtual(java.lang.Object, java.lang.Object)'> (0x0000000711650310) thrown at [./src/hotspot/share/interpreter/linkResolver.cpp, line 773]
Event: 1.412 Thread 0x000001b736f8f000 Exception <a 'java/lang/NoSuchMethodError'{0x00000007116c32b0}: 'int java.lang.invoke.DirectMethodHandle$Holder.invokeVirtual(java.lang.Object, java.lang.Object)'> (0x00000007116c32b0) thrown at [./src/hotspot/share/interpreter/linkResolver.cpp, line 773]

Events (20 events):
Event: 1.442 loading class org/jetbrains/kotlin/psi/KtElementImplStub
Event: 1.442 loading class org/jetbrains/kotlin/psi/KtElementImplStub done
Event: 1.442 loading class org/jetbrains/kotlin/psi/stubs/elements/KtStubElementType
Event: 1.442 loading class org/jetbrains/kotlin/psi/stubs/elements/KtStubElementType done
Event: 1.442 loading class org/jetbrains/kotlin/psi/stubs/elements/KtFunctionElementType
Event: 1.442 loading class org/jetbrains/kotlin/psi/stubs/elements/KtFunctionElementType done
Event: 1.443 loading class org/jetbrains/kotlin/psi/stubs/KotlinFunctionStub
Event: 1.443 loading class org/jetbrains/kotlin/psi/stubs/KotlinFunctionStub done
Event: 1.443 loading class org/jetbrains/kotlin/psi/stubs/KotlinCallableStubBase
Event: 1.443 loading class org/jetbrains/kotlin/psi/stubs/KotlinCallableStubBase done
Event: 1.443 loading class org/jetbrains/kotlin/psi/KtNamedFunction
Event: 1.443 loading class org/jetbrains/kotlin/psi/KtNamedFunction done
Event: 1.443 loading class org/jetbrains/kotlin/psi/KtDeclarationWithInitializer
Event: 1.443 loading class org/jetbrains/kotlin/psi/KtDeclarationWithInitializer done
Event: 1.444 loading class org/jetbrains/kotlin/psi/KtFunction
Event: 1.444 loading class org/jetbrains/kotlin/psi/KtFunction done
Event: 1.444 loading class org/jetbrains/kotlin/psi/KtCallableDeclaration
Event: 1.444 loading class org/jetbrains/kotlin/psi/KtCallableDeclaration done
Event: 1.446 loading class org/jetbrains/kotlin/psi/KtDeclarationWithBody
Event: 1.446 loading class org/jetbrains/kotlin/psi/KtDeclarationWithBody done


Dynamic libraries:
0x00007ff6096e0000 - 0x00007ff6096ea000 	C:\Program Files\Android\Android Studio\jre\bin\java.exe
0x00007ffc336f0000 - 0x00007ffc338e7000 	C:\WINDOWS\SYSTEM32\ntdll.dll
0x00007ffc32fc0000 - 0x00007ffc3307d000 	C:\WINDOWS\System32\KERNEL32.DLL
0x00007ffc31240000 - 0x00007ffc3150d000 	C:\WINDOWS\System32\KERNELBASE.dll
0x00007ffc310f0000 - 0x00007ffc311f0000 	C:\WINDOWS\System32\ucrtbase.dll
0x00007ffc29b70000 - 0x00007ffc29b89000 	C:\Program Files\Android\Android Studio\jre\bin\jli.dll
0x00007ffc24c30000 - 0x00007ffc24c47000 	C:\Program Files\Android\Android Studio\jre\bin\VCRUNTIME140.dll
0x00007ffc32940000 - 0x00007ffc32ae0000 	C:\WINDOWS\System32\USER32.dll
0x00007ffc041f0000 - 0x00007ffc0448a000 	C:\WINDOWS\WinSxS\amd64_microsoft.windows.common-controls_6595b64144ccf1df_6.0.19041.1110_none_60b5254171f9507e\COMCTL32.dll
0x00007ffc310c0000 - 0x00007ffc310e2000 	C:\WINDOWS\System32\win32u.dll
0x00007ffc32f20000 - 0x00007ffc32fbe000 	C:\WINDOWS\System32\msvcrt.dll
0x00007ffc33080000 - 0x00007ffc330aa000 	C:\WINDOWS\System32\GDI32.dll
0x00007ffc31610000 - 0x00007ffc3171b000 	C:\WINDOWS\System32\gdi32full.dll
0x00007ffc31020000 - 0x00007ffc310bd000 	C:\WINDOWS\System32\msvcp_win.dll
0x00007ffc33470000 - 0x00007ffc334a0000 	C:\WINDOWS\System32\IMM32.DLL
0x00007ffbedae0000 - 0x00007ffbedb7d000 	C:\Program Files\Android\Android Studio\jre\bin\msvcp140.dll
0x00007ffbf1120000 - 0x00007ffbf1c05000 	C:\Program Files\Android\Android Studio\jre\bin\server\jvm.dll
0x00007ffc31e40000 - 0x00007ffc31eee000 	C:\WINDOWS\System32\ADVAPI32.dll
0x00007ffc32c70000 - 0x00007ffc32d0c000 	C:\WINDOWS\System32\sechost.dll
0x00007ffc326f0000 - 0x00007ffc32815000 	C:\WINDOWS\System32\RPCRT4.dll
0x00007ffc32b40000 - 0x00007ffc32b48000 	C:\WINDOWS\System32\PSAPI.DLL
0x00007ffc20650000 - 0x00007ffc20677000 	C:\WINDOWS\SYSTEM32\WINMM.dll
0x00007ffc2a160000 - 0x00007ffc2a169000 	C:\WINDOWS\SYSTEM32\WSOCK32.dll
0x00007ffc25f80000 - 0x00007ffc25f8a000 	C:\WINDOWS\SYSTEM32\VERSION.dll
0x00007ffc32bd0000 - 0x00007ffc32c3b000 	C:\WINDOWS\System32\WS2_32.dll
0x00007ffc2f5e0000 - 0x00007ffc2f5f2000 	C:\WINDOWS\SYSTEM32\kernel.appcore.dll
0x00007ffc297e0000 - 0x00007ffc297f1000 	C:\Program Files\Android\Android Studio\jre\bin\verify.dll
0x00007ffc2f280000 - 0x00007ffc2f464000 	C:\WINDOWS\SYSTEM32\DBGHELP.DLL
0x00007ffc25190000 - 0x00007ffc251bc000 	C:\WINDOWS\SYSTEM32\dbgcore.DLL
0x00007ffc31580000 - 0x00007ffc31602000 	C:\WINDOWS\System32\bcryptPrimitives.dll
0x00007ffc24390000 - 0x00007ffc243b9000 	C:\Program Files\Android\Android Studio\jre\bin\java.dll
0x00007ffc29fa0000 - 0x00007ffc29fab000 	C:\Program Files\Android\Android Studio\jre\bin\jimage.dll
0x00007ffc23ef0000 - 0x00007ffc23f08000 	C:\Program Files\Android\Android Studio\jre\bin\zip.dll
0x00007ffc31ef0000 - 0x00007ffc32634000 	C:\WINDOWS\System32\SHELL32.dll
0x00007ffc2ead0000 - 0x00007ffc2f264000 	C:\WINDOWS\SYSTEM32\windows.storage.dll
0x00007ffc33110000 - 0x00007ffc33464000 	C:\WINDOWS\System32\combase.dll
0x00007ffc30790000 - 0x00007ffc307bc000 	C:\WINDOWS\SYSTEM32\Wldp.dll
0x00007ffc31ca0000 - 0x00007ffc31d4d000 	C:\WINDOWS\System32\SHCORE.dll
0x00007ffc32d10000 - 0x00007ffc32d65000 	C:\WINDOWS\System32\shlwapi.dll
0x00007ffc30d50000 - 0x00007ffc30d6f000 	C:\WINDOWS\SYSTEM32\profapi.dll
0x00007ffc23df0000 - 0x00007ffc23e0a000 	C:\Program Files\Android\Android Studio\jre\bin\net.dll
0x00007ffc2fe20000 - 0x00007ffc2ff2a000 	C:\WINDOWS\SYSTEM32\WINHTTP.dll
0x00007ffc30570000 - 0x00007ffc305da000 	C:\WINDOWS\system32\mswsock.dll
0x00007ffc21eb0000 - 0x00007ffc21ec4000 	C:\Program Files\Android\Android Studio\jre\bin\nio.dll

dbghelp: loaded successfully - version: 4.0.5 - missing functions: none
symbol engine: initialized successfully - sym options: 0x614 - pdb path: .;C:\Program Files\Android\Android Studio\jre\bin;C:\WINDOWS\SYSTEM32;C:\WINDOWS\WinSxS\amd64_microsoft.windows.common-controls_6595b64144ccf1df_6.0.19041.1110_none_60b5254171f9507e;C:\Program Files\Android\Android Studio\jre\bin\server

VM Arguments:
java_command: org.jetbrains.kotlin.cli.jvm.K2JVMCompiler @C:\Users\gmaxim\AndroidStudioProjects\MyApplication3\app\build\20220619_15554267569856132576.compiler.options
java_class_path (initial): C:\Users\gmaxim\.gradle\caches\modules-2\files-2.1\org.jetbrains.kotlin\kotlin-compiler-embeddable\1.6.10\88f2073f4020cdb83132cfe940ceb9a60aba54ea\kotlin-compiler-embeddable-1.6.10.jar;C:\Users\gmaxim\.gradle\caches\modules-2\files-2.1\org.jetbrains.kotlin\kotlin-reflect\1.6.10\1cbe9c92c12a94eea200d23c2bbaedaf3daf5132\kotlin-reflect-1.6.10.jar;C:\Users\gmaxim\.gradle\caches\modules-2\files-2.1\org.jetbrains.kotlin\kotlin-stdlib\1.6.10\b8af3fe6f1ca88526914929add63cf5e7c5049af\kotlin-stdlib-1.6.10.jar;C:\Users\gmaxim\.gradle\caches\modules-2\files-2.1\org.jetbrains.kotlin\kotlin-script-runtime\1.6.10\d0a7ff2e2500ef497ed0214ae40ad3c8387a6164\kotlin-script-runtime-1.6.10.jar;C:\Users\gmaxim\.gradle\caches\modules-2\files-2.1\org.jetbrains.kotlin\kotlin-daemon-embeddable\1.6.10\a56d79bcbea411fa6058e4ecffc2de73e742bd2a\kotlin-daemon-embeddable-1.6.10.jar;C:\Users\gmaxim\.gradle\caches\modules-2\files-2.1\org.jetbrains.intellij.deps\trove4j\1.0.20181211\216c2e14b070f334479d800987affe4054cd563f\trove4j-1.0.20181211.jar;C:\Users\gmaxim\.gradle\caches\modules-2\files-2.1\net.java.dev.jna\jna\5.6.0\330f2244e9030119ab3030fc3fededc86713d9cc\jna-5.6.0.jar;C:\Users\gmaxim\.gradle\caches\modules-2\files-2.1\org.jetbrains\annotations\13.0\919f0dfe192fb4e063e7dacadee7f8bb9a2672a9\annotations-13.0.jar;C:\Users\gmaxim\.gradle\caches\modules-2\files-2.1\org.jetbrains.kotlin\kotlin-stdlib-common\1.6.10\c118700e3a33c8a0d9adc920e9dec0831171925\kotlin-stdlib-common-1.6.10.jar
Launcher Type: SUN_STANDARD

[Global flags]
     intx CICompilerCount                          = 4                                         {product} {ergonomic}
     uint ConcGCThreads                            = 3                                         {product} {ergonomic}
     uint G1ConcRefinementThreads                  = 10                                        {product} {ergonomic}
   size_t G1HeapRegionSize                         = 1048576                                   {product} {ergonomic}
    uintx GCDrainStackTargetSize                   = 64                                        {product} {ergonomic}
   size_t InitialHeapSize                          = 266338304                                 {product} {ergonomic}
   size_t MarkStackSize                            = 4194304                                   {product} {ergonomic}
   size_t MaxHeapSize                              = 4246732800                                {product} {ergonomic}
   size_t MaxNewSize                               = 2548039680                                {product} {ergonomic}
   size_t MinHeapDeltaBytes                        = 1048576                                   {product} {ergonomic}
    uintx NonNMethodCodeHeapSize                   = 5836300                                {pd product} {ergonomic}
    uintx NonProfiledCodeHeapSize                  = 122910970                              {pd product} {ergonomic}
    uintx ProfiledCodeHeapSize                     = 122910970                              {pd product} {ergonomic}
    uintx ReservedCodeCacheSize                    = 251658240                              {pd product} {ergonomic}
     bool SegmentedCodeCache                       = true                                      {product} {ergonomic}
     bool UseCompressedClassPointers               = true                                 {lp64_product} {ergonomic}
     bool UseCompressedOops                        = true                                 {lp64_product} {ergonomic}
     bool UseG1GC                                  = true                                      {product} {ergonomic}
     bool UseLargePagesIndividualAllocation        = false                                  {pd product} {ergonomic}

Logging:
Log output configuration:
 #0: stdout all=warning uptime,level,tags
 #1: stderr all=off uptime,level,tags

Environment Variables:
JAVA_HOME=C:\Program Files\Java\jdk-18.0.1.1
PATH=C:\Program Files\Common Files\Oracle\Java\javapath;C:\Program Files\Python310\Scripts\;C:\Program Files\Python310\;D:\Programs\Python310\Scripts\;D:\Programs\Python310\;C:\Python38\Scripts\;C:\Python38\;C:\WINDOWS\system32;C:\WINDOWS;C:\WINDOWS\System32\Wbem;C:\WINDOWS\System32\WindowsPowerShell\v1.0\;C:\WINDOWS\System32\OpenSSH\;D:\php-7.3.10-nts-Win32-VC15-x64;C:\Program Files\Docker\Docker\resources\bin;C:\ProgramData\chocolatey\bin;C:\Users\gmaxim\AppData\Local\Programs\Python\Python38-32\Scripts\;C:\Users\gmaxim\AppData\Local\Programs\Python\Python38-32\;C:\Users\gmaxim\AppData\Local\Programs\Python\Python38-32\python.exe;C:\Users\gmaxim\Desktop\zip.exe;C:\Program Files\dotnet\;C:\Program Files\MongoDB\Server\4.2\bin;C:\Program Files\Git\cmd;C:\Program Files\Java\jdk-18.0.1.1\bin;C:\Python38\Scripts\;C:\Python38\;C:\ProgramData\DockerDesktop\version-bin;C:\Program Files\Docker\Docker\Resources\bin;C:\Windows\system32;C:\Windows;C:\Windows\System32\Wbem;C:\Windows\System32\WindowsPowerShell\v1.0\;C:\Windows\System32\OpenSSH\;D:\php-7.3.10-nts-Win32-VC15-x64;C:\Program Files\Docker\Docker\resources\bin;C:\ProgramData\chocolatey\bin;C:\Users\gmaxim\AppData\Local\Programs\Python\Python38-32\Scripts\;C:\Users\gmaxim\AppData\Local\Programs\Python\Python38-32\;C:\Users\gmaxim\AppData\Local\Programs\Python\Python38-32\python.exe;C:\Users\gmaxim\Desktop\zip.exe;C:\Program Files\dotnet\;C:\Program Files\Microsoft SQL Server\130\Tools\Binn\;C:\Program Files\PuTTY\;C:\Program Files\MongoDB\Server\4.2\bin;C:\Program Files\nodejs\;C:\Program Files\Git\cmd;C:\Users\gmaxim\AppData\Local\Microsoft\WindowsApps;C:\Program Files\JetBrains\PhpStorm 2019.2.3\bin;C:\Program Files (x86)\clisp-2.49;C:\Program Files\JetBrains\IntelliJ IDEA 2019.3.3\bin;C:\Users\gmaxim\AppData\Roaming\npm\;C:\Program Files\JetBrains\IntelliJ IDEA Community Edition 2020.3\bin;;C:\Users\gmaxim\AppData\Local\Programs\mongosh\;D:\GO\;C:\Users\gmaxim\AppData\Local\Microsoft\WindowsApps;;D:\Programs\Microsof
USERNAME=gmaxim
OS=Windows_NT
PROCESSOR_IDENTIFIER=Intel64 Family 6 Model 158 Stepping 10, GenuineIntel



---------------  S Y S T E M  ---------------

OS: Windows 10 , 64 bit Build 19041 (10.0.19041.1741)
OS uptime: 2 days 20:30 hours
Hyper-V role detected

CPU:total 12 (initial active 12) (6 cores per cpu, 2 threads per core) family 6 model 158 stepping 10 microcode 0xb4, cmov, cx8, fxsr, mmx, sse, sse2, sse3, ssse3, sse4.1, sse4.2, popcnt, avx, avx2, aes, clmul, erms, rtm, 3dnowpref, lzcnt, ht, tsc, tscinvbit, bmi1, bmi2, adx, fma

Memory: 4k page, system-wide physical 16198M (1495M free)
TotalPageFile size 22246M (AvailPageFile size 3M)
current process WorkingSet (physical memory assigned to process): 151M, peak: 151M
current process commit charge ("private bytes"): 397M, peak: 397M

vm_info: OpenJDK 64-Bit Server VM (11.0.12+7-b1504.28-7817840) for windows-amd64 JRE (11.0.12+7-b1504.28-7817840), built on Oct 13 2021 22:12:33 by "builder" with MS VC++ 14.0 (VS2015)

END.
